
*** Running vivado
    with args -log Gyro_Demo.vds -m64 -product Vivado -mode batch -messageDb vivado.pb -notrace -source Gyro_Demo.tcl


****** Vivado v2018.3 (64-bit)
  **** SW Build 2405991 on Thu Dec  6 23:38:27 MST 2018
  **** IP Build 2404404 on Fri Dec  7 01:43:56 MST 2018
    ** Copyright 1986-2018 Xilinx, Inc. All Rights Reserved.

source Gyro_Demo.tcl -notrace
INFO: [IP_Flow 19-234] Refreshing IP repositories
INFO: [IP_Flow 19-1700] Loaded user IP repository 'c:/Users/81330/Desktop/FPGA/SEA/Examples/FPGA/4.Module-Interface/Mini-HDMI-Interface/HDMI_Demo/HDMI_Demo.ip_user_files/ip/rgb2dvi_0'.
INFO: [IP_Flow 19-1700] Loaded user IP repository 'c:/Users/81330/Desktop/FPGA/SEA/Examples/FPGA/4.Module-Interface/Mini-HDMI-Interface/HDMI_Demo/HDMI_Demo.ip_user_files/ip/Picture_R_Rom'.
INFO: [IP_Flow 19-1700] Loaded user IP repository 'c:/Users/81330/Desktop/FPGA/SEA/Examples/FPGA/4.Module-Interface/Mini-HDMI-Interface/HDMI_Demo/HDMI_Demo.ip_user_files/ip/Picture_G_Rom'.
INFO: [IP_Flow 19-1700] Loaded user IP repository 'c:/Users/81330/Desktop/FPGA/SEA/Examples/FPGA/4.Module-Interface/Mini-HDMI-Interface/HDMI_Demo/HDMI_Demo.ip_user_files/ip/Picture_B_Rom'.
INFO: [IP_Flow 19-2313] Loaded Vivado IP repository 'E:/xilinxvivado/Vivado/2018.3/data/ip'.
Command: synth_design -top Gyro_Demo -part xc7s15ftgb196-1
Starting synth_design
Attempting to get a license for feature 'Synthesis' and/or device 'xc7s15'
INFO: [Common 17-349] Got license for feature 'Synthesis' and/or device 'xc7s15'
INFO: Launching helper process for spawning children vivado processes
INFO: Helper process launched with PID 10656 
---------------------------------------------------------------------------------
Starting RTL Elaboration : Time (s): cpu = 00:00:03 ; elapsed = 00:00:03 . Memory (MB): peak = 492.148 ; gain = 104.906
---------------------------------------------------------------------------------
INFO: [Synth 8-6157] synthesizing module 'Gyro_Demo' [C:/Users/81330/Desktop/FPGA/FPGA-Shake-Fighter/FPGA_Project/Gyro_Demo.v:23]
INFO: [Synth 8-6157] synthesizing module 'rgb2dvi_0' [C:/Users/81330/Gyro/Gyro.runs/synth_1/.Xil/Vivado-2336-DESKTOP-NRBLB6L/realtime/rgb2dvi_0_stub.v:6]
INFO: [Synth 8-6155] done synthesizing module 'rgb2dvi_0' (1#1) [C:/Users/81330/Gyro/Gyro.runs/synth_1/.Xil/Vivado-2336-DESKTOP-NRBLB6L/realtime/rgb2dvi_0_stub.v:6]
INFO: [Synth 8-6157] synthesizing module 'Driver_HDMI' [C:/Users/81330/Desktop/FPGA/SEA/Examples/FPGA/4.Module-Interface/Mini-HDMI-Interface/HDMI_Demo/HDMI_Demo.srcs/sources_1/new/Driver_HDMI.v:24]
	Parameter H_ACTIVE_1280_720 bound to: 16'b0000010100000000 
	Parameter H_FP_1280_720 bound to: 16'b0000000001101110 
	Parameter H_SYNC_1280_720 bound to: 16'b0000000000101000 
	Parameter H_BP_1280_720 bound to: 16'b0000000011011100 
	Parameter V_ACTIVE_1280_720 bound to: 16'b0000001011010000 
	Parameter V_FP_1280_720 bound to: 16'b0000000000000101 
	Parameter V_SYNC_1280_720 bound to: 16'b0000000000000101 
	Parameter V_BP_1280_720 bound to: 16'b0000000000010100 
	Parameter H_TOTAL_1280_720 bound to: 16'b0000011001110010 
	Parameter V_TOTAL_1280_720 bound to: 16'b0000001011101110 
	Parameter H_ACTIVE_1920_1080 bound to: 16'b0000011110000000 
	Parameter H_FP_1920_1080 bound to: 16'b0000000001011000 
	Parameter H_SYNC_1920_1080 bound to: 16'b0000000000101100 
	Parameter H_BP_1920_1080 bound to: 16'b0000000010010100 
	Parameter V_ACTIVE_1920_1080 bound to: 16'b0000010000111000 
	Parameter V_FP_1920_1080 bound to: 16'b0000000000000100 
	Parameter V_SYNC_1920_1080 bound to: 16'b0000000000000101 
	Parameter V_BP_1920_1080 bound to: 16'b0000000000100100 
	Parameter H_TOTAL_1920_1080 bound to: 16'b0000100010011000 
	Parameter V_TOTAL_1920_1080 bound to: 16'b0000010001100101 
INFO: [Synth 8-6155] done synthesizing module 'Driver_HDMI' (2#1) [C:/Users/81330/Desktop/FPGA/SEA/Examples/FPGA/4.Module-Interface/Mini-HDMI-Interface/HDMI_Demo/HDMI_Demo.srcs/sources_1/new/Driver_HDMI.v:24]
INFO: [Synth 8-6157] synthesizing module 'Video_Generator' [C:/Users/81330/Desktop/FPGA/SEA/Examples/FPGA/4.Module-Interface/Mini-HDMI-Interface/HDMI_Demo/HDMI_Demo.srcs/sources_1/new/Video_Generator.v:23]
INFO: [Synth 8-6157] synthesizing module 'Picture_R_Rom' [C:/Users/81330/Gyro/Gyro.runs/synth_1/.Xil/Vivado-2336-DESKTOP-NRBLB6L/realtime/Picture_R_Rom_stub.v:6]
INFO: [Synth 8-6155] done synthesizing module 'Picture_R_Rom' (3#1) [C:/Users/81330/Gyro/Gyro.runs/synth_1/.Xil/Vivado-2336-DESKTOP-NRBLB6L/realtime/Picture_R_Rom_stub.v:6]
INFO: [Synth 8-6157] synthesizing module 'Picture_G_Rom' [C:/Users/81330/Gyro/Gyro.runs/synth_1/.Xil/Vivado-2336-DESKTOP-NRBLB6L/realtime/Picture_G_Rom_stub.v:6]
INFO: [Synth 8-6155] done synthesizing module 'Picture_G_Rom' (4#1) [C:/Users/81330/Gyro/Gyro.runs/synth_1/.Xil/Vivado-2336-DESKTOP-NRBLB6L/realtime/Picture_G_Rom_stub.v:6]
INFO: [Synth 8-6157] synthesizing module 'Picture_B_Rom' [C:/Users/81330/Gyro/Gyro.runs/synth_1/.Xil/Vivado-2336-DESKTOP-NRBLB6L/realtime/Picture_B_Rom_stub.v:6]
INFO: [Synth 8-6155] done synthesizing module 'Picture_B_Rom' (5#1) [C:/Users/81330/Gyro/Gyro.runs/synth_1/.Xil/Vivado-2336-DESKTOP-NRBLB6L/realtime/Picture_B_Rom_stub.v:6]
INFO: [Synth 8-6155] done synthesizing module 'Video_Generator' (6#1) [C:/Users/81330/Desktop/FPGA/SEA/Examples/FPGA/4.Module-Interface/Mini-HDMI-Interface/HDMI_Demo/HDMI_Demo.srcs/sources_1/new/Video_Generator.v:23]
INFO: [Synth 8-6157] synthesizing module 'clk_wiz_0' [C:/Users/81330/Gyro/Gyro.runs/synth_1/.Xil/Vivado-2336-DESKTOP-NRBLB6L/realtime/clk_wiz_0_stub.v:5]
INFO: [Synth 8-6155] done synthesizing module 'clk_wiz_0' (7#1) [C:/Users/81330/Gyro/Gyro.runs/synth_1/.Xil/Vivado-2336-DESKTOP-NRBLB6L/realtime/clk_wiz_0_stub.v:5]
WARNING: [Synth 8-350] instance 'clk_10' of module 'clk_wiz_0' requires 5 connections, but only 3 given [C:/Users/81330/Desktop/FPGA/FPGA-Shake-Fighter/FPGA_Project/Gyro_Demo.v:153]
INFO: [Synth 8-6157] synthesizing module 'IOBUF' [E:/xilinxvivado/Vivado/2018.3/scripts/rt/data/unisim_comp.v:23615]
	Parameter DRIVE bound to: 12 - type: integer 
	Parameter IBUF_LOW_PWR bound to: TRUE - type: string 
	Parameter IOSTANDARD bound to: DEFAULT - type: string 
	Parameter SLEW bound to: SLOW - type: string 
INFO: [Synth 8-6155] done synthesizing module 'IOBUF' (8#1) [E:/xilinxvivado/Vivado/2018.3/scripts/rt/data/unisim_comp.v:23615]
INFO: [Synth 8-6157] synthesizing module 'Driver_Gyro' [C:/Users/81330/Desktop/FPGA/FPGA-Shake-Fighter/FPGA_Project/Driver_Gyro.v:31]
	Parameter State_Init bound to: 0 - type: integer 
	Parameter State_Temp bound to: 1 - type: integer 
	Parameter State_Gyro bound to: 2 - type: integer 
	Parameter State_Mag bound to: 3 - type: integer 
	Parameter State_Stop bound to: 4 - type: integer 
INFO: [Synth 8-6157] synthesizing module 'Clk_Division' [C:/Users/81330/Desktop/FPGA/FPGA-Shake-Fighter/FPGA_Project/Clk_Division.v:23]
INFO: [Synth 8-6155] done synthesizing module 'Clk_Division' (9#1) [C:/Users/81330/Desktop/FPGA/FPGA-Shake-Fighter/FPGA_Project/Clk_Division.v:23]
INFO: [Synth 8-155] case statement is not full and has no default [C:/Users/81330/Desktop/FPGA/FPGA-Shake-Fighter/FPGA_Project/Driver_Gyro.v:129]
INFO: [Synth 8-155] case statement is not full and has no default [C:/Users/81330/Desktop/FPGA/FPGA-Shake-Fighter/FPGA_Project/Driver_Gyro.v:278]
INFO: [Synth 8-155] case statement is not full and has no default [C:/Users/81330/Desktop/FPGA/FPGA-Shake-Fighter/FPGA_Project/Driver_Gyro.v:292]
WARNING: [Synth 8-6014] Unused sequential element Read_Req_reg was removed.  [C:/Users/81330/Desktop/FPGA/FPGA-Shake-Fighter/FPGA_Project/Driver_Gyro.v:180]
WARNING: [Synth 8-6014] Unused sequential element Write_Req_reg was removed.  [C:/Users/81330/Desktop/FPGA/FPGA-Shake-Fighter/FPGA_Project/Driver_Gyro.v:210]
INFO: [Synth 8-6155] done synthesizing module 'Driver_Gyro' (10#1) [C:/Users/81330/Desktop/FPGA/FPGA-Shake-Fighter/FPGA_Project/Driver_Gyro.v:31]
INFO: [Synth 8-6157] synthesizing module 'Driver_IIC' [C:/Users/81330/Desktop/FPGA/FPGA-Shake-Fighter/FPGA_Project/Driver_IIC.v:22]
	Parameter SCL_SUM bound to: 13'b0001111101000 
	Parameter IDLE bound to: 5'b00000 
	Parameter START0 bound to: 5'b00001 
	Parameter WRSADDR0 bound to: 5'b00010 
	Parameter ACK0 bound to: 5'b00011 
	Parameter WRRADDR bound to: 5'b00100 
	Parameter ACK1 bound to: 5'b00101 
	Parameter WRDATA bound to: 5'b00110 
	Parameter ACK2 bound to: 5'b00111 
	Parameter STOP bound to: 5'b01000 
	Parameter START1 bound to: 5'b01001 
	Parameter WRSADDR1 bound to: 5'b01010 
	Parameter ACK3 bound to: 5'b01011 
	Parameter RDDATA bound to: 5'b01100 
	Parameter NOACK bound to: 5'b01101 
	Parameter WRRADDR_H bound to: 5'b01110 
	Parameter ACK4 bound to: 5'b01111 
INFO: [Synth 8-155] case statement is not full and has no default [C:/Users/81330/Desktop/FPGA/FPGA-Shake-Fighter/FPGA_Project/Driver_IIC.v:333]
WARNING: [Synth 8-5788] Register IIC_Read_Data_reg in module Driver_IIC is has both Set and reset with same priority. This may cause simulation mismatches. Consider rewriting code  [C:/Users/81330/Desktop/FPGA/FPGA-Shake-Fighter/FPGA_Project/Driver_IIC.v:401]
INFO: [Synth 8-6155] done synthesizing module 'Driver_IIC' (11#1) [C:/Users/81330/Desktop/FPGA/FPGA-Shake-Fighter/FPGA_Project/Driver_IIC.v:22]
INFO: [Synth 8-6157] synthesizing module 'qspi_slave' [C:/Users/81330/Desktop/FPGA/FPGA-Shake-Fighter/FPGA_Project/qspi_slave.v:3]
	Parameter data_width bound to: 8 - type: integer 
	Parameter addr_width bound to: 32 - type: integer 
	Parameter dummy bound to: 4 - type: integer 
	Parameter INS_QWrite_Quad bound to: 8'b00110010 
	Parameter INS_FRead_Quad bound to: 8'b01101011 
INFO: [Synth 8-6155] done synthesizing module 'qspi_slave' (12#1) [C:/Users/81330/Desktop/FPGA/FPGA-Shake-Fighter/FPGA_Project/qspi_slave.v:3]
INFO: [Synth 8-6157] synthesizing module 'blk_mem_gen_0' [C:/Users/81330/Gyro/Gyro.runs/synth_1/.Xil/Vivado-2336-DESKTOP-NRBLB6L/realtime/blk_mem_gen_0_stub.v:6]
INFO: [Synth 8-6155] done synthesizing module 'blk_mem_gen_0' (13#1) [C:/Users/81330/Gyro/Gyro.runs/synth_1/.Xil/Vivado-2336-DESKTOP-NRBLB6L/realtime/blk_mem_gen_0_stub.v:6]
WARNING: [Synth 8-689] width (32) of port connection 'addra' does not match port width (8) of module 'blk_mem_gen_0' [C:/Users/81330/Desktop/FPGA/FPGA-Shake-Fighter/FPGA_Project/Gyro_Demo.v:237]
WARNING: [Synth 8-689] width (8) of port connection 'douta' does not match port width (32) of module 'blk_mem_gen_0' [C:/Users/81330/Desktop/FPGA/FPGA-Shake-Fighter/FPGA_Project/Gyro_Demo.v:240]
WARNING: [Synth 8-689] width (32) of port connection 'addrb' does not match port width (8) of module 'blk_mem_gen_0' [C:/Users/81330/Desktop/FPGA/FPGA-Shake-Fighter/FPGA_Project/Gyro_Demo.v:242]
WARNING: [Synth 8-689] width (8) of port connection 'doutb' does not match port width (32) of module 'blk_mem_gen_0' [C:/Users/81330/Desktop/FPGA/FPGA-Shake-Fighter/FPGA_Project/Gyro_Demo.v:245]
INFO: [Synth 8-6157] synthesizing module 'Gyro2ram' [C:/Users/81330/Desktop/FPGA/FPGA-Shake-Fighter/FPGA_Project/Gyro2ram.v:23]
	Parameter MAX_D_value_T bound to: 16'b0100000000000000 
	Parameter MAX_D_value_F bound to: 16'b0111111111111111 
INFO: [Synth 8-6155] done synthesizing module 'Gyro2ram' (14#1) [C:/Users/81330/Desktop/FPGA/FPGA-Shake-Fighter/FPGA_Project/Gyro2ram.v:23]
WARNING: [Synth 8-689] width (32) of port connection 'addr' does not match port width (8) of module 'Gyro2ram' [C:/Users/81330/Desktop/FPGA/FPGA-Shake-Fighter/FPGA_Project/Gyro_Demo.v:270]
WARNING: [Synth 8-3848] Net temperature_data in module/entity Gyro_Demo does not have driver. [C:/Users/81330/Desktop/FPGA/FPGA-Shake-Fighter/FPGA_Project/Gyro_Demo.v:112]
WARNING: [Synth 8-3848] Net anglex_data in module/entity Gyro_Demo does not have driver. [C:/Users/81330/Desktop/FPGA/FPGA-Shake-Fighter/FPGA_Project/Gyro_Demo.v:113]
WARNING: [Synth 8-3848] Net angley_data in module/entity Gyro_Demo does not have driver. [C:/Users/81330/Desktop/FPGA/FPGA-Shake-Fighter/FPGA_Project/Gyro_Demo.v:114]
WARNING: [Synth 8-3848] Net anglez_data in module/entity Gyro_Demo does not have driver. [C:/Users/81330/Desktop/FPGA/FPGA-Shake-Fighter/FPGA_Project/Gyro_Demo.v:115]
WARNING: [Synth 8-3848] Net magx_data in module/entity Gyro_Demo does not have driver. [C:/Users/81330/Desktop/FPGA/FPGA-Shake-Fighter/FPGA_Project/Gyro_Demo.v:116]
WARNING: [Synth 8-3848] Net magy_data in module/entity Gyro_Demo does not have driver. [C:/Users/81330/Desktop/FPGA/FPGA-Shake-Fighter/FPGA_Project/Gyro_Demo.v:117]
WARNING: [Synth 8-3848] Net magz_data in module/entity Gyro_Demo does not have driver. [C:/Users/81330/Desktop/FPGA/FPGA-Shake-Fighter/FPGA_Project/Gyro_Demo.v:118]
INFO: [Synth 8-6155] done synthesizing module 'Gyro_Demo' (15#1) [C:/Users/81330/Desktop/FPGA/FPGA-Shake-Fighter/FPGA_Project/Gyro_Demo.v:23]
WARNING: [Synth 8-3917] design Gyro_Demo has port IIC_OE driven by constant 1
WARNING: [Synth 8-3917] design Gyro_Demo has port VCCEN driven by constant 1
WARNING: [Synth 8-3917] design Gyro_Demo has port VCC driven by constant 1
WARNING: [Synth 8-3917] design Gyro_Demo has port GND driven by constant 0
WARNING: [Synth 8-3331] design Video_Generator has unconnected port RGB_VDE
---------------------------------------------------------------------------------
Finished RTL Elaboration : Time (s): cpu = 00:00:04 ; elapsed = 00:00:04 . Memory (MB): peak = 548.316 ; gain = 161.074
---------------------------------------------------------------------------------

Report Check Netlist: 
+------+------------------+-------+---------+-------+------------------+
|      |Item              |Errors |Warnings |Status |Description       |
+------+------------------+-------+---------+-------+------------------+
|1     |multi_driven_nets |      0|        0|Passed |Multi driven nets |
+------+------------------+-------+---------+-------+------------------+
WARNING: [Synth 8-3295] tying undriven pin u_Gyro2ram:Temp_Data[15] to constant 0 [C:/Users/81330/Desktop/FPGA/FPGA-Shake-Fighter/FPGA_Project/Gyro_Demo.v:250]
WARNING: [Synth 8-3295] tying undriven pin u_Gyro2ram:Temp_Data[14] to constant 0 [C:/Users/81330/Desktop/FPGA/FPGA-Shake-Fighter/FPGA_Project/Gyro_Demo.v:250]
WARNING: [Synth 8-3295] tying undriven pin u_Gyro2ram:Temp_Data[13] to constant 0 [C:/Users/81330/Desktop/FPGA/FPGA-Shake-Fighter/FPGA_Project/Gyro_Demo.v:250]
WARNING: [Synth 8-3295] tying undriven pin u_Gyro2ram:Temp_Data[12] to constant 0 [C:/Users/81330/Desktop/FPGA/FPGA-Shake-Fighter/FPGA_Project/Gyro_Demo.v:250]
WARNING: [Synth 8-3295] tying undriven pin u_Gyro2ram:Temp_Data[11] to constant 0 [C:/Users/81330/Desktop/FPGA/FPGA-Shake-Fighter/FPGA_Project/Gyro_Demo.v:250]
WARNING: [Synth 8-3295] tying undriven pin u_Gyro2ram:Temp_Data[10] to constant 0 [C:/Users/81330/Desktop/FPGA/FPGA-Shake-Fighter/FPGA_Project/Gyro_Demo.v:250]
WARNING: [Synth 8-3295] tying undriven pin u_Gyro2ram:Temp_Data[9] to constant 0 [C:/Users/81330/Desktop/FPGA/FPGA-Shake-Fighter/FPGA_Project/Gyro_Demo.v:250]
WARNING: [Synth 8-3295] tying undriven pin u_Gyro2ram:Temp_Data[8] to constant 0 [C:/Users/81330/Desktop/FPGA/FPGA-Shake-Fighter/FPGA_Project/Gyro_Demo.v:250]
WARNING: [Synth 8-3295] tying undriven pin u_Gyro2ram:Temp_Data[7] to constant 0 [C:/Users/81330/Desktop/FPGA/FPGA-Shake-Fighter/FPGA_Project/Gyro_Demo.v:250]
WARNING: [Synth 8-3295] tying undriven pin u_Gyro2ram:Temp_Data[6] to constant 0 [C:/Users/81330/Desktop/FPGA/FPGA-Shake-Fighter/FPGA_Project/Gyro_Demo.v:250]
WARNING: [Synth 8-3295] tying undriven pin u_Gyro2ram:Temp_Data[5] to constant 0 [C:/Users/81330/Desktop/FPGA/FPGA-Shake-Fighter/FPGA_Project/Gyro_Demo.v:250]
WARNING: [Synth 8-3295] tying undriven pin u_Gyro2ram:Temp_Data[4] to constant 0 [C:/Users/81330/Desktop/FPGA/FPGA-Shake-Fighter/FPGA_Project/Gyro_Demo.v:250]
WARNING: [Synth 8-3295] tying undriven pin u_Gyro2ram:Temp_Data[3] to constant 0 [C:/Users/81330/Desktop/FPGA/FPGA-Shake-Fighter/FPGA_Project/Gyro_Demo.v:250]
WARNING: [Synth 8-3295] tying undriven pin u_Gyro2ram:Temp_Data[2] to constant 0 [C:/Users/81330/Desktop/FPGA/FPGA-Shake-Fighter/FPGA_Project/Gyro_Demo.v:250]
WARNING: [Synth 8-3295] tying undriven pin u_Gyro2ram:Temp_Data[1] to constant 0 [C:/Users/81330/Desktop/FPGA/FPGA-Shake-Fighter/FPGA_Project/Gyro_Demo.v:250]
WARNING: [Synth 8-3295] tying undriven pin u_Gyro2ram:Temp_Data[0] to constant 0 [C:/Users/81330/Desktop/FPGA/FPGA-Shake-Fighter/FPGA_Project/Gyro_Demo.v:250]
WARNING: [Synth 8-3295] tying undriven pin u_Gyro2ram:Gyro_Data_X[15] to constant 0 [C:/Users/81330/Desktop/FPGA/FPGA-Shake-Fighter/FPGA_Project/Gyro_Demo.v:250]
WARNING: [Synth 8-3295] tying undriven pin u_Gyro2ram:Gyro_Data_X[14] to constant 0 [C:/Users/81330/Desktop/FPGA/FPGA-Shake-Fighter/FPGA_Project/Gyro_Demo.v:250]
WARNING: [Synth 8-3295] tying undriven pin u_Gyro2ram:Gyro_Data_X[13] to constant 0 [C:/Users/81330/Desktop/FPGA/FPGA-Shake-Fighter/FPGA_Project/Gyro_Demo.v:250]
WARNING: [Synth 8-3295] tying undriven pin u_Gyro2ram:Gyro_Data_X[12] to constant 0 [C:/Users/81330/Desktop/FPGA/FPGA-Shake-Fighter/FPGA_Project/Gyro_Demo.v:250]
WARNING: [Synth 8-3295] tying undriven pin u_Gyro2ram:Gyro_Data_X[11] to constant 0 [C:/Users/81330/Desktop/FPGA/FPGA-Shake-Fighter/FPGA_Project/Gyro_Demo.v:250]
WARNING: [Synth 8-3295] tying undriven pin u_Gyro2ram:Gyro_Data_X[10] to constant 0 [C:/Users/81330/Desktop/FPGA/FPGA-Shake-Fighter/FPGA_Project/Gyro_Demo.v:250]
WARNING: [Synth 8-3295] tying undriven pin u_Gyro2ram:Gyro_Data_X[9] to constant 0 [C:/Users/81330/Desktop/FPGA/FPGA-Shake-Fighter/FPGA_Project/Gyro_Demo.v:250]
WARNING: [Synth 8-3295] tying undriven pin u_Gyro2ram:Gyro_Data_X[8] to constant 0 [C:/Users/81330/Desktop/FPGA/FPGA-Shake-Fighter/FPGA_Project/Gyro_Demo.v:250]
WARNING: [Synth 8-3295] tying undriven pin u_Gyro2ram:Gyro_Data_X[7] to constant 0 [C:/Users/81330/Desktop/FPGA/FPGA-Shake-Fighter/FPGA_Project/Gyro_Demo.v:250]
WARNING: [Synth 8-3295] tying undriven pin u_Gyro2ram:Gyro_Data_X[6] to constant 0 [C:/Users/81330/Desktop/FPGA/FPGA-Shake-Fighter/FPGA_Project/Gyro_Demo.v:250]
WARNING: [Synth 8-3295] tying undriven pin u_Gyro2ram:Gyro_Data_X[5] to constant 0 [C:/Users/81330/Desktop/FPGA/FPGA-Shake-Fighter/FPGA_Project/Gyro_Demo.v:250]
WARNING: [Synth 8-3295] tying undriven pin u_Gyro2ram:Gyro_Data_X[4] to constant 0 [C:/Users/81330/Desktop/FPGA/FPGA-Shake-Fighter/FPGA_Project/Gyro_Demo.v:250]
WARNING: [Synth 8-3295] tying undriven pin u_Gyro2ram:Gyro_Data_X[3] to constant 0 [C:/Users/81330/Desktop/FPGA/FPGA-Shake-Fighter/FPGA_Project/Gyro_Demo.v:250]
WARNING: [Synth 8-3295] tying undriven pin u_Gyro2ram:Gyro_Data_X[2] to constant 0 [C:/Users/81330/Desktop/FPGA/FPGA-Shake-Fighter/FPGA_Project/Gyro_Demo.v:250]
WARNING: [Synth 8-3295] tying undriven pin u_Gyro2ram:Gyro_Data_X[1] to constant 0 [C:/Users/81330/Desktop/FPGA/FPGA-Shake-Fighter/FPGA_Project/Gyro_Demo.v:250]
WARNING: [Synth 8-3295] tying undriven pin u_Gyro2ram:Gyro_Data_X[0] to constant 0 [C:/Users/81330/Desktop/FPGA/FPGA-Shake-Fighter/FPGA_Project/Gyro_Demo.v:250]
WARNING: [Synth 8-3295] tying undriven pin u_Gyro2ram:Gyro_Data_Y[15] to constant 0 [C:/Users/81330/Desktop/FPGA/FPGA-Shake-Fighter/FPGA_Project/Gyro_Demo.v:250]
WARNING: [Synth 8-3295] tying undriven pin u_Gyro2ram:Gyro_Data_Y[14] to constant 0 [C:/Users/81330/Desktop/FPGA/FPGA-Shake-Fighter/FPGA_Project/Gyro_Demo.v:250]
WARNING: [Synth 8-3295] tying undriven pin u_Gyro2ram:Gyro_Data_Y[13] to constant 0 [C:/Users/81330/Desktop/FPGA/FPGA-Shake-Fighter/FPGA_Project/Gyro_Demo.v:250]
WARNING: [Synth 8-3295] tying undriven pin u_Gyro2ram:Gyro_Data_Y[12] to constant 0 [C:/Users/81330/Desktop/FPGA/FPGA-Shake-Fighter/FPGA_Project/Gyro_Demo.v:250]
WARNING: [Synth 8-3295] tying undriven pin u_Gyro2ram:Gyro_Data_Y[11] to constant 0 [C:/Users/81330/Desktop/FPGA/FPGA-Shake-Fighter/FPGA_Project/Gyro_Demo.v:250]
WARNING: [Synth 8-3295] tying undriven pin u_Gyro2ram:Gyro_Data_Y[10] to constant 0 [C:/Users/81330/Desktop/FPGA/FPGA-Shake-Fighter/FPGA_Project/Gyro_Demo.v:250]
WARNING: [Synth 8-3295] tying undriven pin u_Gyro2ram:Gyro_Data_Y[9] to constant 0 [C:/Users/81330/Desktop/FPGA/FPGA-Shake-Fighter/FPGA_Project/Gyro_Demo.v:250]
WARNING: [Synth 8-3295] tying undriven pin u_Gyro2ram:Gyro_Data_Y[8] to constant 0 [C:/Users/81330/Desktop/FPGA/FPGA-Shake-Fighter/FPGA_Project/Gyro_Demo.v:250]
WARNING: [Synth 8-3295] tying undriven pin u_Gyro2ram:Gyro_Data_Y[7] to constant 0 [C:/Users/81330/Desktop/FPGA/FPGA-Shake-Fighter/FPGA_Project/Gyro_Demo.v:250]
WARNING: [Synth 8-3295] tying undriven pin u_Gyro2ram:Gyro_Data_Y[6] to constant 0 [C:/Users/81330/Desktop/FPGA/FPGA-Shake-Fighter/FPGA_Project/Gyro_Demo.v:250]
WARNING: [Synth 8-3295] tying undriven pin u_Gyro2ram:Gyro_Data_Y[5] to constant 0 [C:/Users/81330/Desktop/FPGA/FPGA-Shake-Fighter/FPGA_Project/Gyro_Demo.v:250]
WARNING: [Synth 8-3295] tying undriven pin u_Gyro2ram:Gyro_Data_Y[4] to constant 0 [C:/Users/81330/Desktop/FPGA/FPGA-Shake-Fighter/FPGA_Project/Gyro_Demo.v:250]
WARNING: [Synth 8-3295] tying undriven pin u_Gyro2ram:Gyro_Data_Y[3] to constant 0 [C:/Users/81330/Desktop/FPGA/FPGA-Shake-Fighter/FPGA_Project/Gyro_Demo.v:250]
WARNING: [Synth 8-3295] tying undriven pin u_Gyro2ram:Gyro_Data_Y[2] to constant 0 [C:/Users/81330/Desktop/FPGA/FPGA-Shake-Fighter/FPGA_Project/Gyro_Demo.v:250]
WARNING: [Synth 8-3295] tying undriven pin u_Gyro2ram:Gyro_Data_Y[1] to constant 0 [C:/Users/81330/Desktop/FPGA/FPGA-Shake-Fighter/FPGA_Project/Gyro_Demo.v:250]
WARNING: [Synth 8-3295] tying undriven pin u_Gyro2ram:Gyro_Data_Y[0] to constant 0 [C:/Users/81330/Desktop/FPGA/FPGA-Shake-Fighter/FPGA_Project/Gyro_Demo.v:250]
WARNING: [Synth 8-3295] tying undriven pin u_Gyro2ram:Gyro_Data_Z[15] to constant 0 [C:/Users/81330/Desktop/FPGA/FPGA-Shake-Fighter/FPGA_Project/Gyro_Demo.v:250]
WARNING: [Synth 8-3295] tying undriven pin u_Gyro2ram:Gyro_Data_Z[14] to constant 0 [C:/Users/81330/Desktop/FPGA/FPGA-Shake-Fighter/FPGA_Project/Gyro_Demo.v:250]
WARNING: [Synth 8-3295] tying undriven pin u_Gyro2ram:Gyro_Data_Z[13] to constant 0 [C:/Users/81330/Desktop/FPGA/FPGA-Shake-Fighter/FPGA_Project/Gyro_Demo.v:250]
WARNING: [Synth 8-3295] tying undriven pin u_Gyro2ram:Gyro_Data_Z[12] to constant 0 [C:/Users/81330/Desktop/FPGA/FPGA-Shake-Fighter/FPGA_Project/Gyro_Demo.v:250]
WARNING: [Synth 8-3295] tying undriven pin u_Gyro2ram:Gyro_Data_Z[11] to constant 0 [C:/Users/81330/Desktop/FPGA/FPGA-Shake-Fighter/FPGA_Project/Gyro_Demo.v:250]
WARNING: [Synth 8-3295] tying undriven pin u_Gyro2ram:Gyro_Data_Z[10] to constant 0 [C:/Users/81330/Desktop/FPGA/FPGA-Shake-Fighter/FPGA_Project/Gyro_Demo.v:250]
WARNING: [Synth 8-3295] tying undriven pin u_Gyro2ram:Gyro_Data_Z[9] to constant 0 [C:/Users/81330/Desktop/FPGA/FPGA-Shake-Fighter/FPGA_Project/Gyro_Demo.v:250]
WARNING: [Synth 8-3295] tying undriven pin u_Gyro2ram:Gyro_Data_Z[8] to constant 0 [C:/Users/81330/Desktop/FPGA/FPGA-Shake-Fighter/FPGA_Project/Gyro_Demo.v:250]
WARNING: [Synth 8-3295] tying undriven pin u_Gyro2ram:Gyro_Data_Z[7] to constant 0 [C:/Users/81330/Desktop/FPGA/FPGA-Shake-Fighter/FPGA_Project/Gyro_Demo.v:250]
WARNING: [Synth 8-3295] tying undriven pin u_Gyro2ram:Gyro_Data_Z[6] to constant 0 [C:/Users/81330/Desktop/FPGA/FPGA-Shake-Fighter/FPGA_Project/Gyro_Demo.v:250]
WARNING: [Synth 8-3295] tying undriven pin u_Gyro2ram:Gyro_Data_Z[5] to constant 0 [C:/Users/81330/Desktop/FPGA/FPGA-Shake-Fighter/FPGA_Project/Gyro_Demo.v:250]
WARNING: [Synth 8-3295] tying undriven pin u_Gyro2ram:Gyro_Data_Z[4] to constant 0 [C:/Users/81330/Desktop/FPGA/FPGA-Shake-Fighter/FPGA_Project/Gyro_Demo.v:250]
WARNING: [Synth 8-3295] tying undriven pin u_Gyro2ram:Gyro_Data_Z[3] to constant 0 [C:/Users/81330/Desktop/FPGA/FPGA-Shake-Fighter/FPGA_Project/Gyro_Demo.v:250]
WARNING: [Synth 8-3295] tying undriven pin u_Gyro2ram:Gyro_Data_Z[2] to constant 0 [C:/Users/81330/Desktop/FPGA/FPGA-Shake-Fighter/FPGA_Project/Gyro_Demo.v:250]
WARNING: [Synth 8-3295] tying undriven pin u_Gyro2ram:Gyro_Data_Z[1] to constant 0 [C:/Users/81330/Desktop/FPGA/FPGA-Shake-Fighter/FPGA_Project/Gyro_Demo.v:250]
WARNING: [Synth 8-3295] tying undriven pin u_Gyro2ram:Gyro_Data_Z[0] to constant 0 [C:/Users/81330/Desktop/FPGA/FPGA-Shake-Fighter/FPGA_Project/Gyro_Demo.v:250]
WARNING: [Synth 8-3295] tying undriven pin u_Gyro2ram:Mag_Data_X[15] to constant 0 [C:/Users/81330/Desktop/FPGA/FPGA-Shake-Fighter/FPGA_Project/Gyro_Demo.v:250]
WARNING: [Synth 8-3295] tying undriven pin u_Gyro2ram:Mag_Data_X[14] to constant 0 [C:/Users/81330/Desktop/FPGA/FPGA-Shake-Fighter/FPGA_Project/Gyro_Demo.v:250]
WARNING: [Synth 8-3295] tying undriven pin u_Gyro2ram:Mag_Data_X[13] to constant 0 [C:/Users/81330/Desktop/FPGA/FPGA-Shake-Fighter/FPGA_Project/Gyro_Demo.v:250]
WARNING: [Synth 8-3295] tying undriven pin u_Gyro2ram:Mag_Data_X[12] to constant 0 [C:/Users/81330/Desktop/FPGA/FPGA-Shake-Fighter/FPGA_Project/Gyro_Demo.v:250]
WARNING: [Synth 8-3295] tying undriven pin u_Gyro2ram:Mag_Data_X[11] to constant 0 [C:/Users/81330/Desktop/FPGA/FPGA-Shake-Fighter/FPGA_Project/Gyro_Demo.v:250]
WARNING: [Synth 8-3295] tying undriven pin u_Gyro2ram:Mag_Data_X[10] to constant 0 [C:/Users/81330/Desktop/FPGA/FPGA-Shake-Fighter/FPGA_Project/Gyro_Demo.v:250]
WARNING: [Synth 8-3295] tying undriven pin u_Gyro2ram:Mag_Data_X[9] to constant 0 [C:/Users/81330/Desktop/FPGA/FPGA-Shake-Fighter/FPGA_Project/Gyro_Demo.v:250]
WARNING: [Synth 8-3295] tying undriven pin u_Gyro2ram:Mag_Data_X[8] to constant 0 [C:/Users/81330/Desktop/FPGA/FPGA-Shake-Fighter/FPGA_Project/Gyro_Demo.v:250]
WARNING: [Synth 8-3295] tying undriven pin u_Gyro2ram:Mag_Data_X[7] to constant 0 [C:/Users/81330/Desktop/FPGA/FPGA-Shake-Fighter/FPGA_Project/Gyro_Demo.v:250]
WARNING: [Synth 8-3295] tying undriven pin u_Gyro2ram:Mag_Data_X[6] to constant 0 [C:/Users/81330/Desktop/FPGA/FPGA-Shake-Fighter/FPGA_Project/Gyro_Demo.v:250]
WARNING: [Synth 8-3295] tying undriven pin u_Gyro2ram:Mag_Data_X[5] to constant 0 [C:/Users/81330/Desktop/FPGA/FPGA-Shake-Fighter/FPGA_Project/Gyro_Demo.v:250]
WARNING: [Synth 8-3295] tying undriven pin u_Gyro2ram:Mag_Data_X[4] to constant 0 [C:/Users/81330/Desktop/FPGA/FPGA-Shake-Fighter/FPGA_Project/Gyro_Demo.v:250]
WARNING: [Synth 8-3295] tying undriven pin u_Gyro2ram:Mag_Data_X[3] to constant 0 [C:/Users/81330/Desktop/FPGA/FPGA-Shake-Fighter/FPGA_Project/Gyro_Demo.v:250]
WARNING: [Synth 8-3295] tying undriven pin u_Gyro2ram:Mag_Data_X[2] to constant 0 [C:/Users/81330/Desktop/FPGA/FPGA-Shake-Fighter/FPGA_Project/Gyro_Demo.v:250]
WARNING: [Synth 8-3295] tying undriven pin u_Gyro2ram:Mag_Data_X[1] to constant 0 [C:/Users/81330/Desktop/FPGA/FPGA-Shake-Fighter/FPGA_Project/Gyro_Demo.v:250]
WARNING: [Synth 8-3295] tying undriven pin u_Gyro2ram:Mag_Data_X[0] to constant 0 [C:/Users/81330/Desktop/FPGA/FPGA-Shake-Fighter/FPGA_Project/Gyro_Demo.v:250]
WARNING: [Synth 8-3295] tying undriven pin u_Gyro2ram:Mag_Data_Y[15] to constant 0 [C:/Users/81330/Desktop/FPGA/FPGA-Shake-Fighter/FPGA_Project/Gyro_Demo.v:250]
WARNING: [Synth 8-3295] tying undriven pin u_Gyro2ram:Mag_Data_Y[14] to constant 0 [C:/Users/81330/Desktop/FPGA/FPGA-Shake-Fighter/FPGA_Project/Gyro_Demo.v:250]
WARNING: [Synth 8-3295] tying undriven pin u_Gyro2ram:Mag_Data_Y[13] to constant 0 [C:/Users/81330/Desktop/FPGA/FPGA-Shake-Fighter/FPGA_Project/Gyro_Demo.v:250]
WARNING: [Synth 8-3295] tying undriven pin u_Gyro2ram:Mag_Data_Y[12] to constant 0 [C:/Users/81330/Desktop/FPGA/FPGA-Shake-Fighter/FPGA_Project/Gyro_Demo.v:250]
WARNING: [Synth 8-3295] tying undriven pin u_Gyro2ram:Mag_Data_Y[11] to constant 0 [C:/Users/81330/Desktop/FPGA/FPGA-Shake-Fighter/FPGA_Project/Gyro_Demo.v:250]
WARNING: [Synth 8-3295] tying undriven pin u_Gyro2ram:Mag_Data_Y[10] to constant 0 [C:/Users/81330/Desktop/FPGA/FPGA-Shake-Fighter/FPGA_Project/Gyro_Demo.v:250]
WARNING: [Synth 8-3295] tying undriven pin u_Gyro2ram:Mag_Data_Y[9] to constant 0 [C:/Users/81330/Desktop/FPGA/FPGA-Shake-Fighter/FPGA_Project/Gyro_Demo.v:250]
WARNING: [Synth 8-3295] tying undriven pin u_Gyro2ram:Mag_Data_Y[8] to constant 0 [C:/Users/81330/Desktop/FPGA/FPGA-Shake-Fighter/FPGA_Project/Gyro_Demo.v:250]
WARNING: [Synth 8-3295] tying undriven pin u_Gyro2ram:Mag_Data_Y[7] to constant 0 [C:/Users/81330/Desktop/FPGA/FPGA-Shake-Fighter/FPGA_Project/Gyro_Demo.v:250]
WARNING: [Synth 8-3295] tying undriven pin u_Gyro2ram:Mag_Data_Y[6] to constant 0 [C:/Users/81330/Desktop/FPGA/FPGA-Shake-Fighter/FPGA_Project/Gyro_Demo.v:250]
WARNING: [Synth 8-3295] tying undriven pin u_Gyro2ram:Mag_Data_Y[5] to constant 0 [C:/Users/81330/Desktop/FPGA/FPGA-Shake-Fighter/FPGA_Project/Gyro_Demo.v:250]
WARNING: [Synth 8-3295] tying undriven pin u_Gyro2ram:Mag_Data_Y[4] to constant 0 [C:/Users/81330/Desktop/FPGA/FPGA-Shake-Fighter/FPGA_Project/Gyro_Demo.v:250]
WARNING: [Synth 8-3295] tying undriven pin u_Gyro2ram:Mag_Data_Y[3] to constant 0 [C:/Users/81330/Desktop/FPGA/FPGA-Shake-Fighter/FPGA_Project/Gyro_Demo.v:250]
WARNING: [Synth 8-3295] tying undriven pin u_Gyro2ram:Mag_Data_Y[2] to constant 0 [C:/Users/81330/Desktop/FPGA/FPGA-Shake-Fighter/FPGA_Project/Gyro_Demo.v:250]
WARNING: [Synth 8-3295] tying undriven pin u_Gyro2ram:Mag_Data_Y[1] to constant 0 [C:/Users/81330/Desktop/FPGA/FPGA-Shake-Fighter/FPGA_Project/Gyro_Demo.v:250]
WARNING: [Synth 8-3295] tying undriven pin u_Gyro2ram:Mag_Data_Y[0] to constant 0 [C:/Users/81330/Desktop/FPGA/FPGA-Shake-Fighter/FPGA_Project/Gyro_Demo.v:250]
WARNING: [Synth 8-3295] tying undriven pin u_Gyro2ram:Mag_Data_Z[15] to constant 0 [C:/Users/81330/Desktop/FPGA/FPGA-Shake-Fighter/FPGA_Project/Gyro_Demo.v:250]
WARNING: [Synth 8-3295] tying undriven pin u_Gyro2ram:Mag_Data_Z[14] to constant 0 [C:/Users/81330/Desktop/FPGA/FPGA-Shake-Fighter/FPGA_Project/Gyro_Demo.v:250]
WARNING: [Synth 8-3295] tying undriven pin u_Gyro2ram:Mag_Data_Z[13] to constant 0 [C:/Users/81330/Desktop/FPGA/FPGA-Shake-Fighter/FPGA_Project/Gyro_Demo.v:250]
WARNING: [Synth 8-3295] tying undriven pin u_Gyro2ram:Mag_Data_Z[12] to constant 0 [C:/Users/81330/Desktop/FPGA/FPGA-Shake-Fighter/FPGA_Project/Gyro_Demo.v:250]
INFO: [Common 17-14] Message 'Synth 8-3295' appears 100 times and further instances of the messages will be disabled. Use the Tcl command set_msg_config to change the current settings.
---------------------------------------------------------------------------------
Start Handling Custom Attributes
---------------------------------------------------------------------------------
---------------------------------------------------------------------------------
Finished Handling Custom Attributes : Time (s): cpu = 00:00:04 ; elapsed = 00:00:04 . Memory (MB): peak = 548.316 ; gain = 161.074
---------------------------------------------------------------------------------
---------------------------------------------------------------------------------
Finished RTL Optimization Phase 1 : Time (s): cpu = 00:00:04 ; elapsed = 00:00:04 . Memory (MB): peak = 548.316 ; gain = 161.074
---------------------------------------------------------------------------------
INFO: [Netlist 29-17] Analyzing 1 Unisim elements for replacement
INFO: [Netlist 29-28] Unisim Transformation completed in 0 CPU seconds
INFO: [Device 21-403] Loading part xc7s15ftgb196-1
INFO: [Project 1-570] Preparing netlist for logic optimization

Processing XDC Constraints
Initializing timing engine
Parsing XDC File [c:/Users/81330/Gyro/Gyro.srcs/sources_1/ip/clk_wiz_0/clk_wiz_0/clk_wiz_0_in_context.xdc] for cell 'clk_10'
Finished Parsing XDC File [c:/Users/81330/Gyro/Gyro.srcs/sources_1/ip/clk_wiz_0/clk_wiz_0/clk_wiz_0_in_context.xdc] for cell 'clk_10'
Parsing XDC File [c:/Users/81330/Gyro/Gyro.srcs/sources_1/ip/blk_mem_gen_0/blk_mem_gen_0/blk_mem_gen_0_in_context.xdc] for cell 'u_blk_mem_gen_0'
Finished Parsing XDC File [c:/Users/81330/Gyro/Gyro.srcs/sources_1/ip/blk_mem_gen_0/blk_mem_gen_0/blk_mem_gen_0_in_context.xdc] for cell 'u_blk_mem_gen_0'
Parsing XDC File [c:/Users/81330/Gyro/Gyro.srcs/sources_1/ip/rgb2dvi_0/rgb2dvi_0/rgb2dvi_0_in_context.xdc] for cell 'rgb2dvi'
Finished Parsing XDC File [c:/Users/81330/Gyro/Gyro.srcs/sources_1/ip/rgb2dvi_0/rgb2dvi_0/rgb2dvi_0_in_context.xdc] for cell 'rgb2dvi'
Parsing XDC File [c:/Users/81330/Gyro/Gyro.srcs/sources_1/ip/Picture_R_Rom/Picture_R_Rom/Picture_R_Rom_in_context.xdc] for cell 'Video_Generator0/R_ROM'
Finished Parsing XDC File [c:/Users/81330/Gyro/Gyro.srcs/sources_1/ip/Picture_R_Rom/Picture_R_Rom/Picture_R_Rom_in_context.xdc] for cell 'Video_Generator0/R_ROM'
Parsing XDC File [c:/Users/81330/Gyro/Gyro.srcs/sources_1/ip/Picture_G_Rom/Picture_G_Rom/Picture_G_Rom_in_context.xdc] for cell 'Video_Generator0/G_ROM'
Finished Parsing XDC File [c:/Users/81330/Gyro/Gyro.srcs/sources_1/ip/Picture_G_Rom/Picture_G_Rom/Picture_G_Rom_in_context.xdc] for cell 'Video_Generator0/G_ROM'
Parsing XDC File [c:/Users/81330/Gyro/Gyro.srcs/sources_1/ip/Picture_B_Rom/Picture_B_Rom/Picture_B_Rom_in_context.xdc] for cell 'Video_Generator0/B_ROM'
Finished Parsing XDC File [c:/Users/81330/Gyro/Gyro.srcs/sources_1/ip/Picture_B_Rom/Picture_B_Rom/Picture_B_Rom_in_context.xdc] for cell 'Video_Generator0/B_ROM'
Parsing XDC File [C:/Users/81330/Desktop/FPGA/FPGA-Shake-Fighter/FPGA_Project/system.xdc]
WARNING: [Vivado 12-507] No nets matched 'I_qspi_clk_IBUF'. [C:/Users/81330/Desktop/FPGA/FPGA-Shake-Fighter/FPGA_Project/system.xdc:22]
Finished Parsing XDC File [C:/Users/81330/Desktop/FPGA/FPGA-Shake-Fighter/FPGA_Project/system.xdc]
WARNING: [Project 1-498] One or more constraints failed evaluation while reading constraint file [C:/Users/81330/Desktop/FPGA/FPGA-Shake-Fighter/FPGA_Project/system.xdc] and the design contains unresolved black boxes. These constraints will be read post-synthesis (as long as their source constraint file is marked as used_in_implementation) and should be applied correctly then. You should review the constraints listed in the file [.Xil/Gyro_Demo_propImpl.xdc] and check the run log file to verify that these constraints were correctly applied.
INFO: [Project 1-236] Implementation specific constraints were found while reading constraint file [C:/Users/81330/Desktop/FPGA/FPGA-Shake-Fighter/FPGA_Project/system.xdc]. These constraints will be ignored for synthesis but will be used in implementation. Impacted constraints are listed in the file [.Xil/Gyro_Demo_propImpl.xdc].
Resolution: To avoid this warning, move constraints listed in [.Xil/Gyro_Demo_propImpl.xdc] to another XDC file and exclude this new file from synthesis with the used_in_synthesis property (File Properties dialog in GUI) and re-run elaboration/synthesis.
Netlist sorting complete. Time (s): cpu = 00:00:00 ; elapsed = 00:00:00.001 . Memory (MB): peak = 858.270 ; gain = 0.000
Completed Processing XDC Constraints

Netlist sorting complete. Time (s): cpu = 00:00:00 ; elapsed = 00:00:00.001 . Memory (MB): peak = 858.270 ; gain = 0.000
INFO: [Project 1-111] Unisim Transformation Summary:
  A total of 1 instances were transformed.
  IOBUF => IOBUF (IBUF, OBUFT): 1 instances

Netlist sorting complete. Time (s): cpu = 00:00:00 ; elapsed = 00:00:00.001 . Memory (MB): peak = 858.270 ; gain = 0.000
Constraint Validation Runtime : Time (s): cpu = 00:00:00 ; elapsed = 00:00:00.006 . Memory (MB): peak = 858.270 ; gain = 0.000
WARNING: [Timing 38-316] Clock period '20.000' specified during out-of-context synthesis of instance 'u_blk_mem_gen_0' at clock pin 'clkb' is different from the actual clock period '10.000', this can lead to different synthesis results.
WARNING: [Timing 38-316] Clock period '20.000' specified during out-of-context synthesis of instance 'Video_Generator0/B_ROM' at clock pin 'clka' is different from the actual clock period '10.000', this can lead to different synthesis results.
WARNING: [Timing 38-316] Clock period '20.000' specified during out-of-context synthesis of instance 'Video_Generator0/G_ROM' at clock pin 'clka' is different from the actual clock period '10.000', this can lead to different synthesis results.
WARNING: [Timing 38-316] Clock period '20.000' specified during out-of-context synthesis of instance 'Video_Generator0/R_ROM' at clock pin 'clka' is different from the actual clock period '10.000', this can lead to different synthesis results.
---------------------------------------------------------------------------------
Finished Constraint Validation : Time (s): cpu = 00:00:12 ; elapsed = 00:00:13 . Memory (MB): peak = 858.270 ; gain = 471.027
---------------------------------------------------------------------------------
---------------------------------------------------------------------------------
Start Loading Part and Timing Information
---------------------------------------------------------------------------------
Loading part: xc7s15ftgb196-1
---------------------------------------------------------------------------------
Finished Loading Part and Timing Information : Time (s): cpu = 00:00:12 ; elapsed = 00:00:13 . Memory (MB): peak = 858.270 ; gain = 471.027
---------------------------------------------------------------------------------
---------------------------------------------------------------------------------
Start Applying 'set_property' XDC Constraints
---------------------------------------------------------------------------------
Applied set_property IO_BUFFER_TYPE = NONE for clk_100MHz. (constraint file  c:/Users/81330/Gyro/Gyro.srcs/sources_1/ip/clk_wiz_0/clk_wiz_0/clk_wiz_0_in_context.xdc, line 4).
Applied set_property CLOCK_BUFFER_TYPE = NONE for clk_100MHz. (constraint file  c:/Users/81330/Gyro/Gyro.srcs/sources_1/ip/clk_wiz_0/clk_wiz_0/clk_wiz_0_in_context.xdc, line 5).
Applied set_property IO_BUFFER_TYPE = NONE for TMDS_Tx_Clk_N. (constraint file  c:/Users/81330/Gyro/Gyro.srcs/sources_1/ip/rgb2dvi_0/rgb2dvi_0/rgb2dvi_0_in_context.xdc, line 1).
Applied set_property CLOCK_BUFFER_TYPE = NONE for TMDS_Tx_Clk_N. (constraint file  c:/Users/81330/Gyro/Gyro.srcs/sources_1/ip/rgb2dvi_0/rgb2dvi_0/rgb2dvi_0_in_context.xdc, line 2).
Applied set_property IO_BUFFER_TYPE = NONE for TMDS_Tx_Clk_P. (constraint file  c:/Users/81330/Gyro/Gyro.srcs/sources_1/ip/rgb2dvi_0/rgb2dvi_0/rgb2dvi_0_in_context.xdc, line 3).
Applied set_property CLOCK_BUFFER_TYPE = NONE for TMDS_Tx_Clk_P. (constraint file  c:/Users/81330/Gyro/Gyro.srcs/sources_1/ip/rgb2dvi_0/rgb2dvi_0/rgb2dvi_0_in_context.xdc, line 4).
Applied set_property IO_BUFFER_TYPE = NONE for TMDS_Tx_Data_N[0]. (constraint file  c:/Users/81330/Gyro/Gyro.srcs/sources_1/ip/rgb2dvi_0/rgb2dvi_0/rgb2dvi_0_in_context.xdc, line 5).
Applied set_property CLOCK_BUFFER_TYPE = NONE for TMDS_Tx_Data_N[0]. (constraint file  c:/Users/81330/Gyro/Gyro.srcs/sources_1/ip/rgb2dvi_0/rgb2dvi_0/rgb2dvi_0_in_context.xdc, line 6).
Applied set_property IO_BUFFER_TYPE = NONE for TMDS_Tx_Data_N[1]. (constraint file  c:/Users/81330/Gyro/Gyro.srcs/sources_1/ip/rgb2dvi_0/rgb2dvi_0/rgb2dvi_0_in_context.xdc, line 7).
Applied set_property CLOCK_BUFFER_TYPE = NONE for TMDS_Tx_Data_N[1]. (constraint file  c:/Users/81330/Gyro/Gyro.srcs/sources_1/ip/rgb2dvi_0/rgb2dvi_0/rgb2dvi_0_in_context.xdc, line 8).
Applied set_property IO_BUFFER_TYPE = NONE for TMDS_Tx_Data_N[2]. (constraint file  c:/Users/81330/Gyro/Gyro.srcs/sources_1/ip/rgb2dvi_0/rgb2dvi_0/rgb2dvi_0_in_context.xdc, line 9).
Applied set_property CLOCK_BUFFER_TYPE = NONE for TMDS_Tx_Data_N[2]. (constraint file  c:/Users/81330/Gyro/Gyro.srcs/sources_1/ip/rgb2dvi_0/rgb2dvi_0/rgb2dvi_0_in_context.xdc, line 10).
Applied set_property IO_BUFFER_TYPE = NONE for TMDS_Tx_Data_P[0]. (constraint file  c:/Users/81330/Gyro/Gyro.srcs/sources_1/ip/rgb2dvi_0/rgb2dvi_0/rgb2dvi_0_in_context.xdc, line 11).
Applied set_property CLOCK_BUFFER_TYPE = NONE for TMDS_Tx_Data_P[0]. (constraint file  c:/Users/81330/Gyro/Gyro.srcs/sources_1/ip/rgb2dvi_0/rgb2dvi_0/rgb2dvi_0_in_context.xdc, line 12).
Applied set_property IO_BUFFER_TYPE = NONE for TMDS_Tx_Data_P[1]. (constraint file  c:/Users/81330/Gyro/Gyro.srcs/sources_1/ip/rgb2dvi_0/rgb2dvi_0/rgb2dvi_0_in_context.xdc, line 13).
Applied set_property CLOCK_BUFFER_TYPE = NONE for TMDS_Tx_Data_P[1]. (constraint file  c:/Users/81330/Gyro/Gyro.srcs/sources_1/ip/rgb2dvi_0/rgb2dvi_0/rgb2dvi_0_in_context.xdc, line 14).
Applied set_property IO_BUFFER_TYPE = NONE for TMDS_Tx_Data_P[2]. (constraint file  c:/Users/81330/Gyro/Gyro.srcs/sources_1/ip/rgb2dvi_0/rgb2dvi_0/rgb2dvi_0_in_context.xdc, line 15).
Applied set_property CLOCK_BUFFER_TYPE = NONE for TMDS_Tx_Data_P[2]. (constraint file  c:/Users/81330/Gyro/Gyro.srcs/sources_1/ip/rgb2dvi_0/rgb2dvi_0/rgb2dvi_0_in_context.xdc, line 16).
Applied set_property DONT_TOUCH = true for clk_10. (constraint file  auto generated constraint, line ).
Applied set_property DONT_TOUCH = true for u_blk_mem_gen_0. (constraint file  auto generated constraint, line ).
Applied set_property DONT_TOUCH = true for rgb2dvi. (constraint file  auto generated constraint, line ).
Applied set_property DONT_TOUCH = true for Video_Generator0/R_ROM. (constraint file  auto generated constraint, line ).
Applied set_property DONT_TOUCH = true for Video_Generator0/G_ROM. (constraint file  auto generated constraint, line ).
Applied set_property DONT_TOUCH = true for Video_Generator0/B_ROM. (constraint file  auto generated constraint, line ).
---------------------------------------------------------------------------------
Finished applying 'set_property' XDC Constraints : Time (s): cpu = 00:00:13 ; elapsed = 00:00:13 . Memory (MB): peak = 858.270 ; gain = 471.027
---------------------------------------------------------------------------------
INFO: [Synth 8-802] inferred FSM for state register 'Current_State_reg' in module 'Driver_Gyro'
INFO: [Synth 8-802] inferred FSM for state register 'Init_State_reg' in module 'Driver_Gyro'
INFO: [Synth 8-802] inferred FSM for state register 'Gyro_State_reg' in module 'Driver_Gyro'
INFO: [Synth 8-802] inferred FSM for state register 'Mag_State_reg' in module 'Driver_Gyro'
INFO: [Synth 8-5544] ROM "Flag_State_Temp" won't be mapped to Block RAM because address size (4) smaller than threshold (5)
INFO: [Synth 8-5544] ROM "Next_State" won't be mapped to Block RAM because address size (1) smaller than threshold (5)
INFO: [Synth 8-5544] ROM "Next_State" won't be mapped to Block RAM because address size (1) smaller than threshold (5)
INFO: [Synth 8-5544] ROM "Next_State" won't be mapped to Block RAM because address size (1) smaller than threshold (5)
INFO: [Synth 8-5544] ROM "Next_State" won't be mapped to Block RAM because address size (1) smaller than threshold (5)
INFO: [Synth 8-5544] ROM "Reg_Addr" won't be mapped to Block RAM because address size (4) smaller than threshold (5)
INFO: [Synth 8-5544] ROM "Flag_State_Init" won't be mapped to Block RAM because address size (4) smaller than threshold (5)
INFO: [Synth 8-5544] ROM "Reg_Addr" won't be mapped to Block RAM because address size (3) smaller than threshold (5)
INFO: [Synth 8-5544] ROM "Gyro_Data_Z_FIFO" won't be mapped to Block RAM because address size (3) smaller than threshold (5)
INFO: [Synth 8-5544] ROM "Flag_State_Gyro" won't be mapped to Block RAM because address size (3) smaller than threshold (5)
INFO: [Synth 8-5544] ROM "Gyro_Data_X_FIFO" won't be mapped to Block RAM because address size (3) smaller than threshold (5)
INFO: [Synth 8-5544] ROM "Gyro_Data_Y_FIFO" won't be mapped to Block RAM because address size (3) smaller than threshold (5)
INFO: [Synth 8-5544] ROM "Reg_Addr" won't be mapped to Block RAM because address size (3) smaller than threshold (5)
INFO: [Synth 8-5544] ROM "Mag_Data_Z_FIFO" won't be mapped to Block RAM because address size (3) smaller than threshold (5)
INFO: [Synth 8-5544] ROM "Flag_State_Mag" won't be mapped to Block RAM because address size (3) smaller than threshold (5)
INFO: [Synth 8-5544] ROM "Mag_Data_Y_FIFO" won't be mapped to Block RAM because address size (3) smaller than threshold (5)
INFO: [Synth 8-5544] ROM "Mag_Data_X_FIFO" won't be mapped to Block RAM because address size (3) smaller than threshold (5)
INFO: [Synth 8-802] inferred FSM for state register 'c_state_reg' in module 'Driver_IIC'
INFO: [Synth 8-5546] ROM "SDA_Dir" won't be mapped to RAM because it is too sparse
INFO: [Synth 8-5544] ROM "n_state" won't be mapped to Block RAM because address size (1) smaller than threshold (5)
INFO: [Synth 8-5544] ROM "n_state" won't be mapped to Block RAM because address size (1) smaller than threshold (5)
INFO: [Synth 8-5544] ROM "n_state" won't be mapped to Block RAM because address size (1) smaller than threshold (5)
INFO: [Synth 8-5544] ROM "n_state" won't be mapped to Block RAM because address size (1) smaller than threshold (5)
INFO: [Synth 8-5544] ROM "n_state" won't be mapped to Block RAM because address size (1) smaller than threshold (5)
INFO: [Synth 8-5544] ROM "n_state" won't be mapped to Block RAM because address size (1) smaller than threshold (5)
INFO: [Synth 8-5544] ROM "n_state" won't be mapped to Block RAM because address size (1) smaller than threshold (5)
INFO: [Synth 8-5544] ROM "n_state" won't be mapped to Block RAM because address size (1) smaller than threshold (5)
INFO: [Synth 8-5544] ROM "n_state" won't be mapped to Block RAM because address size (1) smaller than threshold (5)
INFO: [Synth 8-5544] ROM "n_state" won't be mapped to Block RAM because address size (1) smaller than threshold (5)
INFO: [Synth 8-5544] ROM "n_state" won't be mapped to Block RAM because address size (1) smaller than threshold (5)
INFO: [Synth 8-5544] ROM "n_state" won't be mapped to Block RAM because address size (1) smaller than threshold (5)
INFO: [Synth 8-5544] ROM "n_state" won't be mapped to Block RAM because address size (1) smaller than threshold (5)
INFO: [Synth 8-5544] ROM "n_state" won't be mapped to Block RAM because address size (1) smaller than threshold (5)
INFO: [Synth 8-5544] ROM "n_state" won't be mapped to Block RAM because address size (1) smaller than threshold (5)
INFO: [Synth 8-4471] merging register 'R_qspi_io1_out_en_reg' into 'R_qspi_io0_out_en_reg' [C:/Users/81330/Desktop/FPGA/FPGA-Shake-Fighter/FPGA_Project/qspi_slave.v:48]
INFO: [Synth 8-4471] merging register 'R_qspi_io2_out_en_reg' into 'R_qspi_io0_out_en_reg' [C:/Users/81330/Desktop/FPGA/FPGA-Shake-Fighter/FPGA_Project/qspi_slave.v:49]
INFO: [Synth 8-4471] merging register 'R_qspi_io3_out_en_reg' into 'R_qspi_io0_out_en_reg' [C:/Users/81330/Desktop/FPGA/FPGA-Shake-Fighter/FPGA_Project/qspi_slave.v:50]
INFO: [Synth 8-4471] merging register 'mem_reg[15][7:0]' into 'mem_reg[14][7:0]' [C:/Users/81330/Desktop/FPGA/FPGA-Shake-Fighter/FPGA_Project/Gyro2ram.v:110]
WARNING: [Synth 8-327] inferring latch for variable 'Address_reg' [C:/Users/81330/Desktop/FPGA/SEA/Examples/FPGA/4.Module-Interface/Mini-HDMI-Interface/HDMI_Demo/HDMI_Demo.srcs/sources_1/new/Video_Generator.v:41]
---------------------------------------------------------------------------------------------------
                   State |                     New Encoding |                Previous Encoding 
---------------------------------------------------------------------------------------------------
                  iSTATE |                           000001 |                              000
                 iSTATE0 |                           000010 |                              001
                 iSTATE1 |                           000100 |                              010
                 iSTATE2 |                           001000 |                              011
                 iSTATE3 |                           010000 |                              100
                 iSTATE4 |                           100000 |                              101
---------------------------------------------------------------------------------------------------
INFO: [Synth 8-3354] encoded FSM with state register 'Mag_State_reg' using encoding 'one-hot' in module 'Driver_Gyro'
---------------------------------------------------------------------------------------------------
                   State |                     New Encoding |                Previous Encoding 
---------------------------------------------------------------------------------------------------
                  iSTATE |                           000001 |                              000
                 iSTATE0 |                           000010 |                              001
                 iSTATE1 |                           000100 |                              010
                 iSTATE2 |                           001000 |                              011
                 iSTATE3 |                           010000 |                              100
                 iSTATE4 |                           100000 |                              101
---------------------------------------------------------------------------------------------------
INFO: [Synth 8-3354] encoded FSM with state register 'Gyro_State_reg' using encoding 'one-hot' in module 'Driver_Gyro'
---------------------------------------------------------------------------------------------------
                   State |                     New Encoding |                Previous Encoding 
---------------------------------------------------------------------------------------------------
                 iSTATE5 |                     000000000001 |                             0000
                 iSTATE4 |                     000000000010 |                             0001
                 iSTATE1 |                     000000000100 |                             0010
                  iSTATE |                     000000001000 |                             0011
                 iSTATE0 |                     000000010000 |                             0100
                iSTATE10 |                     000000100000 |                             0101
                 iSTATE9 |                     000001000000 |                             0110
                 iSTATE7 |                     000010000000 |                             0111
                 iSTATE8 |                     000100000000 |                             1000
                 iSTATE6 |                     001000000000 |                             1001
                 iSTATE3 |                     010000000000 |                             1010
                 iSTATE2 |                     100000000000 |                             1011
---------------------------------------------------------------------------------------------------
INFO: [Synth 8-3354] encoded FSM with state register 'Init_State_reg' using encoding 'one-hot' in module 'Driver_Gyro'
---------------------------------------------------------------------------------------------------
                   State |                     New Encoding |                Previous Encoding 
---------------------------------------------------------------------------------------------------
              State_Init |                              000 |                             0000
               State_Mag |                              001 |                             0011
              State_Gyro |                              010 |                             0010
              State_Temp |                              011 |                             0001
              State_Stop |                              100 |                             0100
---------------------------------------------------------------------------------------------------
INFO: [Synth 8-3354] encoded FSM with state register 'Current_State_reg' using encoding 'sequential' in module 'Driver_Gyro'
WARNING: [Synth 8-327] inferring latch for variable 'Enable_reg' [C:/Users/81330/Desktop/FPGA/FPGA-Shake-Fighter/FPGA_Project/Driver_Gyro.v:141]
---------------------------------------------------------------------------------------------------
                   State |                     New Encoding |                Previous Encoding 
---------------------------------------------------------------------------------------------------
                    IDLE |                             0000 |                            00000
                  START0 |                             0001 |                            00001
                WRSADDR0 |                             0010 |                            00010
                    ACK0 |                             0011 |                            00011
               WRRADDR_H |                             0100 |                            01110
                    ACK4 |                             0101 |                            01111
                 WRRADDR |                             0110 |                            00100
                    ACK1 |                             0111 |                            00101
                  WRDATA |                             1000 |                            00110
                    ACK2 |                             1001 |                            00111
                  START1 |                             1010 |                            01001
                WRSADDR1 |                             1011 |                            01010
                    ACK3 |                             1100 |                            01011
                  RDDATA |                             1101 |                            01100
                   NOACK |                             1110 |                            01101
                    STOP |                             1111 |                            01000
---------------------------------------------------------------------------------------------------
INFO: [Synth 8-3354] encoded FSM with state register 'c_state_reg' using encoding 'sequential' in module 'Driver_IIC'
WARNING: [Synth 8-327] inferring latch for variable 'HDMI_reg' [C:/Users/81330/Desktop/FPGA/FPGA-Shake-Fighter/FPGA_Project/Gyro2ram.v:62]
---------------------------------------------------------------------------------
Finished RTL Optimization Phase 2 : Time (s): cpu = 00:00:14 ; elapsed = 00:00:14 . Memory (MB): peak = 858.270 ; gain = 471.027
---------------------------------------------------------------------------------

Report RTL Partitions: 
+-+--------------+------------+----------+
| |RTL Partition |Replication |Instances |
+-+--------------+------------+----------+
+-+--------------+------------+----------+
---------------------------------------------------------------------------------
Start RTL Component Statistics 
---------------------------------------------------------------------------------
Detailed RTL Component Info : 
+---Adders : 
	   2 Input     32 Bit       Adders := 10    
	   3 Input     32 Bit       Adders := 1     
	   2 Input     14 Bit       Adders := 1     
	   5 Input     12 Bit       Adders := 1     
	   3 Input     12 Bit       Adders := 1     
	   2 Input     10 Bit       Adders := 1     
	   2 Input      9 Bit       Adders := 1     
	   2 Input      8 Bit       Adders := 2     
	   3 Input      7 Bit       Adders := 2     
	   2 Input      4 Bit       Adders := 5     
	   2 Input      3 Bit       Adders := 1     
	   2 Input      1 Bit       Adders := 1     
+---Registers : 
	               32 Bit    Registers := 2     
	               16 Bit    Registers := 8     
	               14 Bit    Registers := 1     
	               12 Bit    Registers := 2     
	                8 Bit    Registers := 21    
	                4 Bit    Registers := 2     
	                3 Bit    Registers := 1     
	                1 Bit    Registers := 35    
+---Muxes : 
	   2 Input     24 Bit        Muxes := 2     
	   6 Input     16 Bit        Muxes := 6     
	  12 Input     16 Bit        Muxes := 1     
	   5 Input     16 Bit        Muxes := 2     
	   4 Input     16 Bit        Muxes := 4     
	   3 Input     16 Bit        Muxes := 3     
	   2 Input     16 Bit        Muxes := 1     
	   2 Input     12 Bit        Muxes := 1     
	   2 Input     11 Bit        Muxes := 1     
	   2 Input     10 Bit        Muxes := 1     
	   2 Input      8 Bit        Muxes := 12    
	   6 Input      8 Bit        Muxes := 4     
	  12 Input      8 Bit        Muxes := 1     
	   3 Input      8 Bit        Muxes := 3     
	  13 Input      8 Bit        Muxes := 1     
	   2 Input      7 Bit        Muxes := 1     
	   2 Input      6 Bit        Muxes := 3     
	   2 Input      4 Bit        Muxes := 40    
	   3 Input      4 Bit        Muxes := 2     
	   4 Input      4 Bit        Muxes := 2     
	  16 Input      4 Bit        Muxes := 3     
	   5 Input      3 Bit        Muxes := 1     
	   2 Input      3 Bit        Muxes := 13    
	   3 Input      3 Bit        Muxes := 1     
	   2 Input      2 Bit        Muxes := 2     
	   2 Input      1 Bit        Muxes := 43    
	   6 Input      1 Bit        Muxes := 2     
	  12 Input      1 Bit        Muxes := 2     
	   3 Input      1 Bit        Muxes := 7     
	   4 Input      1 Bit        Muxes := 4     
	   5 Input      1 Bit        Muxes := 3     
	  13 Input      1 Bit        Muxes := 2     
---------------------------------------------------------------------------------
Finished RTL Component Statistics 
---------------------------------------------------------------------------------
---------------------------------------------------------------------------------
Start RTL Hierarchical Component Statistics 
---------------------------------------------------------------------------------
Hierarchical RTL Component report 
Module Driver_HDMI 
Detailed RTL Component Info : 
+---Adders : 
	   2 Input     32 Bit       Adders := 5     
	   3 Input     32 Bit       Adders := 1     
	   5 Input     12 Bit       Adders := 1     
	   3 Input     12 Bit       Adders := 1     
	   2 Input      8 Bit       Adders := 1     
	   3 Input      7 Bit       Adders := 2     
	   2 Input      4 Bit       Adders := 2     
+---Registers : 
	               12 Bit    Registers := 2     
	                1 Bit    Registers := 5     
+---Muxes : 
	   2 Input     12 Bit        Muxes := 1     
	   2 Input     11 Bit        Muxes := 1     
	   2 Input      7 Bit        Muxes := 1     
	   2 Input      6 Bit        Muxes := 2     
	   2 Input      1 Bit        Muxes := 4     
Module Video_Generator 
Detailed RTL Component Info : 
+---Adders : 
	   2 Input     14 Bit       Adders := 1     
+---Muxes : 
	   2 Input     24 Bit        Muxes := 2     
Module Clk_Division 
Detailed RTL Component Info : 
+---Adders : 
	   2 Input     32 Bit       Adders := 2     
+---Registers : 
	                1 Bit    Registers := 3     
+---Muxes : 
	   2 Input      1 Bit        Muxes := 3     
Module Driver_Gyro 
Detailed RTL Component Info : 
+---Adders : 
	   2 Input      4 Bit       Adders := 2     
	   2 Input      1 Bit       Adders := 1     
+---Registers : 
	               16 Bit    Registers := 8     
	                8 Bit    Registers := 1     
	                4 Bit    Registers := 2     
	                1 Bit    Registers := 7     
+---Muxes : 
	   6 Input     16 Bit        Muxes := 6     
	  12 Input     16 Bit        Muxes := 1     
	   5 Input     16 Bit        Muxes := 2     
	   4 Input     16 Bit        Muxes := 4     
	   3 Input     16 Bit        Muxes := 3     
	   2 Input     16 Bit        Muxes := 1     
	   2 Input      8 Bit        Muxes := 6     
	   6 Input      8 Bit        Muxes := 4     
	  12 Input      8 Bit        Muxes := 1     
	   3 Input      8 Bit        Muxes := 2     
	   2 Input      6 Bit        Muxes := 1     
	   2 Input      4 Bit        Muxes := 4     
	   5 Input      3 Bit        Muxes := 1     
	   2 Input      3 Bit        Muxes := 12    
	   6 Input      1 Bit        Muxes := 2     
	  12 Input      1 Bit        Muxes := 2     
	   3 Input      1 Bit        Muxes := 6     
	   4 Input      1 Bit        Muxes := 4     
	   2 Input      1 Bit        Muxes := 20    
	   5 Input      1 Bit        Muxes := 3     
Module Driver_IIC 
Detailed RTL Component Info : 
+---Adders : 
	   2 Input     10 Bit       Adders := 1     
	   2 Input      3 Bit       Adders := 1     
+---Registers : 
	               14 Bit    Registers := 1     
	                8 Bit    Registers := 1     
	                3 Bit    Registers := 1     
	                1 Bit    Registers := 8     
+---Muxes : 
	   2 Input     10 Bit        Muxes := 1     
	   2 Input      8 Bit        Muxes := 3     
	  13 Input      8 Bit        Muxes := 1     
	   3 Input      4 Bit        Muxes := 2     
	   4 Input      4 Bit        Muxes := 2     
	   2 Input      4 Bit        Muxes := 35    
	  16 Input      4 Bit        Muxes := 3     
	   2 Input      3 Bit        Muxes := 1     
	   3 Input      3 Bit        Muxes := 1     
	   2 Input      2 Bit        Muxes := 2     
	   2 Input      1 Bit        Muxes := 7     
	   3 Input      1 Bit        Muxes := 1     
	  13 Input      1 Bit        Muxes := 2     
Module qspi_slave 
Detailed RTL Component Info : 
+---Adders : 
	   2 Input     32 Bit       Adders := 1     
	   2 Input      9 Bit       Adders := 1     
	   2 Input      8 Bit       Adders := 1     
+---Registers : 
	               32 Bit    Registers := 2     
	                8 Bit    Registers := 3     
	                1 Bit    Registers := 9     
+---Muxes : 
	   2 Input      8 Bit        Muxes := 3     
	   3 Input      8 Bit        Muxes := 1     
	   2 Input      1 Bit        Muxes := 6     
Module Gyro2ram 
Detailed RTL Component Info : 
+---Adders : 
	   2 Input      4 Bit       Adders := 1     
+---Registers : 
	                8 Bit    Registers := 16    
+---Muxes : 
	   2 Input      4 Bit        Muxes := 1     
---------------------------------------------------------------------------------
Finished RTL Hierarchical Component Statistics
---------------------------------------------------------------------------------
---------------------------------------------------------------------------------
Start Part Resource Summary
---------------------------------------------------------------------------------
Part Resources:
DSPs: 20 (col length:20)
BRAMs: 20 (col length: RAMB18 20 RAMB36 10)
---------------------------------------------------------------------------------
Finished Part Resource Summary
---------------------------------------------------------------------------------
---------------------------------------------------------------------------------
Start Cross Boundary and Area Optimization
---------------------------------------------------------------------------------
Warning: Parallel synthesis criteria is not met 
INFO: [Synth 8-4471] merging register 'Clk_Division1/Is_Odd_reg' into 'Clk_Division0/Is_Odd_reg' [C:/Users/81330/Desktop/FPGA/FPGA-Shake-Fighter/FPGA_Project/Clk_Division.v:37]
INFO: [Synth 8-5544] ROM "Flag_State_Temp" won't be mapped to Block RAM because address size (3) smaller than threshold (5)
INFO: [Synth 8-5544] ROM "p_0_out" won't be mapped to Block RAM because address size (3) smaller than threshold (5)
INFO: [Synth 8-5544] ROM "Temp_State0" won't be mapped to Block RAM because address size (3) smaller than threshold (5)
DSP Report: Generating DSP Address1, operation Mode is: A*(B:0x64).
DSP Report: operator Address1 is absorbed into DSP Address1.
DSP Report: Generating DSP Address0, operation Mode is: PCIN+(A:0x0):B+(C:0xfffffffffe17).
DSP Report: operator Address0 is absorbed into DSP Address0.
WARNING: [Synth 8-3917] design Gyro_Demo has port IIC_OE driven by constant 1
WARNING: [Synth 8-3917] design Gyro_Demo has port VCCEN driven by constant 1
WARNING: [Synth 8-3917] design Gyro_Demo has port VCC driven by constant 1
WARNING: [Synth 8-3917] design Gyro_Demo has port GND driven by constant 0
WARNING: [Synth 8-3331] design Video_Generator has unconnected port RGB_VDE
INFO: [Synth 8-3333] propagating constant 0 across sequential element (\Driver_Gyro0/Clk_Division0/Is_Odd_reg )
INFO: [Synth 8-3886] merging instance 'Driver_Gyro0/FSM_onehot_Init_State_reg[8]' (FDE_1) to 'Driver_Gyro0/Reg_Data_reg[7]'
INFO: [Synth 8-3333] propagating constant 0 across sequential element (\Driver_Gyro0/FSM_sequential_Current_State_reg[2] )
INFO: [Synth 8-3886] merging instance 'u_Gyro2ram/mem_reg[14][0]' (FDCE) to 'u_Gyro2ram/mem_reg[14][1]'
INFO: [Synth 8-3886] merging instance 'u_Gyro2ram/mem_reg[14][1]' (FDCE) to 'u_Gyro2ram/mem_reg[14][2]'
INFO: [Synth 8-3886] merging instance 'u_Gyro2ram/mem_reg[14][2]' (FDCE) to 'u_Gyro2ram/mem_reg[14][3]'
INFO: [Synth 8-3886] merging instance 'u_Gyro2ram/mem_reg[14][3]' (FDCE) to 'u_Gyro2ram/mem_reg[14][4]'
INFO: [Synth 8-3886] merging instance 'u_Gyro2ram/mem_reg[14][4]' (FDCE) to 'u_Gyro2ram/mem_reg[14][5]'
INFO: [Synth 8-3886] merging instance 'u_Gyro2ram/mem_reg[14][5]' (FDCE) to 'u_Gyro2ram/mem_reg[14][6]'
INFO: [Synth 8-3886] merging instance 'u_Gyro2ram/mem_reg[14][6]' (FDCE) to 'u_Gyro2ram/mem_reg[14][7]'
INFO: [Synth 8-3333] propagating constant 0 across sequential element (\u_Gyro2ram/mem_reg[14][7] )
INFO: [Synth 8-3886] merging instance 'u_Gyro2ram/addr_reg[4]' (FDC) to 'u_Gyro2ram/addr_reg[7]'
INFO: [Synth 8-3886] merging instance 'u_Gyro2ram/addr_reg[5]' (FDC) to 'u_Gyro2ram/addr_reg[7]'
INFO: [Synth 8-3886] merging instance 'u_Gyro2ram/addr_reg[6]' (FDC) to 'u_Gyro2ram/addr_reg[7]'
INFO: [Synth 8-3333] propagating constant 0 across sequential element (\u_Gyro2ram/addr_reg[7] )
INFO: [Synth 8-3886] merging instance 'Driver_Gyro0/Reg_Addr_reg[15]' (FDRE_1) to 'Driver_Gyro0/Reg_Addr_reg[14]'
INFO: [Synth 8-3886] merging instance 'Driver_Gyro0/Reg_Addr_reg[14]' (FDRE_1) to 'Driver_Gyro0/Reg_Addr_reg[13]'
INFO: [Synth 8-3886] merging instance 'Driver_Gyro0/Reg_Addr_reg[13]' (FDRE_1) to 'Driver_Gyro0/Reg_Addr_reg[12]'
INFO: [Synth 8-3886] merging instance 'Driver_Gyro0/Reg_Addr_reg[12]' (FDRE_1) to 'Driver_Gyro0/Reg_Addr_reg[11]'
INFO: [Synth 8-3886] merging instance 'Driver_Gyro0/Reg_Addr_reg[11]' (FDRE_1) to 'Driver_Gyro0/Reg_Addr_reg[10]'
INFO: [Synth 8-3886] merging instance 'Driver_Gyro0/Reg_Addr_reg[10]' (FDRE_1) to 'Driver_Gyro0/Reg_Addr_reg[9]'
INFO: [Synth 8-3886] merging instance 'Driver_Gyro0/Reg_Addr_reg[9]' (FDRE_1) to 'Driver_Gyro0/Reg_Addr_reg[8]'
INFO: [Synth 8-3886] merging instance 'Driver_Gyro0/Reg_Addr_reg[8]' (FDRE_1) to 'Driver_Gyro0/Reg_Addr_reg[7]'
INFO: [Synth 8-3886] merging instance 'Driver_Gyro0/Reg_Data_reg[7]' (FDE_1) to 'Driver_Gyro0/Reg_Data_reg[0]'
INFO: [Synth 8-3333] propagating constant 0 across sequential element (\Driver_Gyro0/Reg_Data_reg[1] )
INFO: [Synth 8-3333] propagating constant 0 across sequential element (\Driver_Gyro0/Reg_Addr_reg[7] )
INFO: [Synth 8-3886] merging instance 'Driver_IIC0/scl_cnt_reg[10]' (FDC) to 'Driver_IIC0/scl_cnt_reg[13]'
INFO: [Synth 8-3886] merging instance 'Driver_IIC0/scl_cnt_reg[11]' (FDC) to 'Driver_IIC0/scl_cnt_reg[13]'
INFO: [Synth 8-3886] merging instance 'Driver_IIC0/scl_cnt_reg[12]' (FDC) to 'Driver_IIC0/scl_cnt_reg[13]'
INFO: [Synth 8-3333] propagating constant 0 across sequential element (\Driver_IIC0/scl_cnt_reg[13] )
WARNING: [Synth 8-3332] Sequential element (Driver_Gyro0/FSM_onehot_Init_State_reg[11]) is unused and will be removed from module Gyro_Demo.
WARNING: [Synth 8-3332] Sequential element (Driver_Gyro0/FSM_sequential_Current_State_reg[2]) is unused and will be removed from module Gyro_Demo.
---------------------------------------------------------------------------------
Finished Cross Boundary and Area Optimization : Time (s): cpu = 00:00:17 ; elapsed = 00:00:18 . Memory (MB): peak = 858.270 ; gain = 471.027
---------------------------------------------------------------------------------
---------------------------------------------------------------------------------
Start ROM, RAM, DSP and Shift Register Reporting
---------------------------------------------------------------------------------

DSP: Preliminary Mapping  Report (see note below)
+----------------+-----------------------------------+--------+--------+--------+--------+--------+------+------+------+------+-------+------+------+
|Module Name     | DSP Mapping                       | A Size | B Size | C Size | D Size | P Size | AREG | BREG | CREG | DREG | ADREG | MREG | PREG | 
+----------------+-----------------------------------+--------+--------+--------+--------+--------+------+------+------+------+-------+------+------+
|Video_Generator | A*(B:0x64)                        | 14     | 7      | -      | -      | 21     | 0    | 0    | -    | -    | -     | 0    | 0    | 
|Video_Generator | PCIN+(A:0x0):B+(C:0xfffffffffe17) | 30     | 12     | 10     | -      | -1     | 0    | 0    | 0    | -    | -     | 0    | 0    | 
+----------------+-----------------------------------+--------+--------+--------+--------+--------+------+------+------+------+-------+------+------+

Note: The table above is a preliminary report that shows the DSPs inferred at the current stage of the synthesis flow. Some DSP may be reimplemented as non DSP primitives later in the synthesis flow. Multiple instantiated DSPs are reported only once.
---------------------------------------------------------------------------------
Finished ROM, RAM, DSP and Shift Register Reporting
---------------------------------------------------------------------------------
INFO: [Synth 8-5844] Detected registers with asynchronous reset at DSP/BRAM block boundary. Consider using synchronous reset for optimal packing [C:/Users/81330/Desktop/FPGA/SEA/Examples/FPGA/4.Module-Interface/Mini-HDMI-Interface/HDMI_Demo/HDMI_Demo.srcs/sources_1/new/Driver_HDMI.v:85]

Report RTL Partitions: 
+-+--------------+------------+----------+
| |RTL Partition |Replication |Instances |
+-+--------------+------------+----------+
+-+--------------+------------+----------+
---------------------------------------------------------------------------------
Start Applying XDC Timing Constraints
---------------------------------------------------------------------------------
INFO: [Synth 8-5578] Moved timing constraint from pin 'clk_10/clk_out1' to pin 'clk_10/bbstub_clk_out1/O'
INFO: [Synth 8-5578] Moved timing constraint from pin 'clk_10/clk_out2' to pin 'clk_10/bbstub_clk_out2/O'
INFO: [Synth 8-5819] Moved 2 constraints on hierarchical pins to their respective driving/loading pins
---------------------------------------------------------------------------------
Finished Applying XDC Timing Constraints : Time (s): cpu = 00:00:31 ; elapsed = 00:00:31 . Memory (MB): peak = 894.457 ; gain = 507.215
---------------------------------------------------------------------------------
---------------------------------------------------------------------------------
Start Timing Optimization
---------------------------------------------------------------------------------
---------------------------------------------------------------------------------
Finished Timing Optimization : Time (s): cpu = 00:00:32 ; elapsed = 00:00:34 . Memory (MB): peak = 921.234 ; gain = 533.992
---------------------------------------------------------------------------------

Report RTL Partitions: 
+-+--------------+------------+----------+
| |RTL Partition |Replication |Instances |
+-+--------------+------------+----------+
+-+--------------+------------+----------+
---------------------------------------------------------------------------------
Start Technology Mapping
---------------------------------------------------------------------------------
---------------------------------------------------------------------------------
Finished Technology Mapping : Time (s): cpu = 00:00:33 ; elapsed = 00:00:34 . Memory (MB): peak = 925.613 ; gain = 538.371
---------------------------------------------------------------------------------

Report RTL Partitions: 
+-+--------------+------------+----------+
| |RTL Partition |Replication |Instances |
+-+--------------+------------+----------+
+-+--------------+------------+----------+
---------------------------------------------------------------------------------
Start IO Insertion
---------------------------------------------------------------------------------
---------------------------------------------------------------------------------
Start Flattening Before IO Insertion
---------------------------------------------------------------------------------
---------------------------------------------------------------------------------
Finished Flattening Before IO Insertion
---------------------------------------------------------------------------------
---------------------------------------------------------------------------------
Start Final Netlist Cleanup
---------------------------------------------------------------------------------
INFO: [Synth 8-5365] Flop Driver_IIC0/SDA_Dir_reg is being inverted and renamed to Driver_IIC0/SDA_Dir_reg_inv.
---------------------------------------------------------------------------------
Finished Final Netlist Cleanup
---------------------------------------------------------------------------------
CRITICAL WARNING: [Synth 8-4442] BlackBox module clk_10 has unconnected pin reset
---------------------------------------------------------------------------------
Finished IO Insertion : Time (s): cpu = 00:00:34 ; elapsed = 00:00:35 . Memory (MB): peak = 925.613 ; gain = 538.371
---------------------------------------------------------------------------------

Report Check Netlist: 
+------+------------------+-------+---------+-------+------------------+
|      |Item              |Errors |Warnings |Status |Description       |
+------+------------------+-------+---------+-------+------------------+
|1     |multi_driven_nets |      0|        0|Passed |Multi driven nets |
+------+------------------+-------+---------+-------+------------------+
---------------------------------------------------------------------------------
Start Renaming Generated Instances
---------------------------------------------------------------------------------
---------------------------------------------------------------------------------
Finished Renaming Generated Instances : Time (s): cpu = 00:00:34 ; elapsed = 00:00:35 . Memory (MB): peak = 925.613 ; gain = 538.371
---------------------------------------------------------------------------------

Report RTL Partitions: 
+-+--------------+------------+----------+
| |RTL Partition |Replication |Instances |
+-+--------------+------------+----------+
+-+--------------+------------+----------+
---------------------------------------------------------------------------------
Start Rebuilding User Hierarchy
---------------------------------------------------------------------------------
---------------------------------------------------------------------------------
Finished Rebuilding User Hierarchy : Time (s): cpu = 00:00:34 ; elapsed = 00:00:35 . Memory (MB): peak = 925.613 ; gain = 538.371
---------------------------------------------------------------------------------
---------------------------------------------------------------------------------
Start Renaming Generated Ports
---------------------------------------------------------------------------------
---------------------------------------------------------------------------------
Finished Renaming Generated Ports : Time (s): cpu = 00:00:34 ; elapsed = 00:00:35 . Memory (MB): peak = 925.613 ; gain = 538.371
---------------------------------------------------------------------------------
---------------------------------------------------------------------------------
Start Handling Custom Attributes
---------------------------------------------------------------------------------
---------------------------------------------------------------------------------
Finished Handling Custom Attributes : Time (s): cpu = 00:00:34 ; elapsed = 00:00:35 . Memory (MB): peak = 925.613 ; gain = 538.371
---------------------------------------------------------------------------------
---------------------------------------------------------------------------------
Start Renaming Generated Nets
---------------------------------------------------------------------------------
---------------------------------------------------------------------------------
Finished Renaming Generated Nets : Time (s): cpu = 00:00:34 ; elapsed = 00:00:35 . Memory (MB): peak = 925.613 ; gain = 538.371
---------------------------------------------------------------------------------
---------------------------------------------------------------------------------
Start Writing Synthesis Report
---------------------------------------------------------------------------------

Report BlackBoxes: 
+------+--------------+----------+
|      |BlackBox name |Instances |
+------+--------------+----------+
|1     |rgb2dvi_0     |         1|
|2     |clk_wiz_0     |         1|
|3     |blk_mem_gen_0 |         1|
|4     |Picture_R_Rom |         1|
|5     |Picture_G_Rom |         1|
|6     |Picture_B_Rom |         1|
+------+--------------+----------+

Report Cell Usage: 
+------+--------------+------+
|      |Cell          |Count |
+------+--------------+------+
|1     |Picture_B_Rom |     1|
|2     |Picture_G_Rom |     1|
|3     |Picture_R_Rom |     1|
|4     |blk_mem_gen_0 |     1|
|5     |clk_wiz_0     |     1|
|6     |rgb2dvi_0     |     1|
|7     |BUFG          |     2|
|8     |CARRY4        |    45|
|9     |DSP48E1       |     1|
|10    |DSP48E1_2     |     1|
|11    |LUT1          |    30|
|12    |LUT2          |    69|
|13    |LUT3          |    72|
|14    |LUT4          |    49|
|15    |LUT5          |    72|
|16    |LUT6          |    77|
|17    |FDCE          |    40|
|18    |FDPE          |     1|
|19    |FDRE          |   198|
|20    |FDSE          |     1|
|21    |LD            |    16|
|22    |IBUF          |     2|
|23    |IOBUF         |     5|
|24    |OBUF          |     5|
+------+--------------+------+

Report Instance Areas: 
+------+-------------------+----------------+------+
|      |Instance           |Module          |Cells |
+------+-------------------+----------------+------+
|1     |top                |                |   785|
|2     |  Driver_Gyro0     |Driver_Gyro     |   213|
|3     |    Clk_Division0  |Clk_Division    |    50|
|4     |    Clk_Division1  |Clk_Division_0  |    50|
|5     |  Driver_HDMI0     |Driver_HDMI     |   216|
|6     |  Driver_IIC0      |Driver_IIC      |   113|
|7     |  Video_Generator0 |Video_Generator |    43|
|8     |  u_Gyro2ram       |Gyro2ram        |    10|
|9     |  u_qspi_slave     |qspi_slave      |   101|
+------+-------------------+----------------+------+
---------------------------------------------------------------------------------
Finished Writing Synthesis Report : Time (s): cpu = 00:00:34 ; elapsed = 00:00:35 . Memory (MB): peak = 925.613 ; gain = 538.371
---------------------------------------------------------------------------------
Synthesis finished with 0 errors, 1 critical warnings and 10 warnings.
Synthesis Optimization Runtime : Time (s): cpu = 00:00:24 ; elapsed = 00:00:29 . Memory (MB): peak = 925.613 ; gain = 228.418
Synthesis Optimization Complete : Time (s): cpu = 00:00:34 ; elapsed = 00:00:36 . Memory (MB): peak = 925.613 ; gain = 538.371
INFO: [Project 1-571] Translating synthesized netlist
INFO: [Netlist 29-17] Analyzing 68 Unisim elements for replacement
INFO: [Netlist 29-28] Unisim Transformation completed in 0 CPU seconds
INFO: [Project 1-570] Preparing netlist for logic optimization
INFO: [Opt 31-138] Pushed 0 inverter(s) to 0 load pin(s).
Netlist sorting complete. Time (s): cpu = 00:00:00 ; elapsed = 00:00:00 . Memory (MB): peak = 925.613 ; gain = 0.000
INFO: [Project 1-111] Unisim Transformation Summary:
  A total of 21 instances were transformed.
  IOBUF => IOBUF (IBUF, OBUFT): 5 instances
  LD => LDCE: 16 instances

INFO: [Common 17-83] Releasing license: Synthesis
141 Infos, 137 Warnings, 1 Critical Warnings and 0 Errors encountered.
synth_design completed successfully
synth_design: Time (s): cpu = 00:00:36 ; elapsed = 00:00:38 . Memory (MB): peak = 925.613 ; gain = 550.789
Netlist sorting complete. Time (s): cpu = 00:00:00 ; elapsed = 00:00:00 . Memory (MB): peak = 925.613 ; gain = 0.000
WARNING: [Constraints 18-5210] No constraints selected for write.
Resolution: This message can indicate that there are no constraints for the design, or it can indicate that the used_in flags are set such that the constraints are ignored. This later case is used when running synth_design to not write synthesis constraints to the resulting checkpoint. Instead, project constraints are read when the synthesized design is opened.
INFO: [Common 17-1381] The checkpoint 'C:/Users/81330/Gyro/Gyro.runs/synth_1/Gyro_Demo.dcp' has been generated.
INFO: [runtcl-4] Executing : report_utilization -file Gyro_Demo_utilization_synth.rpt -pb Gyro_Demo_utilization_synth.pb
INFO: [Common 17-206] Exiting Vivado at Sun Aug  2 16:01:18 2020...
