#-----------------------------------------------------------
# Vivado v2018.3 (64-bit)
# SW Build 2405991 on Thu Dec  6 23:38:27 MST 2018
# IP Build 2404404 on Fri Dec  7 01:43:56 MST 2018
# Start of session at: Sun Aug  2 10:25:49 2020
# Process ID: 13140
# Current directory: C:/Users/81330/Desktop/FPGA/QSPI
# Command line: vivado.exe -gui_launcher_event rodinguilauncherevent13292 C:\Users\81330\Desktop\FPGA\QSPI\QSPI.xpr
# Log file: C:/Users/81330/Desktop/FPGA/QSPI/vivado.log
# Journal file: C:/Users/81330/Desktop/FPGA/QSPI\vivado.jou
#-----------------------------------------------------------
start_gui
open_project C:/Users/81330/Desktop/FPGA/QSPI/QSPI.xpr
Scanning sources...
Finished scanning sources
INFO: [IP_Flow 19-234] Refreshing IP repositories
INFO: [IP_Flow 19-1700] Loaded user IP repository 'c:/Users/81330/Desktop/FPGA/SEA/SEA/Examples/FPGA/4.Module-Interface/Mini-HDMI-Interface/HDMI_Demo/HDMI_Demo.srcs/sources_1/ip/Picture_B_Rom'.
INFO: [IP_Flow 19-1700] Loaded user IP repository 'c:/Users/81330/Desktop/FPGA/SEA/SEA/Examples/FPGA/4.Module-Interface/Mini-HDMI-Interface/HDMI_Demo/HDMI_Demo.srcs/sources_1/ip/Picture_G_Rom'.
INFO: [IP_Flow 19-1700] Loaded user IP repository 'c:/Users/81330/Desktop/FPGA/SEA/SEA/Examples/FPGA/4.Module-Interface/Mini-HDMI-Interface/HDMI_Demo/HDMI_Demo.srcs/sources_1/ip/Picture_R_Rom'.
INFO: [IP_Flow 19-1700] Loaded user IP repository 'c:/Users/81330/Desktop/FPGA/SEA/SEA/Examples/FPGA/4.Module-Interface/Mini-HDMI-Interface/HDMI_Demo/HDMI_Demo.srcs/sources_1/ip/rgb2dvi_0'.
INFO: [IP_Flow 19-1700] Loaded user IP repository 'c:/Users/81330/Desktop/FPGA/QSPI/QSPI.ip_user_files/ip/Picture_B_Rom'.
INFO: [IP_Flow 19-1700] Loaded user IP repository 'c:/Users/81330/Desktop/FPGA/QSPI/QSPI.ip_user_files/ip/Picture_G_Rom'.
INFO: [IP_Flow 19-1700] Loaded user IP repository 'c:/Users/81330/Desktop/FPGA/QSPI/QSPI.ip_user_files/ip/Picture_R_Rom'.
INFO: [IP_Flow 19-1700] Loaded user IP repository 'c:/Users/81330/Desktop/FPGA/QSPI/QSPI.ip_user_files/ip/rgb2dvi_0'.
INFO: [IP_Flow 19-2313] Loaded Vivado IP repository 'E:/xilinxvivado/Vivado/2018.3/data/ip'.
open_project: Time (s): cpu = 00:00:15 ; elapsed = 00:00:17 . Memory (MB): peak = 828.625 ; gain = 240.746
update_compile_order -fileset sources_1
export_ip_user_files -of_objects  [get_files C:/Users/81330/Desktop/FPGA/QSPI/QSPI.srcs/sources_1/ip/rgb2dvi_1/rgb2dvi_1.xci] -no_script -reset -force -quiet
remove_files  -fileset rgb2dvi_1 C:/Users/81330/Desktop/FPGA/QSPI/QSPI.srcs/sources_1/ip/rgb2dvi_1/rgb2dvi_1.xci
INFO: [Project 1-386] Moving file 'C:/Users/81330/Desktop/FPGA/QSPI/QSPI.srcs/sources_1/ip/rgb2dvi_1/rgb2dvi_1.xci' from fileset 'rgb2dvi_1' to fileset 'sources_1'.
INFO: [Device 21-403] Loading part xc7s15ftgb196-1
WARNING: [IP_Flow 19-4067] Ignoring invalid widget type specified checkbox.Providing a default widget
WARNING: [IP_Flow 19-4067] Ignoring invalid widget type specified checkbox.Providing a default widget
WARNING: [IP_Flow 19-4067] Ignoring invalid widget type specified checkbox.Providing a default widget
WARNING: [IP_Flow 19-4067] Ignoring invalid widget type specified checkbox.Providing a default widget
reset_run synth_1
launch_runs synth_1 -jobs 6
WARNING: [HDL 9-3756] overwriting previous definition of module 'Driver_Gyro' [C:/Users/81330/Desktop/FPGA/Gyro_Demo_Verilog/Gyro_Demo_Verilog.srcs/sources_1/new/Driver_Gyro.v:23]
WARNING: [filemgmt 20-1318] Duplicate Design Unit 'Driver_Gyro()' found in library 'xil_defaultlib'
Duplicate found at line 31 of file C:/Users/81330/Desktop/FPGA/FPGA-Shake-Fighter/FPGA_Project/Driver_Gyro.v
	(Active) Duplicate found at line 23 of file C:/Users/81330/Desktop/FPGA/Gyro_Demo_Verilog/Gyro_Demo_Verilog.srcs/sources_1/new/Driver_Gyro.v
[Sun Aug  2 11:12:15 2020] Launched synth_1...
Run output will be captured here: C:/Users/81330/Desktop/FPGA/QSPI/QSPI.runs/synth_1/runme.log
export_ip_user_files -of_objects  [get_files C:/Users/81330/Desktop/FPGA/Gyro_Demo_Verilog/Gyro_Demo_Verilog.srcs/sources_1/new/Driver_Gyro.v] -no_script -reset -force -quiet
remove_files  C:/Users/81330/Desktop/FPGA/Gyro_Demo_Verilog/Gyro_Demo_Verilog.srcs/sources_1/new/Driver_Gyro.v
update_compile_order -fileset sources_1
reset_run synth_1
launch_runs synth_1 -jobs 6
[Sun Aug  2 11:14:50 2020] Launched synth_1...
Run output will be captured here: C:/Users/81330/Desktop/FPGA/QSPI/QSPI.runs/synth_1/runme.log
export_ip_user_files -of_objects  [get_files C:/Users/81330/Desktop/FPGA/Gyro_Demo_Verilog/Gyro_Demo_Verilog.srcs/sources_1/new/clk_division.v] -no_script -reset -force -quiet
remove_files  C:/Users/81330/Desktop/FPGA/Gyro_Demo_Verilog/Gyro_Demo_Verilog.srcs/sources_1/new/clk_division.v
add_files -norecurse -scan_for_includes C:/Users/81330/Desktop/FPGA/FPGA-Shake-Fighter/FPGA_Project/Clk_Division.v
update_compile_order -fileset sources_1
add_files -norecurse -scan_for_includes C:/Users/81330/Desktop/FPGA/FPGA-Shake-Fighter/FPGA_Project/Clk_Division.v
WARNING: [filemgmt 56-12] File 'C:/Users/81330/Desktop/FPGA/FPGA-Shake-Fighter/FPGA_Project/Clk_Division.v' cannot be added to the project because it already exists in the project, skipping this file
export_ip_user_files -of_objects  [get_files C:/Users/81330/Desktop/FPGA/FPGA-Shake-Fighter/FPGA_Project/Driver_Gyro.v] -no_script -reset -force -quiet
remove_files  C:/Users/81330/Desktop/FPGA/FPGA-Shake-Fighter/FPGA_Project/Driver_Gyro.v
update_compile_order -fileset sources_1
add_files -norecurse -scan_for_includes C:/Users/81330/Desktop/FPGA/FPGA-Shake-Fighter/FPGA_Project/Driver_Gyro.v
update_compile_order -fileset sources_1
add_files -norecurse -scan_for_includes C:/Users/81330/Desktop/FPGA/FPGA-Shake-Fighter/FPGA_Project/Clk_Division.v
WARNING: [filemgmt 56-12] File 'C:/Users/81330/Desktop/FPGA/FPGA-Shake-Fighter/FPGA_Project/Clk_Division.v' cannot be added to the project because it already exists in the project, skipping this file
add_files -norecurse -scan_for_includes C:/Users/81330/Desktop/FPGA/FPGA-Shake-Fighter/FPGA_Project/Clk_Division.v
WARNING: [filemgmt 56-12] File 'C:/Users/81330/Desktop/FPGA/FPGA-Shake-Fighter/FPGA_Project/Clk_Division.v' cannot be added to the project because it already exists in the project, skipping this file
export_ip_user_files -of_objects  [get_files C:/Users/81330/Desktop/FPGA/FPGA-Shake-Fighter/FPGA_Project/Clk_Division.v] -no_script -reset -force -quiet
remove_files  C:/Users/81330/Desktop/FPGA/FPGA-Shake-Fighter/FPGA_Project/Clk_Division.v
add_files -norecurse -scan_for_includes C:/Users/81330/Desktop/FPGA/FPGA-Shake-Fighter/FPGA_Project/Clk_Division.v
update_compile_order -fileset sources_1
report_ip_status -name ip_status 
add_files -norecurse -scan_for_includes C:/Users/81330/Desktop/FPGA/FPGA-Shake-Fighter/FPGA_Project/Clk_Division.v
WARNING: [filemgmt 56-12] File 'C:/Users/81330/Desktop/FPGA/FPGA-Shake-Fighter/FPGA_Project/Clk_Division.v' cannot be added to the project because it already exists in the project, skipping this file
set_property is_global_include true [get_files  C:/Users/81330/Desktop/FPGA/FPGA-Shake-Fighter/FPGA_Project/Clk_Division.v]
set_property is_global_include false [get_files  C:/Users/81330/Desktop/FPGA/FPGA-Shake-Fighter/FPGA_Project/Clk_Division.v]
create_fileset -blockset -define_from clk_division clk_division
INFO: [Vivado 12-2924] Moving file 'C:/Users/81330/Desktop/FPGA/FPGA-Shake-Fighter/FPGA_Project/Clk_Division.v' from fileset 'sources_1' to fileset 'clk_division'.
file mkdir C:/Users/81330/Desktop/FPGA/QSPI/QSPI.srcs/clk_division/new
close [ open C:/Users/81330/Desktop/FPGA/QSPI/QSPI.srcs/clk_division/new/clk_division_ooc.xdc w ]
add_files -fileset clk_division C:/Users/81330/Desktop/FPGA/QSPI/QSPI.srcs/clk_division/new/clk_division_ooc.xdc
set data {# (c) Copyright 2014 Xilinx, Inc. All rights reserved.

# Add in a clock definition for each input clock to the out-of-context module.
# The module will be synthesized as top so reference the clock origin using get_ports.
# You will need to define a clock on each input clock port, no top level clock information
# is provided to the module when set as out-of-context.
# Here is an example:
# create_clock -name clk_200 -period 5 [get_ports clk]
}
# (c) Copyright 2014 Xilinx, Inc. All rights reserved.

# Add in a clock definition for each input clock to the out-of-context module.
# The module will be synthesized as top so reference the clock origin using get_ports.
# You will need to define a clock on each input clock port, no top level clock information
# is provided to the module when set as out-of-context.
# Here is an example:
# create_clock -name clk_200 -period 5 [get_ports clk]
set filename "C:/Users/81330/Desktop/FPGA/QSPI/QSPI.srcs/clk_division/new/clk_division_ooc.xdc"
C:/Users/81330/Desktop/FPGA/QSPI/QSPI.srcs/clk_division/new/clk_division_ooc.xdc
set fileId [open $filename "w"]
file2752fe47ed0
puts -nonewline $fileId $data
close $fileId
set_property USED_IN {out_of_context synthesis implementation}  [get_files  C:/Users/81330/Desktop/FPGA/QSPI/QSPI.srcs/clk_division/new/clk_division_ooc.xdc]
export_ip_user_files -of_objects  [get_files C:/Users/81330/Desktop/FPGA/QSPI/QSPI.srcs/clk_division/new/clk_division_ooc.xdc] -no_script -reset -force -quiet
remove_files  -fileset clk_division C:/Users/81330/Desktop/FPGA/QSPI/QSPI.srcs/clk_division/new/clk_division_ooc.xdc
add_files -norecurse -scan_for_includes C:/Users/81330/Desktop/FPGA/FPGA-Shake-Fighter/FPGA_Project/Clk_Division.v
update_compile_order -fileset sources_1
export_ip_user_files -of_objects  [get_files C:/Users/81330/Desktop/FPGA/FPGA-Shake-Fighter/FPGA_Project/Clk_Division.v] -no_script -reset -force -quiet
remove_files  C:/Users/81330/Desktop/FPGA/FPGA-Shake-Fighter/FPGA_Project/Clk_Division.v
export_ip_user_files -of_objects  [get_files C:/Users/81330/Desktop/FPGA/FPGA-Shake-Fighter/FPGA_Project/Clk_Division.v] -no_script -reset -force -quiet
remove_files  -fileset clk_division C:/Users/81330/Desktop/FPGA/FPGA-Shake-Fighter/FPGA_Project/Clk_Division.v
ERROR: [Vivado 12-3729] Failed to remove file 'C:/Users/81330/Desktop/FPGA/FPGA-Shake-Fighter/FPGA_Project/Clk_Division.v', because the file is the root of an OOC block fileset. Please first use "Unset Out-of-Context Module..." in the GUI, or Tcl command 'delete_fileset' with the '-merge' option to delete the block fileset and associated runs.
export_ip_user_files -of_objects  [get_files C:/Users/81330/Desktop/FPGA/FPGA-Shake-Fighter/FPGA_Project/Clk_Division.v] -no_script -reset -force -quiet
remove_files  -fileset clk_division C:/Users/81330/Desktop/FPGA/FPGA-Shake-Fighter/FPGA_Project/Clk_Division.v
ERROR: [Vivado 12-3729] Failed to remove file 'C:/Users/81330/Desktop/FPGA/FPGA-Shake-Fighter/FPGA_Project/Clk_Division.v', because the file is the root of an OOC block fileset. Please first use "Unset Out-of-Context Module..." in the GUI, or Tcl command 'delete_fileset' with the '-merge' option to delete the block fileset and associated runs.
export_ip_user_files -of_objects  [get_files C:/Users/81330/Desktop/FPGA/FPGA-Shake-Fighter/FPGA_Project/Clk_Division.v] -no_script -reset -force -quiet
remove_files  -fileset clk_division C:/Users/81330/Desktop/FPGA/FPGA-Shake-Fighter/FPGA_Project/Clk_Division.v
ERROR: [Vivado 12-3729] Failed to remove file 'C:/Users/81330/Desktop/FPGA/FPGA-Shake-Fighter/FPGA_Project/Clk_Division.v', because the file is the root of an OOC block fileset. Please first use "Unset Out-of-Context Module..." in the GUI, or Tcl command 'delete_fileset' with the '-merge' option to delete the block fileset and associated runs.
delete_fileset [get_filesets clk_division] -merge [current_fileset]
INFO: [Project 1-386] Moving file 'C:/Users/81330/Desktop/FPGA/FPGA-Shake-Fighter/FPGA_Project/Clk_Division.v' from fileset 'clk_division' to fileset 'sources_1'.
export_ip_user_files -of_objects  [get_files C:/Users/81330/Desktop/FPGA/FPGA-Shake-Fighter/FPGA_Project/Clk_Division.v] -no_script -reset -force -quiet
remove_files  C:/Users/81330/Desktop/FPGA/FPGA-Shake-Fighter/FPGA_Project/Clk_Division.v
add_files -norecurse -scan_for_includes C:/Users/81330/Desktop/FPGA/FPGA-Shake-Fighter/FPGA_Project/Clk_Division.v
import_files -norecurse C:/Users/81330/Desktop/FPGA/FPGA-Shake-Fighter/FPGA_Project/Clk_Division.v
update_compile_order -fileset sources_1
update_files -from_files C:/Users/81330/Desktop/FPGA/FPGA-Shake-Fighter/FPGA_Project/Clk_Division.v -to_files C:/Users/81330/Desktop/FPGA/QSPI/QSPI.srcs/sources_1/imports/FPGA_Project/Clk_Division.v -filesets [get_filesets *]
INFO: [filemgmt 20-762] Replacing file 'C:/Users/81330/Desktop/FPGA/QSPI/QSPI.srcs/sources_1/imports/FPGA_Project/Clk_Division.v' with file 'C:/Users/81330/Desktop/FPGA/FPGA-Shake-Fighter/FPGA_Project/Clk_Division.v'.
INFO: [filemgmt 20-1080] Importing file from 'C:/Users/81330/Desktop/FPGA/FPGA-Shake-Fighter/FPGA_Project/Clk_Division.v' to 'C:/Users/81330/Desktop/FPGA/QSPI/QSPI.srcs/sources_1/imports/FPGA_Project/Clk_Division.v'.
export_ip_user_files -of_objects  [get_files C:/Users/81330/Desktop/FPGA/QSPI/QSPI.srcs/sources_1/imports/FPGA_Project/Clk_Division.v] -no_script -reset -force -quiet
remove_files  C:/Users/81330/Desktop/FPGA/QSPI/QSPI.srcs/sources_1/imports/FPGA_Project/Clk_Division.v
add_files -norecurse -scan_for_includes C:/Users/81330/Desktop/FPGA/FPGA-Shake-Fighter/FPGA_Project/Clk_Division.v
update_compile_order -fileset sources_1
WARNING: [filemgmt 56-199] Attempt to get parsing info during refresh. "On-the-fly" syntax checking information may be incorrect. [C:/Users/81330/Desktop/FPGA/QSPI/QSPI.srcs/sources_1/imports/FPGA_Project/Clk_Division.v:]
WARNING: [filemgmt 56-199] Attempt to get parsing info during refresh. "On-the-fly" syntax checking information may be incorrect. [C:/Users/81330/Desktop/FPGA/FPGA-Shake-Fighter/FPGA_Project/Gyro_Demo.v:]
WARNING: [filemgmt 56-199] Attempt to get parsing info during refresh. "On-the-fly" syntax checking information may be incorrect. [C:/Users/81330/Desktop/FPGA/SEA/SEA/Examples/FPGA/4.Module-Interface/Mini-HDMI-Interface/HDMI_Demo/HDMI_Demo.srcs/sources_1/new/Video_Generator.v:]
WARNING: [filemgmt 56-199] Attempt to get parsing info during refresh. "On-the-fly" syntax checking information may be incorrect. [C:/Users/81330/Desktop/FPGA/FPGA-Shake-Fighter/FPGA_Project/Gyro2ram.v:]
WARNING: [filemgmt 56-199] Attempt to get parsing info during refresh. "On-the-fly" syntax checking information may be incorrect. [C:/Users/81330/Desktop/FPGA/SEA/SEA/Examples/FPGA/4.Module-Interface/Mini-HDMI-Interface/HDMI_Demo/HDMI_Demo.srcs/sources_1/new/Driver_HDMI.v:]
WARNING: [filemgmt 56-199] Attempt to get parsing info during refresh. "On-the-fly" syntax checking information may be incorrect. [C:/Users/81330/Desktop/FPGA/FPGA-Shake-Fighter/FPGA_Project/qspi_slave.v:]
WARNING: [filemgmt 56-199] Attempt to get parsing info during refresh. "On-the-fly" syntax checking information may be incorrect. [C:/Users/81330/Desktop/FPGA/FPGA-Shake-Fighter/FPGA_Project/Driver_Gyro.v:]
WARNING: [filemgmt 56-199] Attempt to get parsing info during refresh. "On-the-fly" syntax checking information may be incorrect. [C:/Users/81330/Desktop/FPGA/Gyro_Demo_Verilog/Gyro_Demo_Verilog.srcs/sources_1/new/clk_division.v:]
WARNING: [filemgmt 56-199] Attempt to get parsing info during refresh. "On-the-fly" syntax checking information may be incorrect. [C:/Users/81330/Desktop/FPGA/FPGA-Shake-Fighter/FPGA_Project/Clk_Division.v:]
WARNING: [filemgmt 56-199] Attempt to get parsing info during refresh. "On-the-fly" syntax checking information may be incorrect. [C:/Users/81330/Desktop/FPGA/QSPI/QSPI.srcs/sources_1/imports/FPGA_Project/Clk_Division.v:]
WARNING: [filemgmt 56-199] Attempt to get parsing info during refresh. "On-the-fly" syntax checking information may be incorrect. [C:/Users/81330/Desktop/FPGA/FPGA-Shake-Fighter/FPGA_Project/Gyro_Demo.v:]
WARNING: [filemgmt 56-199] Attempt to get parsing info during refresh. "On-the-fly" syntax checking information may be incorrect. [C:/Users/81330/Desktop/FPGA/SEA/SEA/Examples/FPGA/4.Module-Interface/Mini-HDMI-Interface/HDMI_Demo/HDMI_Demo.srcs/sources_1/new/Video_Generator.v:]
WARNING: [filemgmt 56-199] Attempt to get parsing info during refresh. "On-the-fly" syntax checking information may be incorrect. [C:/Users/81330/Desktop/FPGA/FPGA-Shake-Fighter/FPGA_Project/Gyro2ram.v:]
WARNING: [filemgmt 56-199] Attempt to get parsing info during refresh. "On-the-fly" syntax checking information may be incorrect. [C:/Users/81330/Desktop/FPGA/SEA/SEA/Examples/FPGA/4.Module-Interface/Mini-HDMI-Interface/HDMI_Demo/HDMI_Demo.srcs/sources_1/new/Driver_HDMI.v:]
WARNING: [filemgmt 56-199] Attempt to get parsing info during refresh. "On-the-fly" syntax checking information may be incorrect. [C:/Users/81330/Desktop/FPGA/FPGA-Shake-Fighter/FPGA_Project/qspi_slave.v:]
WARNING: [filemgmt 56-199] Attempt to get parsing info during refresh. "On-the-fly" syntax checking information may be incorrect. [C:/Users/81330/Desktop/FPGA/FPGA-Shake-Fighter/FPGA_Project/Driver_Gyro.v:]
WARNING: [filemgmt 56-199] Attempt to get parsing info during refresh. "On-the-fly" syntax checking information may be incorrect. [C:/Users/81330/Desktop/FPGA/Gyro_Demo_Verilog/Gyro_Demo_Verilog.srcs/sources_1/new/clk_division.v:]
WARNING: [filemgmt 56-199] Attempt to get parsing info during refresh. "On-the-fly" syntax checking information may be incorrect. [C:/Users/81330/Desktop/FPGA/FPGA-Shake-Fighter/FPGA_Project/Clk_Division.v:]
WARNING: [filemgmt 56-199] Attempt to get parsing info during refresh. "On-the-fly" syntax checking information may be incorrect. [C:/Users/81330/Desktop/FPGA/QSPI/QSPI.srcs/sources_1/imports/FPGA_Project/Clk_Division.v:]
WARNING: [filemgmt 56-199] Attempt to get parsing info during refresh. "On-the-fly" syntax checking information may be incorrect. [C:/Users/81330/Desktop/FPGA/FPGA-Shake-Fighter/FPGA_Project/Gyro_Demo.v:]
WARNING: [filemgmt 56-199] Attempt to get parsing info during refresh. "On-the-fly" syntax checking information may be incorrect. [C:/Users/81330/Desktop/FPGA/SEA/SEA/Examples/FPGA/4.Module-Interface/Mini-HDMI-Interface/HDMI_Demo/HDMI_Demo.srcs/sources_1/new/Video_Generator.v:]
WARNING: [filemgmt 56-199] Attempt to get parsing info during refresh. "On-the-fly" syntax checking information may be incorrect. [C:/Users/81330/Desktop/FPGA/FPGA-Shake-Fighter/FPGA_Project/Gyro2ram.v:]
WARNING: [filemgmt 56-199] Attempt to get parsing info during refresh. "On-the-fly" syntax checking information may be incorrect. [C:/Users/81330/Desktop/FPGA/SEA/SEA/Examples/FPGA/4.Module-Interface/Mini-HDMI-Interface/HDMI_Demo/HDMI_Demo.srcs/sources_1/new/Driver_HDMI.v:]
WARNING: [filemgmt 56-199] Attempt to get parsing info during refresh. "On-the-fly" syntax checking information may be incorrect. [C:/Users/81330/Desktop/FPGA/FPGA-Shake-Fighter/FPGA_Project/qspi_slave.v:]
WARNING: [filemgmt 56-199] Attempt to get parsing info during refresh. "On-the-fly" syntax checking information may be incorrect. [C:/Users/81330/Desktop/FPGA/FPGA-Shake-Fighter/FPGA_Project/Driver_Gyro.v:]
WARNING: [filemgmt 56-199] Attempt to get parsing info during refresh. "On-the-fly" syntax checking information may be incorrect. [C:/Users/81330/Desktop/FPGA/Gyro_Demo_Verilog/Gyro_Demo_Verilog.srcs/sources_1/new/clk_division.v:]
WARNING: [filemgmt 56-199] Attempt to get parsing info during refresh. "On-the-fly" syntax checking information may be incorrect. [C:/Users/81330/Desktop/FPGA/FPGA-Shake-Fighter/FPGA_Project/Clk_Division.v:]
WARNING: [filemgmt 56-199] Attempt to get parsing info during refresh. "On-the-fly" syntax checking information may be incorrect. [C:/Users/81330/Desktop/FPGA/QSPI/QSPI.srcs/sources_1/imports/FPGA_Project/Clk_Division.v:]
WARNING: [filemgmt 56-199] Attempt to get parsing info during refresh. "On-the-fly" syntax checking information may be incorrect. [C:/Users/81330/Desktop/FPGA/FPGA-Shake-Fighter/FPGA_Project/Gyro_Demo.v:]
WARNING: [filemgmt 56-199] Attempt to get parsing info during refresh. "On-the-fly" syntax checking information may be incorrect. [C:/Users/81330/Desktop/FPGA/SEA/SEA/Examples/FPGA/4.Module-Interface/Mini-HDMI-Interface/HDMI_Demo/HDMI_Demo.srcs/sources_1/new/Video_Generator.v:]
WARNING: [filemgmt 56-199] Attempt to get parsing info during refresh. "On-the-fly" syntax checking information may be incorrect. [C:/Users/81330/Desktop/FPGA/FPGA-Shake-Fighter/FPGA_Project/Gyro2ram.v:]
WARNING: [filemgmt 56-199] Attempt to get parsing info during refresh. "On-the-fly" syntax checking information may be incorrect. [C:/Users/81330/Desktop/FPGA/SEA/SEA/Examples/FPGA/4.Module-Interface/Mini-HDMI-Interface/HDMI_Demo/HDMI_Demo.srcs/sources_1/new/Driver_HDMI.v:]
WARNING: [filemgmt 56-199] Attempt to get parsing info during refresh. "On-the-fly" syntax checking information may be incorrect. [C:/Users/81330/Desktop/FPGA/FPGA-Shake-Fighter/FPGA_Project/qspi_slave.v:]
WARNING: [filemgmt 56-199] Attempt to get parsing info during refresh. "On-the-fly" syntax checking information may be incorrect. [C:/Users/81330/Desktop/FPGA/FPGA-Shake-Fighter/FPGA_Project/Driver_Gyro.v:]
WARNING: [filemgmt 56-199] Attempt to get parsing info during refresh. "On-the-fly" syntax checking information may be incorrect. [C:/Users/81330/Desktop/FPGA/Gyro_Demo_Verilog/Gyro_Demo_Verilog.srcs/sources_1/new/clk_division.v:]
WARNING: [filemgmt 56-199] Attempt to get parsing info during refresh. "On-the-fly" syntax checking information may be incorrect. [C:/Users/81330/Desktop/FPGA/FPGA-Shake-Fighter/FPGA_Project/Clk_Division.v:]
WARNING: [filemgmt 56-199] Attempt to get parsing info during refresh. "On-the-fly" syntax checking information may be incorrect. [C:/Users/81330/Desktop/FPGA/QSPI/QSPI.srcs/sources_1/imports/FPGA_Project/Clk_Division.v:]
WARNING: [filemgmt 56-199] Attempt to get parsing info during refresh. "On-the-fly" syntax checking information may be incorrect. [C:/Users/81330/Desktop/FPGA/FPGA-Shake-Fighter/FPGA_Project/Gyro_Demo.v:]
WARNING: [filemgmt 56-199] Attempt to get parsing info during refresh. "On-the-fly" syntax checking information may be incorrect. [C:/Users/81330/Desktop/FPGA/SEA/SEA/Examples/FPGA/4.Module-Interface/Mini-HDMI-Interface/HDMI_Demo/HDMI_Demo.srcs/sources_1/new/Video_Generator.v:]
WARNING: [filemgmt 56-199] Attempt to get parsing info during refresh. "On-the-fly" syntax checking information may be incorrect. [C:/Users/81330/Desktop/FPGA/FPGA-Shake-Fighter/FPGA_Project/Gyro2ram.v:]
WARNING: [filemgmt 56-199] Attempt to get parsing info during refresh. "On-the-fly" syntax checking information may be incorrect. [C:/Users/81330/Desktop/FPGA/SEA/SEA/Examples/FPGA/4.Module-Interface/Mini-HDMI-Interface/HDMI_Demo/HDMI_Demo.srcs/sources_1/new/Driver_HDMI.v:]
WARNING: [filemgmt 56-199] Attempt to get parsing info during refresh. "On-the-fly" syntax checking information may be incorrect. [C:/Users/81330/Desktop/FPGA/FPGA-Shake-Fighter/FPGA_Project/qspi_slave.v:]
WARNING: [filemgmt 56-199] Attempt to get parsing info during refresh. "On-the-fly" syntax checking information may be incorrect. [C:/Users/81330/Desktop/FPGA/FPGA-Shake-Fighter/FPGA_Project/Driver_Gyro.v:]
WARNING: [filemgmt 56-199] Attempt to get parsing info during refresh. "On-the-fly" syntax checking information may be incorrect. [C:/Users/81330/Desktop/FPGA/Gyro_Demo_Verilog/Gyro_Demo_Verilog.srcs/sources_1/new/clk_division.v:]
WARNING: [filemgmt 56-199] Attempt to get parsing info during refresh. "On-the-fly" syntax checking information may be incorrect. [C:/Users/81330/Desktop/FPGA/FPGA-Shake-Fighter/FPGA_Project/Clk_Division.v:]
WARNING: [filemgmt 56-199] Attempt to get parsing info during refresh. "On-the-fly" syntax checking information may be incorrect. [C:/Users/81330/Desktop/FPGA/QSPI/QSPI.srcs/sources_1/imports/FPGA_Project/Clk_Division.v:]
WARNING: [filemgmt 56-199] Attempt to get parsing info during refresh. "On-the-fly" syntax checking information may be incorrect. [C:/Users/81330/Desktop/FPGA/FPGA-Shake-Fighter/FPGA_Project/Gyro_Demo.v:]
WARNING: [filemgmt 56-199] Attempt to get parsing info during refresh. "On-the-fly" syntax checking information may be incorrect. [C:/Users/81330/Desktop/FPGA/SEA/SEA/Examples/FPGA/4.Module-Interface/Mini-HDMI-Interface/HDMI_Demo/HDMI_Demo.srcs/sources_1/new/Video_Generator.v:]
WARNING: [filemgmt 56-199] Attempt to get parsing info during refresh. "On-the-fly" syntax checking information may be incorrect. [C:/Users/81330/Desktop/FPGA/FPGA-Shake-Fighter/FPGA_Project/Gyro2ram.v:]
WARNING: [filemgmt 56-199] Attempt to get parsing info during refresh. "On-the-fly" syntax checking information may be incorrect. [C:/Users/81330/Desktop/FPGA/SEA/SEA/Examples/FPGA/4.Module-Interface/Mini-HDMI-Interface/HDMI_Demo/HDMI_Demo.srcs/sources_1/new/Driver_HDMI.v:]
WARNING: [filemgmt 56-199] Attempt to get parsing info during refresh. "On-the-fly" syntax checking information may be incorrect. [C:/Users/81330/Desktop/FPGA/FPGA-Shake-Fighter/FPGA_Project/qspi_slave.v:]
WARNING: [filemgmt 56-199] Attempt to get parsing info during refresh. "On-the-fly" syntax checking information may be incorrect. [C:/Users/81330/Desktop/FPGA/FPGA-Shake-Fighter/FPGA_Project/Driver_Gyro.v:]
WARNING: [filemgmt 56-199] Attempt to get parsing info during refresh. "On-the-fly" syntax checking information may be incorrect. [C:/Users/81330/Desktop/FPGA/Gyro_Demo_Verilog/Gyro_Demo_Verilog.srcs/sources_1/new/clk_division.v:]
WARNING: [filemgmt 56-199] Attempt to get parsing info during refresh. "On-the-fly" syntax checking information may be incorrect. [C:/Users/81330/Desktop/FPGA/FPGA-Shake-Fighter/FPGA_Project/Clk_Division.v:]
WARNING: [filemgmt 56-199] Attempt to get parsing info during refresh. "On-the-fly" syntax checking information may be incorrect. [C:/Users/81330/Desktop/FPGA/QSPI/QSPI.srcs/sources_1/imports/FPGA_Project/Clk_Division.v:]
WARNING: [filemgmt 56-199] Attempt to get parsing info during refresh. "On-the-fly" syntax checking information may be incorrect. [C:/Users/81330/Desktop/FPGA/FPGA-Shake-Fighter/FPGA_Project/Gyro_Demo.v:]
WARNING: [filemgmt 56-199] Attempt to get parsing info during refresh. "On-the-fly" syntax checking information may be incorrect. [C:/Users/81330/Desktop/FPGA/SEA/SEA/Examples/FPGA/4.Module-Interface/Mini-HDMI-Interface/HDMI_Demo/HDMI_Demo.srcs/sources_1/new/Video_Generator.v:]
WARNING: [filemgmt 56-199] Attempt to get parsing info during refresh. "On-the-fly" syntax checking information may be incorrect. [C:/Users/81330/Desktop/FPGA/FPGA-Shake-Fighter/FPGA_Project/Gyro2ram.v:]
WARNING: [filemgmt 56-199] Attempt to get parsing info during refresh. "On-the-fly" syntax checking information may be incorrect. [C:/Users/81330/Desktop/FPGA/SEA/SEA/Examples/FPGA/4.Module-Interface/Mini-HDMI-Interface/HDMI_Demo/HDMI_Demo.srcs/sources_1/new/Driver_HDMI.v:]
WARNING: [filemgmt 56-199] Attempt to get parsing info during refresh. "On-the-fly" syntax checking information may be incorrect. [C:/Users/81330/Desktop/FPGA/FPGA-Shake-Fighter/FPGA_Project/qspi_slave.v:]
WARNING: [filemgmt 56-199] Attempt to get parsing info during refresh. "On-the-fly" syntax checking information may be incorrect. [C:/Users/81330/Desktop/FPGA/FPGA-Shake-Fighter/FPGA_Project/Driver_Gyro.v:]
WARNING: [filemgmt 56-199] Attempt to get parsing info during refresh. "On-the-fly" syntax checking information may be incorrect. [C:/Users/81330/Desktop/FPGA/Gyro_Demo_Verilog/Gyro_Demo_Verilog.srcs/sources_1/new/clk_division.v:]
WARNING: [filemgmt 56-199] Attempt to get parsing info during refresh. "On-the-fly" syntax checking information may be incorrect. [C:/Users/81330/Desktop/FPGA/FPGA-Shake-Fighter/FPGA_Project/Clk_Division.v:]
WARNING: [filemgmt 56-199] Attempt to get parsing info during refresh. "On-the-fly" syntax checking information may be incorrect. [C:/Users/81330/Desktop/FPGA/QSPI/QSPI.srcs/sources_1/imports/FPGA_Project/Clk_Division.v:]
WARNING: [filemgmt 56-199] Attempt to get parsing info during refresh. "On-the-fly" syntax checking information may be incorrect. [C:/Users/81330/Desktop/FPGA/FPGA-Shake-Fighter/FPGA_Project/Gyro_Demo.v:]
WARNING: [filemgmt 56-199] Attempt to get parsing info during refresh. "On-the-fly" syntax checking information may be incorrect. [C:/Users/81330/Desktop/FPGA/SEA/SEA/Examples/FPGA/4.Module-Interface/Mini-HDMI-Interface/HDMI_Demo/HDMI_Demo.srcs/sources_1/new/Video_Generator.v:]
WARNING: [filemgmt 56-199] Attempt to get parsing info during refresh. "On-the-fly" syntax checking information may be incorrect. [C:/Users/81330/Desktop/FPGA/FPGA-Shake-Fighter/FPGA_Project/Gyro2ram.v:]
WARNING: [filemgmt 56-199] Attempt to get parsing info during refresh. "On-the-fly" syntax checking information may be incorrect. [C:/Users/81330/Desktop/FPGA/SEA/SEA/Examples/FPGA/4.Module-Interface/Mini-HDMI-Interface/HDMI_Demo/HDMI_Demo.srcs/sources_1/new/Driver_HDMI.v:]
WARNING: [filemgmt 56-199] Attempt to get parsing info during refresh. "On-the-fly" syntax checking information may be incorrect. [C:/Users/81330/Desktop/FPGA/FPGA-Shake-Fighter/FPGA_Project/qspi_slave.v:]
WARNING: [filemgmt 56-199] Attempt to get parsing info during refresh. "On-the-fly" syntax checking information may be incorrect. [C:/Users/81330/Desktop/FPGA/FPGA-Shake-Fighter/FPGA_Project/Driver_Gyro.v:]
WARNING: [filemgmt 56-199] Attempt to get parsing info during refresh. "On-the-fly" syntax checking information may be incorrect. [C:/Users/81330/Desktop/FPGA/Gyro_Demo_Verilog/Gyro_Demo_Verilog.srcs/sources_1/new/clk_division.v:]
WARNING: [filemgmt 56-199] Attempt to get parsing info during refresh. "On-the-fly" syntax checking information may be incorrect. [C:/Users/81330/Desktop/FPGA/FPGA-Shake-Fighter/FPGA_Project/Clk_Division.v:]
WARNING: [filemgmt 56-199] Attempt to get parsing info during refresh. "On-the-fly" syntax checking information may be incorrect. [C:/Users/81330/Desktop/FPGA/QSPI/QSPI.srcs/sources_1/imports/FPGA_Project/Clk_Division.v:]
WARNING: [filemgmt 56-199] Attempt to get parsing info during refresh. "On-the-fly" syntax checking information may be incorrect. [C:/Users/81330/Desktop/FPGA/FPGA-Shake-Fighter/FPGA_Project/Gyro_Demo.v:]
WARNING: [filemgmt 56-199] Attempt to get parsing info during refresh. "On-the-fly" syntax checking information may be incorrect. [C:/Users/81330/Desktop/FPGA/SEA/SEA/Examples/FPGA/4.Module-Interface/Mini-HDMI-Interface/HDMI_Demo/HDMI_Demo.srcs/sources_1/new/Video_Generator.v:]
WARNING: [filemgmt 56-199] Attempt to get parsing info during refresh. "On-the-fly" syntax checking information may be incorrect. [C:/Users/81330/Desktop/FPGA/FPGA-Shake-Fighter/FPGA_Project/Gyro2ram.v:]
WARNING: [filemgmt 56-199] Attempt to get parsing info during refresh. "On-the-fly" syntax checking information may be incorrect. [C:/Users/81330/Desktop/FPGA/SEA/SEA/Examples/FPGA/4.Module-Interface/Mini-HDMI-Interface/HDMI_Demo/HDMI_Demo.srcs/sources_1/new/Driver_HDMI.v:]
WARNING: [filemgmt 56-199] Attempt to get parsing info during refresh. "On-the-fly" syntax checking information may be incorrect. [C:/Users/81330/Desktop/FPGA/FPGA-Shake-Fighter/FPGA_Project/qspi_slave.v:]
WARNING: [filemgmt 56-199] Attempt to get parsing info during refresh. "On-the-fly" syntax checking information may be incorrect. [C:/Users/81330/Desktop/FPGA/FPGA-Shake-Fighter/FPGA_Project/Driver_Gyro.v:]
WARNING: [filemgmt 56-199] Attempt to get parsing info during refresh. "On-the-fly" syntax checking information may be incorrect. [C:/Users/81330/Desktop/FPGA/Gyro_Demo_Verilog/Gyro_Demo_Verilog.srcs/sources_1/new/clk_division.v:]
WARNING: [filemgmt 56-199] Attempt to get parsing info during refresh. "On-the-fly" syntax checking information may be incorrect. [C:/Users/81330/Desktop/FPGA/FPGA-Shake-Fighter/FPGA_Project/Clk_Division.v:]
WARNING: [filemgmt 56-199] Attempt to get parsing info during refresh. "On-the-fly" syntax checking information may be incorrect. [C:/Users/81330/Desktop/FPGA/QSPI/QSPI.srcs/sources_1/imports/FPGA_Project/Clk_Division.v:]
WARNING: [filemgmt 56-199] Attempt to get parsing info during refresh. "On-the-fly" syntax checking information may be incorrect. [C:/Users/81330/Desktop/FPGA/FPGA-Shake-Fighter/FPGA_Project/Gyro_Demo.v:]
WARNING: [filemgmt 56-199] Attempt to get parsing info during refresh. "On-the-fly" syntax checking information may be incorrect. [C:/Users/81330/Desktop/FPGA/SEA/SEA/Examples/FPGA/4.Module-Interface/Mini-HDMI-Interface/HDMI_Demo/HDMI_Demo.srcs/sources_1/new/Video_Generator.v:]
WARNING: [filemgmt 56-199] Attempt to get parsing info during refresh. "On-the-fly" syntax checking information may be incorrect. [C:/Users/81330/Desktop/FPGA/FPGA-Shake-Fighter/FPGA_Project/Gyro2ram.v:]
WARNING: [filemgmt 56-199] Attempt to get parsing info during refresh. "On-the-fly" syntax checking information may be incorrect. [C:/Users/81330/Desktop/FPGA/SEA/SEA/Examples/FPGA/4.Module-Interface/Mini-HDMI-Interface/HDMI_Demo/HDMI_Demo.srcs/sources_1/new/Driver_HDMI.v:]
WARNING: [filemgmt 56-199] Attempt to get parsing info during refresh. "On-the-fly" syntax checking information may be incorrect. [C:/Users/81330/Desktop/FPGA/FPGA-Shake-Fighter/FPGA_Project/qspi_slave.v:]
WARNING: [filemgmt 56-199] Attempt to get parsing info during refresh. "On-the-fly" syntax checking information may be incorrect. [C:/Users/81330/Desktop/FPGA/FPGA-Shake-Fighter/FPGA_Project/Driver_Gyro.v:]
WARNING: [filemgmt 56-199] Attempt to get parsing info during refresh. "On-the-fly" syntax checking information may be incorrect. [C:/Users/81330/Desktop/FPGA/Gyro_Demo_Verilog/Gyro_Demo_Verilog.srcs/sources_1/new/clk_division.v:]
WARNING: [filemgmt 56-199] Attempt to get parsing info during refresh. "On-the-fly" syntax checking information may be incorrect. [C:/Users/81330/Desktop/FPGA/FPGA-Shake-Fighter/FPGA_Project/Clk_Division.v:]
WARNING: [filemgmt 56-199] Attempt to get parsing info during refresh. "On-the-fly" syntax checking information may be incorrect. [C:/Users/81330/Desktop/FPGA/QSPI/QSPI.srcs/sources_1/imports/FPGA_Project/Clk_Division.v:]
WARNING: [filemgmt 56-199] Attempt to get parsing info during refresh. "On-the-fly" syntax checking information may be incorrect. [C:/Users/81330/Desktop/FPGA/FPGA-Shake-Fighter/FPGA_Project/Gyro_Demo.v:]
WARNING: [filemgmt 56-199] Attempt to get parsing info during refresh. "On-the-fly" syntax checking information may be incorrect. [C:/Users/81330/Desktop/FPGA/SEA/SEA/Examples/FPGA/4.Module-Interface/Mini-HDMI-Interface/HDMI_Demo/HDMI_Demo.srcs/sources_1/new/Video_Generator.v:]
WARNING: [filemgmt 56-199] Attempt to get parsing info during refresh. "On-the-fly" syntax checking information may be incorrect. [C:/Users/81330/Desktop/FPGA/FPGA-Shake-Fighter/FPGA_Project/Gyro2ram.v:]
WARNING: [filemgmt 56-199] Attempt to get parsing info during refresh. "On-the-fly" syntax checking information may be incorrect. [C:/Users/81330/Desktop/FPGA/SEA/SEA/Examples/FPGA/4.Module-Interface/Mini-HDMI-Interface/HDMI_Demo/HDMI_Demo.srcs/sources_1/new/Driver_HDMI.v:]
WARNING: [filemgmt 56-199] Attempt to get parsing info during refresh. "On-the-fly" syntax checking information may be incorrect. [C:/Users/81330/Desktop/FPGA/FPGA-Shake-Fighter/FPGA_Project/qspi_slave.v:]
WARNING: [filemgmt 56-199] Attempt to get parsing info during refresh. "On-the-fly" syntax checking information may be incorrect. [C:/Users/81330/Desktop/FPGA/FPGA-Shake-Fighter/FPGA_Project/Driver_Gyro.v:]
WARNING: [filemgmt 56-199] Attempt to get parsing info during refresh. "On-the-fly" syntax checking information may be incorrect. [C:/Users/81330/Desktop/FPGA/Gyro_Demo_Verilog/Gyro_Demo_Verilog.srcs/sources_1/new/clk_division.v:]
WARNING: [filemgmt 56-199] Attempt to get parsing info during refresh. "On-the-fly" syntax checking information may be incorrect. [C:/Users/81330/Desktop/FPGA/FPGA-Shake-Fighter/FPGA_Project/Clk_Division.v:]
WARNING: [filemgmt 56-199] Attempt to get parsing info during refresh. "On-the-fly" syntax checking information may be incorrect. [C:/Users/81330/Desktop/FPGA/QSPI/QSPI.srcs/sources_1/imports/FPGA_Project/Clk_Division.v:]
INFO: [Common 17-14] Message 'filemgmt 56-199' appears 100 times and further instances of the messages will be disabled. Use the Tcl command set_msg_config to change the current settings.
WARNING: [filemgmt 56-199] Attempt to get parsing info during refresh. "On-the-fly" syntax checking information may be incorrect. [C:/Users/81330/Desktop/FPGA/QSPI/QSPI.srcs/sources_1/imports/FPGA_Project/Clk_Division.v:]
WARNING: [filemgmt 56-199] Attempt to get parsing info during refresh. "On-the-fly" syntax checking information may be incorrect. [C:/Users/81330/Desktop/FPGA/FPGA-Shake-Fighter/FPGA_Project/Gyro_Demo.v:]
WARNING: [filemgmt 56-199] Attempt to get parsing info during refresh. "On-the-fly" syntax checking information may be incorrect. [C:/Users/81330/Desktop/FPGA/SEA/SEA/Examples/FPGA/4.Module-Interface/Mini-HDMI-Interface/HDMI_Demo/HDMI_Demo.srcs/sources_1/new/Video_Generator.v:]
WARNING: [filemgmt 56-199] Attempt to get parsing info during refresh. "On-the-fly" syntax checking information may be incorrect. [C:/Users/81330/Desktop/FPGA/FPGA-Shake-Fighter/FPGA_Project/Gyro2ram.v:]
WARNING: [filemgmt 56-199] Attempt to get parsing info during refresh. "On-the-fly" syntax checking information may be incorrect. [C:/Users/81330/Desktop/FPGA/SEA/SEA/Examples/FPGA/4.Module-Interface/Mini-HDMI-Interface/HDMI_Demo/HDMI_Demo.srcs/sources_1/new/Driver_HDMI.v:]
WARNING: [filemgmt 56-199] Attempt to get parsing info during refresh. "On-the-fly" syntax checking information may be incorrect. [C:/Users/81330/Desktop/FPGA/FPGA-Shake-Fighter/FPGA_Project/qspi_slave.v:]
WARNING: [filemgmt 56-199] Attempt to get parsing info during refresh. "On-the-fly" syntax checking information may be incorrect. [C:/Users/81330/Desktop/FPGA/FPGA-Shake-Fighter/FPGA_Project/Driver_Gyro.v:]
WARNING: [filemgmt 56-199] Attempt to get parsing info during refresh. "On-the-fly" syntax checking information may be incorrect. [C:/Users/81330/Desktop/FPGA/Gyro_Demo_Verilog/Gyro_Demo_Verilog.srcs/sources_1/new/clk_division.v:]
WARNING: [filemgmt 56-199] Attempt to get parsing info during refresh. "On-the-fly" syntax checking information may be incorrect. [C:/Users/81330/Desktop/FPGA/FPGA-Shake-Fighter/FPGA_Project/Clk_Division.v:]
WARNING: [filemgmt 56-199] Attempt to get parsing info during refresh. "On-the-fly" syntax checking information may be incorrect. [C:/Users/81330/Desktop/FPGA/QSPI/QSPI.srcs/sources_1/imports/FPGA_Project/Clk_Division.v:]
WARNING: [filemgmt 56-199] Attempt to get parsing info during refresh. "On-the-fly" syntax checking information may be incorrect. [C:/Users/81330/Desktop/FPGA/FPGA-Shake-Fighter/FPGA_Project/Gyro_Demo.v:]
WARNING: [filemgmt 56-199] Attempt to get parsing info during refresh. "On-the-fly" syntax checking information may be incorrect. [C:/Users/81330/Desktop/FPGA/SEA/SEA/Examples/FPGA/4.Module-Interface/Mini-HDMI-Interface/HDMI_Demo/HDMI_Demo.srcs/sources_1/new/Video_Generator.v:]
WARNING: [filemgmt 56-199] Attempt to get parsing info during refresh. "On-the-fly" syntax checking information may be incorrect. [C:/Users/81330/Desktop/FPGA/FPGA-Shake-Fighter/FPGA_Project/Gyro2ram.v:]
WARNING: [filemgmt 56-199] Attempt to get parsing info during refresh. "On-the-fly" syntax checking information may be incorrect. [C:/Users/81330/Desktop/FPGA/SEA/SEA/Examples/FPGA/4.Module-Interface/Mini-HDMI-Interface/HDMI_Demo/HDMI_Demo.srcs/sources_1/new/Driver_HDMI.v:]
WARNING: [filemgmt 56-199] Attempt to get parsing info during refresh. "On-the-fly" syntax checking information may be incorrect. [C:/Users/81330/Desktop/FPGA/FPGA-Shake-Fighter/FPGA_Project/qspi_slave.v:]
WARNING: [filemgmt 56-199] Attempt to get parsing info during refresh. "On-the-fly" syntax checking information may be incorrect. [C:/Users/81330/Desktop/FPGA/FPGA-Shake-Fighter/FPGA_Project/Driver_Gyro.v:]
WARNING: [filemgmt 56-199] Attempt to get parsing info during refresh. "On-the-fly" syntax checking information may be incorrect. [C:/Users/81330/Desktop/FPGA/Gyro_Demo_Verilog/Gyro_Demo_Verilog.srcs/sources_1/new/clk_division.v:]
WARNING: [filemgmt 56-199] Attempt to get parsing info during refresh. "On-the-fly" syntax checking information may be incorrect. [C:/Users/81330/Desktop/FPGA/FPGA-Shake-Fighter/FPGA_Project/Clk_Division.v:]
reset_run synth_1
launch_runs synth_1 -jobs 6
[Sun Aug  2 11:31:49 2020] Launched synth_1...
Run output will be captured here: C:/Users/81330/Desktop/FPGA/QSPI/QSPI.runs/synth_1/runme.log
add_files -norecurse -scan_for_includes C:/Users/81330/Desktop/FPGA/FPGA-Shake-Fighter/FPGA_Project/Clk_Division.v
WARNING: [filemgmt 56-12] File 'C:/Users/81330/Desktop/FPGA/FPGA-Shake-Fighter/FPGA_Project/Clk_Division.v' cannot be added to the project because it already exists in the project, skipping this file
WARNING: [filemgmt 56-199] Attempt to get parsing info during refresh. "On-the-fly" syntax checking information may be incorrect. [C:/Users/81330/Desktop/FPGA/QSPI/QSPI.srcs/sources_1/imports/FPGA_Project/Clk_Division.v:]
WARNING: [filemgmt 56-199] Attempt to get parsing info during refresh. "On-the-fly" syntax checking information may be incorrect. [C:/Users/81330/Desktop/FPGA/FPGA-Shake-Fighter/FPGA_Project/Gyro_Demo.v:]
WARNING: [filemgmt 56-199] Attempt to get parsing info during refresh. "On-the-fly" syntax checking information may be incorrect. [C:/Users/81330/Desktop/FPGA/SEA/SEA/Examples/FPGA/4.Module-Interface/Mini-HDMI-Interface/HDMI_Demo/HDMI_Demo.srcs/sources_1/new/Video_Generator.v:]
WARNING: [filemgmt 56-199] Attempt to get parsing info during refresh. "On-the-fly" syntax checking information may be incorrect. [C:/Users/81330/Desktop/FPGA/FPGA-Shake-Fighter/FPGA_Project/Gyro2ram.v:]
WARNING: [filemgmt 56-199] Attempt to get parsing info during refresh. "On-the-fly" syntax checking information may be incorrect. [C:/Users/81330/Desktop/FPGA/SEA/SEA/Examples/FPGA/4.Module-Interface/Mini-HDMI-Interface/HDMI_Demo/HDMI_Demo.srcs/sources_1/new/Driver_HDMI.v:]
WARNING: [filemgmt 56-199] Attempt to get parsing info during refresh. "On-the-fly" syntax checking information may be incorrect. [C:/Users/81330/Desktop/FPGA/FPGA-Shake-Fighter/FPGA_Project/qspi_slave.v:]
WARNING: [filemgmt 56-199] Attempt to get parsing info during refresh. "On-the-fly" syntax checking information may be incorrect. [C:/Users/81330/Desktop/FPGA/FPGA-Shake-Fighter/FPGA_Project/Driver_Gyro.v:]
WARNING: [filemgmt 56-199] Attempt to get parsing info during refresh. "On-the-fly" syntax checking information may be incorrect. [C:/Users/81330/Desktop/FPGA/Gyro_Demo_Verilog/Gyro_Demo_Verilog.srcs/sources_1/new/clk_division.v:]
WARNING: [filemgmt 56-199] Attempt to get parsing info during refresh. "On-the-fly" syntax checking information may be incorrect. [C:/Users/81330/Desktop/FPGA/FPGA-Shake-Fighter/FPGA_Project/Clk_Division.v:]
reset_run synth_1
launch_runs synth_1 -jobs 6
[Sun Aug  2 11:36:12 2020] Launched synth_1...
Run output will be captured here: C:/Users/81330/Desktop/FPGA/QSPI/QSPI.runs/synth_1/runme.log
launch_runs impl_1 -jobs 6
[Sun Aug  2 11:37:02 2020] Launched impl_1...
Run output will be captured here: C:/Users/81330/Desktop/FPGA/QSPI/QSPI.runs/impl_1/runme.log
launch_runs impl_1 -to_step write_bitstream -jobs 6
[Sun Aug  2 12:10:36 2020] Launched impl_1...
Run output will be captured here: C:/Users/81330/Desktop/FPGA/QSPI/QSPI.runs/impl_1/runme.log
reset_run impl_1 -prev_step 
launch_runs impl_1 -to_step write_bitstream -jobs 6
[Sun Aug  2 12:11:27 2020] Launched impl_1...
Run output will be captured here: C:/Users/81330/Desktop/FPGA/QSPI/QSPI.runs/impl_1/runme.log
reset_run synth_1
launch_runs impl_1 -to_step write_bitstream -jobs 6
[Sun Aug  2 12:14:26 2020] Launched synth_1...
Run output will be captured here: C:/Users/81330/Desktop/FPGA/QSPI/QSPI.runs/synth_1/runme.log
[Sun Aug  2 12:14:26 2020] Launched impl_1...
Run output will be captured here: C:/Users/81330/Desktop/FPGA/QSPI/QSPI.runs/impl_1/runme.log
open_run impl_1
INFO: [Netlist 29-17] Analyzing 30 Unisim elements for replacement
INFO: [Netlist 29-28] Unisim Transformation completed in 0 CPU seconds
INFO: [Project 1-479] Netlist was created with Vivado 2018.3
INFO: [Project 1-570] Preparing netlist for logic optimization
INFO: [Constraints 18-4398] Generator version for shapeDB does not match. shapeDB will be regenerated.
INFO: [Timing 38-478] Restoring timing data from binary archive.
INFO: [Timing 38-479] Binary timing data restore complete.
INFO: [Project 1-856] Restoring constraints from binary archive.
INFO: [Project 1-853] Binary constraint restore complete.
Reading XDEF placement.
Reading placer database...
Reading XDEF routing.
Read XDEF File: Time (s): cpu = 00:00:00 ; elapsed = 00:00:00.063 . Memory (MB): peak = 1845.613 ; gain = 0.000
Restored from archive | CPU: 0.000000 secs | Memory: 0.000000 MB |
Finished XDEF File Restore: Time (s): cpu = 00:00:00 ; elapsed = 00:00:00.064 . Memory (MB): peak = 1845.613 ; gain = 0.000
Netlist sorting complete. Time (s): cpu = 00:00:00 ; elapsed = 00:00:00 . Memory (MB): peak = 1845.613 ; gain = 0.000
INFO: [Project 1-111] Unisim Transformation Summary:
  A total of 5 instances were transformed.
  IOBUF => IOBUF (IBUF, OBUFT): 5 instances

open_run: Time (s): cpu = 00:00:23 ; elapsed = 00:00:19 . Memory (MB): peak = 1946.789 ; gain = 374.504
reset_run impl_1
launch_runs impl_1 -jobs 6
[Sun Aug  2 12:33:13 2020] Launched impl_1...
Run output will be captured here: C:/Users/81330/Desktop/FPGA/QSPI/QSPI.runs/impl_1/runme.log
launch_runs impl_1 -to_step write_bitstream -jobs 6
[Sun Aug  2 12:35:58 2020] Launched impl_1...
Run output will be captured here: C:/Users/81330/Desktop/FPGA/QSPI/QSPI.runs/impl_1/runme.log
generate_target all [get_files  C:/Users/81330/Desktop/FPGA/QSPI/QSPI.srcs/sources_1/ip/rgb2dvi_0/rgb2dvi_0.xci]
INFO: [IP_Flow 19-1686] Generating 'Simulation' target for IP 'rgb2dvi_0'...
export_ip_user_files -of_objects [get_files C:/Users/81330/Desktop/FPGA/QSPI/QSPI.srcs/sources_1/ip/rgb2dvi_0/rgb2dvi_0.xci] -no_script -sync -force -quiet
reset_run rgb2dvi_0_synth_1
launch_runs -jobs 6 rgb2dvi_0_synth_1
INFO: [Vivado 12-4149] The synthesis checkpoint for IP 'C:/Users/81330/Desktop/FPGA/QSPI/QSPI.srcs/sources_1/ip/rgb2dvi_0/rgb2dvi_0.xci' is already up-to-date
[Sun Aug  2 12:39:50 2020] Launched rgb2dvi_0_synth_1...
Run output will be captured here: C:/Users/81330/Desktop/FPGA/QSPI/QSPI.runs/rgb2dvi_0_synth_1/runme.log
export_simulation -of_objects [get_files C:/Users/81330/Desktop/FPGA/QSPI/QSPI.srcs/sources_1/ip/rgb2dvi_0/rgb2dvi_0.xci] -directory C:/Users/81330/Desktop/FPGA/QSPI/QSPI.ip_user_files/sim_scripts -ip_user_files_dir C:/Users/81330/Desktop/FPGA/QSPI/QSPI.ip_user_files -ipstatic_source_dir C:/Users/81330/Desktop/FPGA/QSPI/QSPI.ip_user_files/ipstatic -lib_map_path [list {modelsim=C:/Users/81330/Desktop/FPGA/QSPI/QSPI.cache/compile_simlib/modelsim} {questa=C:/Users/81330/Desktop/FPGA/QSPI/QSPI.cache/compile_simlib/questa} {riviera=C:/Users/81330/Desktop/FPGA/QSPI/QSPI.cache/compile_simlib/riviera} {activehdl=C:/Users/81330/Desktop/FPGA/QSPI/QSPI.cache/compile_simlib/activehdl}] -use_ip_compiled_libs -force -quiet
WARNING: [IP_Flow 19-4318] IP-XACT file does not exist: c:/Users/81330/Desktop/FPGA/QSPI/QSPI.ip_user_files/ip/rgb2dvi_0/RGB2DVI_IP/component.xml. It will be created.
create_ip -name rgb2dvi -vendor digilentinc.com -library ip -version 1.2 -module_name rgb2dvi_1 -dir c:/Users/81330/Desktop/FPGA/QSPI/QSPI.srcs/sources_1/ip
set_property -dict [list CONFIG.kRstActiveHigh {false} CONFIG.kClkPrimitive {PLL}] [get_ips rgb2dvi_1]
generate_target {instantiation_template} [get_files c:/Users/81330/Desktop/FPGA/QSPI/QSPI.srcs/sources_1/ip/rgb2dvi_1_1/rgb2dvi_1.xci]
INFO: [IP_Flow 19-1686] Generating 'Instantiation Template' target for IP 'rgb2dvi_1'...
generate_target all [get_files  c:/Users/81330/Desktop/FPGA/QSPI/QSPI.srcs/sources_1/ip/rgb2dvi_1_1/rgb2dvi_1.xci]
INFO: [IP_Flow 19-1686] Generating 'Synthesis' target for IP 'rgb2dvi_1'...
CRITICAL WARNING: [IP_Flow 19-663] Failed to copy file 'c:/Users/81330/Desktop/FPGA/QSPI/QSPI.ip_user_files/ip/rgb2dvi_0/RGB2DVI_IP/src/rgb2dvi.xdc', it does not exist.
CRITICAL WARNING: [IP_Flow 19-157] Failed to copy file from 'c:/Users/81330/Desktop/FPGA/QSPI/QSPI.ip_user_files/ip/rgb2dvi_0/RGB2DVI_IP/src/rgb2dvi.xdc' to 'c:/Users/81330/Desktop/FPGA/QSPI/QSPI.srcs/sources_1/ip/rgb2dvi_1_1/src/rgb2dvi.xdc'.
CRITICAL WARNING: [IP_Flow 19-663] Failed to copy file 'c:/Users/81330/Desktop/FPGA/QSPI/QSPI.ip_user_files/ip/rgb2dvi_0/RGB2DVI_IP/src/rgb2dvi_ooc.xdc', it does not exist.
CRITICAL WARNING: [IP_Flow 19-157] Failed to copy file from 'c:/Users/81330/Desktop/FPGA/QSPI/QSPI.ip_user_files/ip/rgb2dvi_0/RGB2DVI_IP/src/rgb2dvi_ooc.xdc' to 'c:/Users/81330/Desktop/FPGA/QSPI/QSPI.srcs/sources_1/ip/rgb2dvi_1_1/src/rgb2dvi_ooc.xdc'.
CRITICAL WARNING: [IP_Flow 19-663] Failed to copy file 'c:/Users/81330/Desktop/FPGA/QSPI/QSPI.ip_user_files/ip/rgb2dvi_0/RGB2DVI_IP/src/rgb2dvi_clocks.xdc', it does not exist.
CRITICAL WARNING: [IP_Flow 19-157] Failed to copy file from 'c:/Users/81330/Desktop/FPGA/QSPI/QSPI.ip_user_files/ip/rgb2dvi_0/RGB2DVI_IP/src/rgb2dvi_clocks.xdc' to 'c:/Users/81330/Desktop/FPGA/QSPI/QSPI.srcs/sources_1/ip/rgb2dvi_1_1/src/rgb2dvi_clocks.xdc'.
CRITICAL WARNING: [IP_Flow 19-663] Failed to copy file 'c:/Users/81330/Desktop/FPGA/QSPI/QSPI.ip_user_files/ip/rgb2dvi_0/RGB2DVI_IP/src/ClockGen.vhd', it does not exist.
CRITICAL WARNING: [IP_Flow 19-157] Failed to copy file from 'c:/Users/81330/Desktop/FPGA/QSPI/QSPI.ip_user_files/ip/rgb2dvi_0/RGB2DVI_IP/src/ClockGen.vhd' to 'c:/Users/81330/Desktop/FPGA/QSPI/QSPI.srcs/sources_1/ip/rgb2dvi_1_1/xil_defaultlib/src/ClockGen.vhd'.
CRITICAL WARNING: [IP_Flow 19-663] Failed to copy file 'c:/Users/81330/Desktop/FPGA/QSPI/QSPI.ip_user_files/ip/rgb2dvi_0/RGB2DVI_IP/src/SyncAsync.vhd', it does not exist.
CRITICAL WARNING: [IP_Flow 19-157] Failed to copy file from 'c:/Users/81330/Desktop/FPGA/QSPI/QSPI.ip_user_files/ip/rgb2dvi_0/RGB2DVI_IP/src/SyncAsync.vhd' to 'c:/Users/81330/Desktop/FPGA/QSPI/QSPI.srcs/sources_1/ip/rgb2dvi_1_1/xil_defaultlib/src/SyncAsync.vhd'.
CRITICAL WARNING: [IP_Flow 19-663] Failed to copy file 'c:/Users/81330/Desktop/FPGA/QSPI/QSPI.ip_user_files/ip/rgb2dvi_0/RGB2DVI_IP/src/SyncAsyncReset.vhd', it does not exist.
CRITICAL WARNING: [IP_Flow 19-157] Failed to copy file from 'c:/Users/81330/Desktop/FPGA/QSPI/QSPI.ip_user_files/ip/rgb2dvi_0/RGB2DVI_IP/src/SyncAsyncReset.vhd' to 'c:/Users/81330/Desktop/FPGA/QSPI/QSPI.srcs/sources_1/ip/rgb2dvi_1_1/xil_defaultlib/src/SyncAsyncReset.vhd'.
CRITICAL WARNING: [IP_Flow 19-663] Failed to copy file 'c:/Users/81330/Desktop/FPGA/QSPI/QSPI.ip_user_files/ip/rgb2dvi_0/RGB2DVI_IP/src/DVI_Constants.vhd', it does not exist.
CRITICAL WARNING: [IP_Flow 19-157] Failed to copy file from 'c:/Users/81330/Desktop/FPGA/QSPI/QSPI.ip_user_files/ip/rgb2dvi_0/RGB2DVI_IP/src/DVI_Constants.vhd' to 'c:/Users/81330/Desktop/FPGA/QSPI/QSPI.srcs/sources_1/ip/rgb2dvi_1_1/src/DVI_Constants.vhd'.
CRITICAL WARNING: [IP_Flow 19-663] Failed to copy file 'c:/Users/81330/Desktop/FPGA/QSPI/QSPI.ip_user_files/ip/rgb2dvi_0/RGB2DVI_IP/src/OutputSERDES.vhd', it does not exist.
CRITICAL WARNING: [IP_Flow 19-157] Failed to copy file from 'c:/Users/81330/Desktop/FPGA/QSPI/QSPI.ip_user_files/ip/rgb2dvi_0/RGB2DVI_IP/src/OutputSERDES.vhd' to 'c:/Users/81330/Desktop/FPGA/QSPI/QSPI.srcs/sources_1/ip/rgb2dvi_1_1/src/OutputSERDES.vhd'.
CRITICAL WARNING: [IP_Flow 19-663] Failed to copy file 'c:/Users/81330/Desktop/FPGA/QSPI/QSPI.ip_user_files/ip/rgb2dvi_0/RGB2DVI_IP/src/TMDS_Encoder.vhd', it does not exist.
CRITICAL WARNING: [IP_Flow 19-157] Failed to copy file from 'c:/Users/81330/Desktop/FPGA/QSPI/QSPI.ip_user_files/ip/rgb2dvi_0/RGB2DVI_IP/src/TMDS_Encoder.vhd' to 'c:/Users/81330/Desktop/FPGA/QSPI/QSPI.srcs/sources_1/ip/rgb2dvi_1_1/src/TMDS_Encoder.vhd'.
CRITICAL WARNING: [IP_Flow 19-663] Failed to copy file 'c:/Users/81330/Desktop/FPGA/QSPI/QSPI.ip_user_files/ip/rgb2dvi_0/RGB2DVI_IP/src/rgb2dvi.vhd', it does not exist.
CRITICAL WARNING: [IP_Flow 19-157] Failed to copy file from 'c:/Users/81330/Desktop/FPGA/QSPI/QSPI.ip_user_files/ip/rgb2dvi_0/RGB2DVI_IP/src/rgb2dvi.vhd' to 'c:/Users/81330/Desktop/FPGA/QSPI/QSPI.srcs/sources_1/ip/rgb2dvi_1_1/src/rgb2dvi.vhd'.
ERROR: [IP_Flow 19-167] Failed to deliver one or more file(s).
ERROR: [IP_Flow 19-3505] IP Generation error: Failed to generate IP 'rgb2dvi_1'. Failed to generate 'VHDL Synthesis' outputs: 
ERROR: [IP_Flow 19-98] Generation of the IP CORE failed.
Failed to generate IP 'rgb2dvi_1'. Failed to generate 'VHDL Synthesis' outputs: 
update_compile_order -fileset sources_1
create_ip -name rgb2dvi -vendor digilentinc.com -library ip -version 1.2 -module_name rgb2dvi_2 -dir c:/Users/81330/Desktop/FPGA/QSPI/QSPI.srcs/sources_1/ip
generate_target {instantiation_template} [get_files c:/Users/81330/Desktop/FPGA/QSPI/QSPI.srcs/sources_1/ip/rgb2dvi_2/rgb2dvi_2.xci]
INFO: [IP_Flow 19-1686] Generating 'Instantiation Template' target for IP 'rgb2dvi_2'...
update_compile_order -fileset sources_1
generate_target all [get_files  c:/Users/81330/Desktop/FPGA/QSPI/QSPI.srcs/sources_1/ip/rgb2dvi_2/rgb2dvi_2.xci]
INFO: [IP_Flow 19-1686] Generating 'Synthesis' target for IP 'rgb2dvi_2'...
CRITICAL WARNING: [IP_Flow 19-663] Failed to copy file 'c:/Users/81330/Desktop/FPGA/QSPI/QSPI.ip_user_files/ip/rgb2dvi_0/RGB2DVI_IP/src/rgb2dvi.xdc', it does not exist.
CRITICAL WARNING: [IP_Flow 19-157] Failed to copy file from 'c:/Users/81330/Desktop/FPGA/QSPI/QSPI.ip_user_files/ip/rgb2dvi_0/RGB2DVI_IP/src/rgb2dvi.xdc' to 'c:/Users/81330/Desktop/FPGA/QSPI/QSPI.srcs/sources_1/ip/rgb2dvi_2/src/rgb2dvi.xdc'.
CRITICAL WARNING: [IP_Flow 19-663] Failed to copy file 'c:/Users/81330/Desktop/FPGA/QSPI/QSPI.ip_user_files/ip/rgb2dvi_0/RGB2DVI_IP/src/rgb2dvi_ooc.xdc', it does not exist.
CRITICAL WARNING: [IP_Flow 19-157] Failed to copy file from 'c:/Users/81330/Desktop/FPGA/QSPI/QSPI.ip_user_files/ip/rgb2dvi_0/RGB2DVI_IP/src/rgb2dvi_ooc.xdc' to 'c:/Users/81330/Desktop/FPGA/QSPI/QSPI.srcs/sources_1/ip/rgb2dvi_2/src/rgb2dvi_ooc.xdc'.
CRITICAL WARNING: [IP_Flow 19-663] Failed to copy file 'c:/Users/81330/Desktop/FPGA/QSPI/QSPI.ip_user_files/ip/rgb2dvi_0/RGB2DVI_IP/src/rgb2dvi_clocks.xdc', it does not exist.
CRITICAL WARNING: [IP_Flow 19-157] Failed to copy file from 'c:/Users/81330/Desktop/FPGA/QSPI/QSPI.ip_user_files/ip/rgb2dvi_0/RGB2DVI_IP/src/rgb2dvi_clocks.xdc' to 'c:/Users/81330/Desktop/FPGA/QSPI/QSPI.srcs/sources_1/ip/rgb2dvi_2/src/rgb2dvi_clocks.xdc'.
CRITICAL WARNING: [IP_Flow 19-663] Failed to copy file 'c:/Users/81330/Desktop/FPGA/QSPI/QSPI.ip_user_files/ip/rgb2dvi_0/RGB2DVI_IP/src/ClockGen.vhd', it does not exist.
CRITICAL WARNING: [IP_Flow 19-157] Failed to copy file from 'c:/Users/81330/Desktop/FPGA/QSPI/QSPI.ip_user_files/ip/rgb2dvi_0/RGB2DVI_IP/src/ClockGen.vhd' to 'c:/Users/81330/Desktop/FPGA/QSPI/QSPI.srcs/sources_1/ip/rgb2dvi_2/xil_defaultlib/src/ClockGen.vhd'.
CRITICAL WARNING: [IP_Flow 19-663] Failed to copy file 'c:/Users/81330/Desktop/FPGA/QSPI/QSPI.ip_user_files/ip/rgb2dvi_0/RGB2DVI_IP/src/SyncAsync.vhd', it does not exist.
CRITICAL WARNING: [IP_Flow 19-157] Failed to copy file from 'c:/Users/81330/Desktop/FPGA/QSPI/QSPI.ip_user_files/ip/rgb2dvi_0/RGB2DVI_IP/src/SyncAsync.vhd' to 'c:/Users/81330/Desktop/FPGA/QSPI/QSPI.srcs/sources_1/ip/rgb2dvi_2/xil_defaultlib/src/SyncAsync.vhd'.
CRITICAL WARNING: [IP_Flow 19-663] Failed to copy file 'c:/Users/81330/Desktop/FPGA/QSPI/QSPI.ip_user_files/ip/rgb2dvi_0/RGB2DVI_IP/src/SyncAsyncReset.vhd', it does not exist.
CRITICAL WARNING: [IP_Flow 19-157] Failed to copy file from 'c:/Users/81330/Desktop/FPGA/QSPI/QSPI.ip_user_files/ip/rgb2dvi_0/RGB2DVI_IP/src/SyncAsyncReset.vhd' to 'c:/Users/81330/Desktop/FPGA/QSPI/QSPI.srcs/sources_1/ip/rgb2dvi_2/xil_defaultlib/src/SyncAsyncReset.vhd'.
CRITICAL WARNING: [IP_Flow 19-663] Failed to copy file 'c:/Users/81330/Desktop/FPGA/QSPI/QSPI.ip_user_files/ip/rgb2dvi_0/RGB2DVI_IP/src/DVI_Constants.vhd', it does not exist.
CRITICAL WARNING: [IP_Flow 19-157] Failed to copy file from 'c:/Users/81330/Desktop/FPGA/QSPI/QSPI.ip_user_files/ip/rgb2dvi_0/RGB2DVI_IP/src/DVI_Constants.vhd' to 'c:/Users/81330/Desktop/FPGA/QSPI/QSPI.srcs/sources_1/ip/rgb2dvi_2/src/DVI_Constants.vhd'.
CRITICAL WARNING: [IP_Flow 19-663] Failed to copy file 'c:/Users/81330/Desktop/FPGA/QSPI/QSPI.ip_user_files/ip/rgb2dvi_0/RGB2DVI_IP/src/OutputSERDES.vhd', it does not exist.
CRITICAL WARNING: [IP_Flow 19-157] Failed to copy file from 'c:/Users/81330/Desktop/FPGA/QSPI/QSPI.ip_user_files/ip/rgb2dvi_0/RGB2DVI_IP/src/OutputSERDES.vhd' to 'c:/Users/81330/Desktop/FPGA/QSPI/QSPI.srcs/sources_1/ip/rgb2dvi_2/src/OutputSERDES.vhd'.
CRITICAL WARNING: [IP_Flow 19-663] Failed to copy file 'c:/Users/81330/Desktop/FPGA/QSPI/QSPI.ip_user_files/ip/rgb2dvi_0/RGB2DVI_IP/src/TMDS_Encoder.vhd', it does not exist.
CRITICAL WARNING: [IP_Flow 19-157] Failed to copy file from 'c:/Users/81330/Desktop/FPGA/QSPI/QSPI.ip_user_files/ip/rgb2dvi_0/RGB2DVI_IP/src/TMDS_Encoder.vhd' to 'c:/Users/81330/Desktop/FPGA/QSPI/QSPI.srcs/sources_1/ip/rgb2dvi_2/src/TMDS_Encoder.vhd'.
CRITICAL WARNING: [IP_Flow 19-663] Failed to copy file 'c:/Users/81330/Desktop/FPGA/QSPI/QSPI.ip_user_files/ip/rgb2dvi_0/RGB2DVI_IP/src/rgb2dvi.vhd', it does not exist.
CRITICAL WARNING: [IP_Flow 19-157] Failed to copy file from 'c:/Users/81330/Desktop/FPGA/QSPI/QSPI.ip_user_files/ip/rgb2dvi_0/RGB2DVI_IP/src/rgb2dvi.vhd' to 'c:/Users/81330/Desktop/FPGA/QSPI/QSPI.srcs/sources_1/ip/rgb2dvi_2/src/rgb2dvi.vhd'.
ERROR: [IP_Flow 19-167] Failed to deliver one or more file(s).
ERROR: [IP_Flow 19-3505] IP Generation error: Failed to generate IP 'rgb2dvi_2'. Failed to generate 'VHDL Synthesis' outputs: 
ERROR: [IP_Flow 19-98] Generation of the IP CORE failed.
Failed to generate IP 'rgb2dvi_2'. Failed to generate 'VHDL Synthesis' outputs: 
exit
INFO: [Common 17-206] Exiting Vivado at Sun Aug  2 12:43:48 2020...
