Copyright 1986-2018 Xilinx, Inc. All Rights Reserved.
-------------------------------------------------------------------------------------------------------------------------------------------------
| Tool Version     : Vivado v.2018.3 (win64) Build 2405991 Thu Dec  6 23:38:27 MST 2018
| Date             : Sun Aug  2 16:08:21 2020
| Host             : DESKTOP-NRBLB6L running 64-bit major release  (build 9200)
| Command          : report_power -file Gyro_Demo_power_routed.rpt -pb Gyro_Demo_power_summary_routed.pb -rpx Gyro_Demo_power_routed.rpx
| Design           : Gyro_Demo
| Device           : xc7s15ftgb196-1
| Design State     : routed
| Grade            : commercial
| Process          : typical
| Characterization : Production
-------------------------------------------------------------------------------------------------------------------------------------------------

Power Report

Table of Contents
-----------------
1. Summary
1.1 On-Chip Components
1.2 Power Supply Summary
1.3 Confidence Level
2. Settings
2.1 Environment
2.2 Clock Constraints
3. Detailed Reports
3.1 By Hierarchy

1. Summary
----------

+--------------------------+--------------+
| Total On-Chip Power (W)  | 0.395        |
| Design Power Budget (W)  | Unspecified* |
| Power Budget Margin (W)  | NA           |
| Dynamic (W)              | 0.375        |
| Device Static (W)        | 0.020        |
| Effective TJA (C/W)      | 3.4          |
| Max Ambient (C)          | 83.7         |
| Junction Temperature (C) | 26.3         |
| Confidence Level         | Low          |
| Setting File             | ---          |
| Simulation Activity File | ---          |
| Design Nets Matched      | NA           |
+--------------------------+--------------+
* Specify Design Power Budget using, set_operating_conditions -design_power_budget <value in Watts>


1.1 On-Chip Components
----------------------

+----------------+-----------+----------+-----------+-----------------+
| On-Chip        | Power (W) | Used     | Available | Utilization (%) |
+----------------+-----------+----------+-----------+-----------------+
| Clocks         |     0.006 |       17 |       --- |             --- |
| Slice Logic    |     0.003 |     1149 |       --- |             --- |
|   LUT as Logic |     0.003 |      498 |      8000 |            6.23 |
|   Register     |    <0.001 |      416 |     16000 |            2.60 |
|   CARRY4       |    <0.001 |       45 |      2000 |            2.25 |
|   BUFG         |    <0.001 |        2 |        16 |           12.50 |
|   Others       |     0.000 |       78 |       --- |             --- |
| Signals        |     0.005 |      992 |       --- |             --- |
| Block RAM      |     0.007 |      8.5 |        10 |           85.00 |
| MMCM           |     0.106 |        1 |         2 |           50.00 |
| PLL            |     0.108 |        1 |         2 |           50.00 |
| DSPs           |    <0.001 |        2 |        20 |           10.00 |
| I/O            |     0.139 |       21 |       100 |           21.00 |
| Static Power   |     0.020 |          |           |                 |
| Total          |     0.395 |          |           |                 |
+----------------+-----------+----------+-----------+-----------------+


1.2 Power Supply Summary
------------------------

+-----------+-------------+-----------+-------------+------------+
| Source    | Voltage (V) | Total (A) | Dynamic (A) | Static (A) |
+-----------+-------------+-----------+-------------+------------+
| Vccint    |       1.000 |     0.038 |       0.034 |      0.004 |
| Vccaux    |       1.800 |     0.120 |       0.113 |      0.007 |
| Vcco33    |       3.300 |     0.042 |       0.041 |      0.001 |
| Vcco25    |       2.500 |     0.000 |       0.000 |      0.000 |
| Vcco18    |       1.800 |     0.000 |       0.000 |      0.000 |
| Vcco15    |       1.500 |     0.000 |       0.000 |      0.000 |
| Vcco135   |       1.350 |     0.000 |       0.000 |      0.000 |
| Vcco12    |       1.200 |     0.000 |       0.000 |      0.000 |
| Vccaux_io |       1.800 |     0.000 |       0.000 |      0.000 |
| Vccbram   |       1.000 |     0.001 |       0.000 |      0.000 |
| Vccadc    |       1.800 |     0.000 |       0.000 |      0.000 |
+-----------+-------------+-----------+-------------+------------+


1.3 Confidence Level
--------------------

+-----------------------------+------------+--------------------------------------------------------+--------------------------------------------------------------------------------------------------------------------+
| User Input Data             | Confidence | Details                                                | Action                                                                                                             |
+-----------------------------+------------+--------------------------------------------------------+--------------------------------------------------------------------------------------------------------------------+
| Design implementation state | High       | Design is routed                                       |                                                                                                                    |
| Clock nodes activity        | Medium     | More than 5% of clocks are missing user specification  | Provide missing clock activity with a constraint file, simulation results or by editing the "By Clock Domain" view |
| I/O nodes activity          | Low        | More than 75% of inputs are missing user specification | Provide missing input activity with simulation results or by editing the "By Resource Type -> I/Os" view           |
| Internal nodes activity     | Medium     | User specified less than 25% of internal nodes         | Provide missing internal nodes activity with simulation results or by editing the "By Resource Type" views         |
| Device models               | High       | Device models are Production                           |                                                                                                                    |
|                             |            |                                                        |                                                                                                                    |
| Overall confidence level    | Low        |                                                        |                                                                                                                    |
+-----------------------------+------------+--------------------------------------------------------+--------------------------------------------------------------------------------------------------------------------+


2. Settings
-----------

2.1 Environment
---------------

+-----------------------+--------------------------+
| Ambient Temp (C)      | 25.0                     |
| ThetaJA (C/W)         | 3.4                      |
| Airflow (LFM)         | 250                      |
| Heat Sink             | medium (Medium Profile)  |
| ThetaSA (C/W)         | 15.4                     |
| Board Selection       | medium (10"x10")         |
| # of Board Layers     | 12to15 (12 to 15 Layers) |
| Board Temperature (C) | 25.0                     |
+-----------------------+--------------------------+


2.2 Clock Constraints
---------------------

+----------------------+-------------------------------------------------+-----------------+
| Clock                | Domain                                          | Constraint (ns) |
+----------------------+-------------------------------------------------+-----------------+
| CLKFBIN              | rgb2dvi/U0/ClockGenInternal.ClockGenX/CLKFBIN   |            10.0 |
| CLKFBIN_1            | rgb2dvi/U0/ClockGenInternal.ClockGenX/CLKFBIN   |            10.0 |
| PixelClkIO           | rgb2dvi/U0/ClockGenInternal.ClockGenX/PixelClk  |            10.0 |
| PixelClkIO_1         | rgb2dvi/U0/ClockGenInternal.ClockGenX/PixelClk  |            10.0 |
| SerialClkIO          | rgb2dvi/U0/ClockGenInternal.ClockGenX/SerialClk |             2.0 |
| SerialClkIO_1        | rgb2dvi/U0/ClockGenInternal.ClockGenX/SerialClk |             2.0 |
| clk_100MHz           | clk_100MHz                                      |            10.0 |
| clk_out1_clk_wiz_0   | clk_10/inst/clk_out1_clk_wiz_0                  |            10.0 |
| clk_out1_clk_wiz_0_1 | clk_10/inst/clk_out1_clk_wiz_0                  |            10.0 |
| clk_out2_clk_wiz_0   | clk_10/inst/clk_out2_clk_wiz_0                  |           100.0 |
| clk_out2_clk_wiz_0_1 | clk_10/inst/clk_out2_clk_wiz_0                  |           100.0 |
| clkfbout_clk_wiz_0   | clk_10/inst/clkfbout_clk_wiz_0                  |            10.0 |
| clkfbout_clk_wiz_0_1 | clk_10/inst/clkfbout_clk_wiz_0                  |            10.0 |
| sys_clk_pin          | clk_100MHz                                      |            10.0 |
+----------------------+-------------------------------------------------+-----------------+


3. Detailed Reports
-------------------

3.1 By Hierarchy
----------------

+--------------------------------------+-----------+
| Name                                 | Power (W) |
+--------------------------------------+-----------+
| Gyro_Demo                            |     0.375 |
|   Camera_IIC_SDA_IOBUF               |     0.001 |
|   Driver_Gyro0                       |     0.001 |
|   Driver_HDMI0                       |     0.001 |
|   Driver_IIC0                        |     0.001 |
|   Video_Generator0                   |     0.008 |
|     B_ROM                            |     0.002 |
|       U0                             |     0.002 |
|     G_ROM                            |     0.002 |
|       U0                             |     0.002 |
|     R_ROM                            |     0.002 |
|       U0                             |     0.002 |
|   clk_10                             |     0.106 |
|     inst                             |     0.106 |
|   rgb2dvi                            |     0.250 |
|     U0                               |     0.250 |
|       ClockGenInternal.ClockGenX     |     0.108 |
|       ClockSerializer                |     0.034 |
|       DataEncoders[0].DataSerializer |     0.035 |
|       DataEncoders[1].DataSerializer |     0.036 |
|       DataEncoders[2].DataSerializer |     0.036 |
|   u_blk_mem_gen_0                    |     0.004 |
|     U0                               |     0.004 |
|       inst_blk_mem_gen               |     0.004 |
|   u_qspi_slave                       |     0.002 |
+--------------------------------------+-----------+


