#-----------------------------------------------------------
# Vivado v2018.3 (64-bit)
# SW Build 2405991 on Thu Dec  6 23:38:27 MST 2018
# IP Build 2404404 on Fri Dec  7 01:43:56 MST 2018
# Start of session at: Sun Aug  2 17:40:56 2020
# Process ID: 8260
# Current directory: C:/Users/81330/Desktop/FPGA/FPGA-Shake-Fighter1/Sourcecode/GyroAWS_Demo/Gyro
# Command line: vivado.exe -gui_launcher_event rodinguilauncherevent6252 C:\Users\81330\Desktop\FPGA\FPGA-Shake-Fighter1\Sourcecode\GyroAWS_Demo\Gyro\Gyro.xpr
# Log file: C:/Users/81330/Desktop/FPGA/FPGA-Shake-Fighter1/Sourcecode/GyroAWS_Demo/Gyro/vivado.log
# Journal file: C:/Users/81330/Desktop/FPGA/FPGA-Shake-Fighter1/Sourcecode/GyroAWS_Demo/Gyro\vivado.jou
#-----------------------------------------------------------
start_gui
open_project C:/Users/81330/Desktop/FPGA/FPGA-Shake-Fighter1/Sourcecode/GyroAWS_Demo/Gyro/Gyro.xpr
Scanning sources...
Finished scanning sources
INFO: [IP_Flow 19-234] Refreshing IP repositories
INFO: [IP_Flow 19-1700] Loaded user IP repository 'c:/Users/81330/Desktop/FPGA/SEA/Examples/FPGA/4.Module-Interface/Mini-HDMI-Interface/HDMI_Demo/HDMI_Demo.ip_user_files/ip/rgb2dvi_0'.
INFO: [IP_Flow 19-1700] Loaded user IP repository 'c:/Users/81330/Desktop/FPGA/SEA/Examples/FPGA/4.Module-Interface/Mini-HDMI-Interface/HDMI_Demo/HDMI_Demo.ip_user_files/ip/Picture_R_Rom'.
INFO: [IP_Flow 19-1700] Loaded user IP repository 'c:/Users/81330/Desktop/FPGA/SEA/Examples/FPGA/4.Module-Interface/Mini-HDMI-Interface/HDMI_Demo/HDMI_Demo.ip_user_files/ip/Picture_G_Rom'.
INFO: [IP_Flow 19-1700] Loaded user IP repository 'c:/Users/81330/Desktop/FPGA/SEA/Examples/FPGA/4.Module-Interface/Mini-HDMI-Interface/HDMI_Demo/HDMI_Demo.ip_user_files/ip/Picture_B_Rom'.
INFO: [IP_Flow 19-2313] Loaded Vivado IP repository 'E:/xilinxvivado/Vivado/2018.3/data/ip'.
open_project: Time (s): cpu = 00:00:17 ; elapsed = 00:00:09 . Memory (MB): peak = 850.867 ; gain = 221.996
update_compile_order -fileset sources_1
exit
INFO: [Common 17-206] Exiting Vivado at Sun Aug  2 19:11:57 2020...
