#-----------------------------------------------------------
# Vivado v2018.3 (64-bit)
# SW Build 2405991 on Thu Dec  6 23:38:27 MST 2018
# IP Build 2404404 on Fri Dec  7 01:43:56 MST 2018
# Start of session at: Sun Aug  2 16:33:31 2020
# Process ID: 18212
# Current directory: C:/Users/81330/Desktop/FPGA/FPGA-Shake-Fighter1/Sourcecode/GyroAWS_Demo/Gyro
# Command line: vivado.exe -gui_launcher_event rodinguilauncherevent13608 C:\Users\81330\Desktop\FPGA\FPGA-Shake-Fighter1\Sourcecode\GyroAWS_Demo\Gyro\Gyro.xpr
# Log file: C:/Users/81330/Desktop/FPGA/FPGA-Shake-Fighter1/Sourcecode/GyroAWS_Demo/Gyro/vivado.log
# Journal file: C:/Users/81330/Desktop/FPGA/FPGA-Shake-Fighter1/Sourcecode/GyroAWS_Demo/Gyro\vivado.jou
#-----------------------------------------------------------
start_gui
open_project C:/Users/81330/Desktop/FPGA/FPGA-Shake-Fighter1/Sourcecode/GyroAWS_Demo/Gyro/Gyro.xpr
INFO: [Project 1-313] Project file moved from 'C:/Users/81330/Gyro' since last save.
WARNING: [Project 1-312] File not found as 'C:/Users/81330/Desktop/FPGA/FPGA-Shake-Fighter1/Sourcecode/GyroAWS_Demo/Desktop/FPGA/FPGA-Shake-Fighter/FPGA_Project/Clk_Division.v'; using path 'C:/Users/81330/Desktop/FPGA/FPGA-Shake-Fighter/FPGA_Project/Clk_Division.v' instead.
WARNING: [Project 1-312] File not found as 'C:/Users/81330/Desktop/FPGA/FPGA-Shake-Fighter1/Sourcecode/GyroAWS_Demo/Desktop/FPGA/FPGA-Shake-Fighter/FPGA_Project/Driver_Gyro.v'; using path 'C:/Users/81330/Desktop/FPGA/FPGA-Shake-Fighter/FPGA_Project/Driver_Gyro.v' instead.
WARNING: [Project 1-312] File not found as 'C:/Users/81330/Desktop/FPGA/FPGA-Shake-Fighter1/Sourcecode/GyroAWS_Demo/Desktop/FPGA/SEA/Examples/FPGA/4.Module-Interface/Mini-HDMI-Interface/HDMI_Demo/HDMI_Demo.srcs/sources_1/new/Driver_HDMI.v'; using path 'C:/Users/81330/Desktop/FPGA/SEA/Examples/FPGA/4.Module-Interface/Mini-HDMI-Interface/HDMI_Demo/HDMI_Demo.srcs/sources_1/new/Driver_HDMI.v' instead.
WARNING: [Project 1-312] File not found as 'C:/Users/81330/Desktop/FPGA/FPGA-Shake-Fighter1/Sourcecode/GyroAWS_Demo/Desktop/FPGA/FPGA-Shake-Fighter/FPGA_Project/Driver_IIC.v'; using path 'C:/Users/81330/Desktop/FPGA/FPGA-Shake-Fighter/FPGA_Project/Driver_IIC.v' instead.
WARNING: [Project 1-312] File not found as 'C:/Users/81330/Desktop/FPGA/FPGA-Shake-Fighter1/Sourcecode/GyroAWS_Demo/Desktop/FPGA/FPGA-Shake-Fighter/FPGA_Project/Gyro2ram.v'; using path 'C:/Users/81330/Desktop/FPGA/FPGA-Shake-Fighter/FPGA_Project/Gyro2ram.v' instead.
WARNING: [Project 1-312] File not found as 'C:/Users/81330/Desktop/FPGA/FPGA-Shake-Fighter1/Sourcecode/GyroAWS_Demo/Desktop/FPGA/SEA/Examples/FPGA/4.Module-Interface/Mini-HDMI-Interface/HDMI_Demo/HDMI_Demo.srcs/sources_1/new/Video_Generator.v'; using path 'C:/Users/81330/Desktop/FPGA/SEA/Examples/FPGA/4.Module-Interface/Mini-HDMI-Interface/HDMI_Demo/HDMI_Demo.srcs/sources_1/new/Video_Generator.v' instead.
WARNING: [Project 1-312] File not found as 'C:/Users/81330/Desktop/FPGA/FPGA-Shake-Fighter1/Sourcecode/GyroAWS_Demo/Desktop/FPGA/FPGA-Shake-Fighter/FPGA_Project/qspi_slave.v'; using path 'C:/Users/81330/Desktop/FPGA/FPGA-Shake-Fighter/FPGA_Project/qspi_slave.v' instead.
WARNING: [Project 1-312] File not found as 'C:/Users/81330/Desktop/FPGA/FPGA-Shake-Fighter1/Sourcecode/GyroAWS_Demo/Desktop/FPGA/FPGA-Shake-Fighter/FPGA_Project/Gyro_Demo.v'; using path 'C:/Users/81330/Desktop/FPGA/FPGA-Shake-Fighter/FPGA_Project/Gyro_Demo.v' instead.
WARNING: [Project 1-312] File not found as 'C:/Users/81330/Desktop/FPGA/FPGA-Shake-Fighter1/Sourcecode/GyroAWS_Demo/Desktop/FPGA/SEA/Examples/FPGA-IP/Mini-HDMI-IP/IP/RGB2DVI_IP/src/DVI_Constants.vhd'; using path 'C:/Users/81330/Desktop/FPGA/SEA/Examples/FPGA-IP/Mini-HDMI-IP/IP/RGB2DVI_IP/src/DVI_Constants.vhd' instead.
WARNING: [Project 1-312] File not found as 'C:/Users/81330/Desktop/FPGA/FPGA-Shake-Fighter1/Sourcecode/GyroAWS_Demo/Desktop/FPGA/SEA/Examples/FPGA/4.Module-Interface/Mini-HDMI-Interface/HDMI_Demo/HDMI_Demo.srcs/sources_1/new/HDMI_Demo.v'; using path 'C:/Users/81330/Desktop/FPGA/SEA/Examples/FPGA/4.Module-Interface/Mini-HDMI-Interface/HDMI_Demo/HDMI_Demo.srcs/sources_1/new/HDMI_Demo.v' instead.
WARNING: [Project 1-312] File not found as 'C:/Users/81330/Desktop/FPGA/FPGA-Shake-Fighter1/Sourcecode/GyroAWS_Demo/Desktop/FPGA/FPGA-Shake-Fighter/FPGA_Project/system.xdc'; using path 'C:/Users/81330/Desktop/FPGA/FPGA-Shake-Fighter/FPGA_Project/system.xdc' instead.
Scanning sources...
Finished scanning sources
WARNING: [Project 1-312] File not found as 'C:/Users/81330/Desktop/FPGA/FPGA-Shake-Fighter1/Sourcecode/GyroAWS_Demo/Desktop/FPGA/FPGA-Shake-Fighter/FPGA_Project/Clk_Division.v'; using path 'C:/Users/81330/Desktop/FPGA/FPGA-Shake-Fighter/FPGA_Project/Clk_Division.v' instead.
WARNING: [Project 1-312] File not found as 'C:/Users/81330/Desktop/FPGA/FPGA-Shake-Fighter1/Sourcecode/GyroAWS_Demo/Desktop/FPGA/FPGA-Shake-Fighter/FPGA_Project/Driver_Gyro.v'; using path 'C:/Users/81330/Desktop/FPGA/FPGA-Shake-Fighter/FPGA_Project/Driver_Gyro.v' instead.
WARNING: [Project 1-312] File not found as 'C:/Users/81330/Desktop/FPGA/FPGA-Shake-Fighter1/Sourcecode/GyroAWS_Demo/Desktop/FPGA/SEA/Examples/FPGA/4.Module-Interface/Mini-HDMI-Interface/HDMI_Demo/HDMI_Demo.srcs/sources_1/new/Driver_HDMI.v'; using path 'C:/Users/81330/Desktop/FPGA/SEA/Examples/FPGA/4.Module-Interface/Mini-HDMI-Interface/HDMI_Demo/HDMI_Demo.srcs/sources_1/new/Driver_HDMI.v' instead.
WARNING: [Project 1-312] File not found as 'C:/Users/81330/Desktop/FPGA/FPGA-Shake-Fighter1/Sourcecode/GyroAWS_Demo/Desktop/FPGA/FPGA-Shake-Fighter/FPGA_Project/Driver_IIC.v'; using path 'C:/Users/81330/Desktop/FPGA/FPGA-Shake-Fighter/FPGA_Project/Driver_IIC.v' instead.
WARNING: [Project 1-312] File not found as 'C:/Users/81330/Desktop/FPGA/FPGA-Shake-Fighter1/Sourcecode/GyroAWS_Demo/Desktop/FPGA/FPGA-Shake-Fighter/FPGA_Project/Gyro2ram.v'; using path 'C:/Users/81330/Desktop/FPGA/FPGA-Shake-Fighter/FPGA_Project/Gyro2ram.v' instead.
WARNING: [Project 1-312] File not found as 'C:/Users/81330/Desktop/FPGA/FPGA-Shake-Fighter1/Sourcecode/GyroAWS_Demo/Desktop/FPGA/SEA/Examples/FPGA/4.Module-Interface/Mini-HDMI-Interface/HDMI_Demo/HDMI_Demo.srcs/sources_1/new/Video_Generator.v'; using path 'C:/Users/81330/Desktop/FPGA/SEA/Examples/FPGA/4.Module-Interface/Mini-HDMI-Interface/HDMI_Demo/HDMI_Demo.srcs/sources_1/new/Video_Generator.v' instead.
WARNING: [Project 1-312] File not found as 'C:/Users/81330/Desktop/FPGA/FPGA-Shake-Fighter1/Sourcecode/GyroAWS_Demo/Desktop/FPGA/FPGA-Shake-Fighter/FPGA_Project/qspi_slave.v'; using path 'C:/Users/81330/Desktop/FPGA/FPGA-Shake-Fighter/FPGA_Project/qspi_slave.v' instead.
WARNING: [Project 1-312] File not found as 'C:/Users/81330/Desktop/FPGA/FPGA-Shake-Fighter1/Sourcecode/GyroAWS_Demo/Desktop/FPGA/FPGA-Shake-Fighter/FPGA_Project/Gyro_Demo.v'; using path 'C:/Users/81330/Desktop/FPGA/FPGA-Shake-Fighter/FPGA_Project/Gyro_Demo.v' instead.
WARNING: [Project 1-312] File not found as 'C:/Users/81330/Desktop/FPGA/FPGA-Shake-Fighter1/Sourcecode/GyroAWS_Demo/Desktop/FPGA/SEA/Examples/FPGA-IP/Mini-HDMI-IP/IP/RGB2DVI_IP/src/DVI_Constants.vhd'; using path 'C:/Users/81330/Desktop/FPGA/SEA/Examples/FPGA-IP/Mini-HDMI-IP/IP/RGB2DVI_IP/src/DVI_Constants.vhd' instead.
WARNING: [Project 1-312] File not found as 'C:/Users/81330/Desktop/FPGA/FPGA-Shake-Fighter1/Sourcecode/GyroAWS_Demo/Desktop/FPGA/SEA/Examples/FPGA/4.Module-Interface/Mini-HDMI-Interface/HDMI_Demo/HDMI_Demo.srcs/sources_1/new/HDMI_Demo.v'; using path 'C:/Users/81330/Desktop/FPGA/SEA/Examples/FPGA/4.Module-Interface/Mini-HDMI-Interface/HDMI_Demo/HDMI_Demo.srcs/sources_1/new/HDMI_Demo.v' instead.
WARNING: [Project 1-312] File not found as 'C:/Users/81330/Desktop/FPGA/FPGA-Shake-Fighter1/Sourcecode/GyroAWS_Demo/Desktop/FPGA/FPGA-Shake-Fighter/FPGA_Project/system.xdc'; using path 'C:/Users/81330/Desktop/FPGA/FPGA-Shake-Fighter/FPGA_Project/system.xdc' instead.
WARNING: [Project 1-312] File not found as 'C:/Users/81330/Desktop/FPGA/FPGA-Shake-Fighter1/Sourcecode/GyroAWS_Demo/Desktop/FPGA/FPGA-Shake-Fighter/FPGA_Project/Clk_Division.v'; using path 'C:/Users/81330/Desktop/FPGA/FPGA-Shake-Fighter/FPGA_Project/Clk_Division.v' instead.
WARNING: [Project 1-312] File not found as 'C:/Users/81330/Desktop/FPGA/FPGA-Shake-Fighter1/Sourcecode/GyroAWS_Demo/Desktop/FPGA/FPGA-Shake-Fighter/FPGA_Project/Driver_Gyro.v'; using path 'C:/Users/81330/Desktop/FPGA/FPGA-Shake-Fighter/FPGA_Project/Driver_Gyro.v' instead.
WARNING: [Project 1-312] File not found as 'C:/Users/81330/Desktop/FPGA/FPGA-Shake-Fighter1/Sourcecode/GyroAWS_Demo/Desktop/FPGA/SEA/Examples/FPGA/4.Module-Interface/Mini-HDMI-Interface/HDMI_Demo/HDMI_Demo.srcs/sources_1/new/Driver_HDMI.v'; using path 'C:/Users/81330/Desktop/FPGA/SEA/Examples/FPGA/4.Module-Interface/Mini-HDMI-Interface/HDMI_Demo/HDMI_Demo.srcs/sources_1/new/Driver_HDMI.v' instead.
WARNING: [Project 1-312] File not found as 'C:/Users/81330/Desktop/FPGA/FPGA-Shake-Fighter1/Sourcecode/GyroAWS_Demo/Desktop/FPGA/FPGA-Shake-Fighter/FPGA_Project/Driver_IIC.v'; using path 'C:/Users/81330/Desktop/FPGA/FPGA-Shake-Fighter/FPGA_Project/Driver_IIC.v' instead.
WARNING: [Project 1-312] File not found as 'C:/Users/81330/Desktop/FPGA/FPGA-Shake-Fighter1/Sourcecode/GyroAWS_Demo/Desktop/FPGA/FPGA-Shake-Fighter/FPGA_Project/Gyro2ram.v'; using path 'C:/Users/81330/Desktop/FPGA/FPGA-Shake-Fighter/FPGA_Project/Gyro2ram.v' instead.
WARNING: [Project 1-312] File not found as 'C:/Users/81330/Desktop/FPGA/FPGA-Shake-Fighter1/Sourcecode/GyroAWS_Demo/Desktop/FPGA/SEA/Examples/FPGA/4.Module-Interface/Mini-HDMI-Interface/HDMI_Demo/HDMI_Demo.srcs/sources_1/new/Video_Generator.v'; using path 'C:/Users/81330/Desktop/FPGA/SEA/Examples/FPGA/4.Module-Interface/Mini-HDMI-Interface/HDMI_Demo/HDMI_Demo.srcs/sources_1/new/Video_Generator.v' instead.
WARNING: [Project 1-312] File not found as 'C:/Users/81330/Desktop/FPGA/FPGA-Shake-Fighter1/Sourcecode/GyroAWS_Demo/Desktop/FPGA/FPGA-Shake-Fighter/FPGA_Project/qspi_slave.v'; using path 'C:/Users/81330/Desktop/FPGA/FPGA-Shake-Fighter/FPGA_Project/qspi_slave.v' instead.
WARNING: [Project 1-312] File not found as 'C:/Users/81330/Desktop/FPGA/FPGA-Shake-Fighter1/Sourcecode/GyroAWS_Demo/Desktop/FPGA/FPGA-Shake-Fighter/FPGA_Project/Gyro_Demo.v'; using path 'C:/Users/81330/Desktop/FPGA/FPGA-Shake-Fighter/FPGA_Project/Gyro_Demo.v' instead.
WARNING: [Project 1-312] File not found as 'C:/Users/81330/Desktop/FPGA/FPGA-Shake-Fighter1/Sourcecode/GyroAWS_Demo/Desktop/FPGA/SEA/Examples/FPGA-IP/Mini-HDMI-IP/IP/RGB2DVI_IP/src/DVI_Constants.vhd'; using path 'C:/Users/81330/Desktop/FPGA/SEA/Examples/FPGA-IP/Mini-HDMI-IP/IP/RGB2DVI_IP/src/DVI_Constants.vhd' instead.
WARNING: [Project 1-312] File not found as 'C:/Users/81330/Desktop/FPGA/FPGA-Shake-Fighter1/Sourcecode/GyroAWS_Demo/Desktop/FPGA/SEA/Examples/FPGA/4.Module-Interface/Mini-HDMI-Interface/HDMI_Demo/HDMI_Demo.srcs/sources_1/new/HDMI_Demo.v'; using path 'C:/Users/81330/Desktop/FPGA/SEA/Examples/FPGA/4.Module-Interface/Mini-HDMI-Interface/HDMI_Demo/HDMI_Demo.srcs/sources_1/new/HDMI_Demo.v' instead.
WARNING: [Project 1-312] File not found as 'C:/Users/81330/Desktop/FPGA/FPGA-Shake-Fighter1/Sourcecode/GyroAWS_Demo/Desktop/FPGA/FPGA-Shake-Fighter/FPGA_Project/system.xdc'; using path 'C:/Users/81330/Desktop/FPGA/FPGA-Shake-Fighter/FPGA_Project/system.xdc' instead.
INFO: [filemgmt 56-1] IP Repository Path: Directory not found as 'C:/Users/81330/Desktop/FPGA/FPGA-Shake-Fighter1/Sourcecode/GyroAWS_Demo/Desktop/FPGA/SEA/Examples/FPGA/4.Module-Interface/Mini-HDMI-Interface/HDMI_Demo/HDMI_Demo.ip_user_files/ip/rgb2dvi_0'; using path 'C:/Users/81330/Desktop/FPGA/SEA/Examples/FPGA/4.Module-Interface/Mini-HDMI-Interface/HDMI_Demo/HDMI_Demo.ip_user_files/ip/rgb2dvi_0' instead.
INFO: [filemgmt 56-1] IP Repository Path: Directory not found as 'C:/Users/81330/Desktop/FPGA/FPGA-Shake-Fighter1/Sourcecode/GyroAWS_Demo/Desktop/FPGA/SEA/Examples/FPGA/4.Module-Interface/Mini-HDMI-Interface/HDMI_Demo/HDMI_Demo.ip_user_files/ip/Picture_R_Rom'; using path 'C:/Users/81330/Desktop/FPGA/SEA/Examples/FPGA/4.Module-Interface/Mini-HDMI-Interface/HDMI_Demo/HDMI_Demo.ip_user_files/ip/Picture_R_Rom' instead.
INFO: [filemgmt 56-1] IP Repository Path: Directory not found as 'C:/Users/81330/Desktop/FPGA/FPGA-Shake-Fighter1/Sourcecode/GyroAWS_Demo/Desktop/FPGA/SEA/Examples/FPGA/4.Module-Interface/Mini-HDMI-Interface/HDMI_Demo/HDMI_Demo.ip_user_files/ip/Picture_G_Rom'; using path 'C:/Users/81330/Desktop/FPGA/SEA/Examples/FPGA/4.Module-Interface/Mini-HDMI-Interface/HDMI_Demo/HDMI_Demo.ip_user_files/ip/Picture_G_Rom' instead.
INFO: [filemgmt 56-1] IP Repository Path: Directory not found as 'C:/Users/81330/Desktop/FPGA/FPGA-Shake-Fighter1/Sourcecode/GyroAWS_Demo/Desktop/FPGA/SEA/Examples/FPGA/4.Module-Interface/Mini-HDMI-Interface/HDMI_Demo/HDMI_Demo.ip_user_files/ip/Picture_B_Rom'; using path 'C:/Users/81330/Desktop/FPGA/SEA/Examples/FPGA/4.Module-Interface/Mini-HDMI-Interface/HDMI_Demo/HDMI_Demo.ip_user_files/ip/Picture_B_Rom' instead.
INFO: [IP_Flow 19-234] Refreshing IP repositories
INFO: [IP_Flow 19-1700] Loaded user IP repository 'c:/Users/81330/Desktop/FPGA/SEA/Examples/FPGA/4.Module-Interface/Mini-HDMI-Interface/HDMI_Demo/HDMI_Demo.ip_user_files/ip/rgb2dvi_0'.
INFO: [IP_Flow 19-1700] Loaded user IP repository 'c:/Users/81330/Desktop/FPGA/SEA/Examples/FPGA/4.Module-Interface/Mini-HDMI-Interface/HDMI_Demo/HDMI_Demo.ip_user_files/ip/Picture_R_Rom'.
INFO: [IP_Flow 19-1700] Loaded user IP repository 'c:/Users/81330/Desktop/FPGA/SEA/Examples/FPGA/4.Module-Interface/Mini-HDMI-Interface/HDMI_Demo/HDMI_Demo.ip_user_files/ip/Picture_G_Rom'.
INFO: [IP_Flow 19-1700] Loaded user IP repository 'c:/Users/81330/Desktop/FPGA/SEA/Examples/FPGA/4.Module-Interface/Mini-HDMI-Interface/HDMI_Demo/HDMI_Demo.ip_user_files/ip/Picture_B_Rom'.
INFO: [IP_Flow 19-2313] Loaded Vivado IP repository 'E:/xilinxvivado/Vivado/2018.3/data/ip'.
open_project: Time (s): cpu = 00:00:22 ; elapsed = 00:00:11 . Memory (MB): peak = 840.266 ; gain = 219.965
update_compile_order -fileset sources_1
open_run impl_1
INFO: [Netlist 29-17] Analyzing 68 Unisim elements for replacement
INFO: [Netlist 29-28] Unisim Transformation completed in 0 CPU seconds
INFO: [Project 1-479] Netlist was created with Vivado 2018.3
INFO: [Device 21-403] Loading part xc7s15ftgb196-1
INFO: [Project 1-570] Preparing netlist for logic optimization
INFO: [Constraints 18-4398] Generator version for shapeDB does not match. shapeDB will be regenerated.
INFO: [Timing 38-478] Restoring timing data from binary archive.
INFO: [Timing 38-479] Binary timing data restore complete.
INFO: [Project 1-856] Restoring constraints from binary archive.
INFO: [Project 1-853] Binary constraint restore complete.
Reading XDEF placement.
Reading placer database...
Reading XDEF routing.
Read XDEF File: Time (s): cpu = 00:00:00 ; elapsed = 00:00:00.149 . Memory (MB): peak = 1534.301 ; gain = 0.000
Restored from archive | CPU: 0.000000 secs | Memory: 0.000000 MB |
Finished XDEF File Restore: Time (s): cpu = 00:00:00 ; elapsed = 00:00:00.149 . Memory (MB): peak = 1534.301 ; gain = 0.000
Netlist sorting complete. Time (s): cpu = 00:00:00 ; elapsed = 00:00:00.001 . Memory (MB): peak = 1534.301 ; gain = 0.000
INFO: [Project 1-111] Unisim Transformation Summary:
  A total of 5 instances were transformed.
  IOBUF => IOBUF (IBUF, OBUFT): 5 instances

open_run: Time (s): cpu = 00:00:27 ; elapsed = 00:00:20 . Memory (MB): peak = 1628.746 ; gain = 459.676
CRITICAL WARNING: [Timing 38-282] The design failed to meet the timing requirements. Please see the timing summary report for details on the timing violations.
export_ip_user_files -of_objects  [get_files C:/Users/81330/Desktop/FPGA/SEA/Examples/FPGA/4.Module-Interface/Mini-HDMI-Interface/HDMI_Demo/HDMI_Demo.srcs/sources_1/new/HDMI_Demo.v] -no_script -reset -force -quiet
remove_files  C:/Users/81330/Desktop/FPGA/SEA/Examples/FPGA/4.Module-Interface/Mini-HDMI-Interface/HDMI_Demo/HDMI_Demo.srcs/sources_1/new/HDMI_Demo.v
reset_run impl_1 -prev_step 
launch_runs impl_1 -to_step write_bitstream -jobs 6
WARNING: [Vivado 12-872] Run step 'Design Initialization' is out-of-date.
[Sun Aug  2 16:50:20 2020] Launched impl_1...
Run output will be captured here: C:/Users/81330/Desktop/FPGA/FPGA-Shake-Fighter1/Sourcecode/GyroAWS_Demo/Gyro/Gyro.runs/impl_1/runme.log
set_property -dict [list CONFIG.CLKOUT3_USED {true} CONFIG.CLKOUT3_REQUESTED_OUT_FREQ {148.5} CONFIG.MMCM_DIVCLK_DIVIDE {1} CONFIG.MMCM_CLKFBOUT_MULT_F {10.500} CONFIG.MMCM_CLKOUT0_DIVIDE_F {10.500} CONFIG.MMCM_CLKOUT1_DIVIDE {105} CONFIG.MMCM_CLKOUT2_DIVIDE {7} CONFIG.NUM_OUT_CLKS {3} CONFIG.CLKOUT1_JITTER {126.133} CONFIG.CLKOUT1_PHASE_ERROR {94.994} CONFIG.CLKOUT2_JITTER {202.666} CONFIG.CLKOUT2_PHASE_ERROR {94.994} CONFIG.CLKOUT3_JITTER {116.798} CONFIG.CLKOUT3_PHASE_ERROR {94.994}] [get_ips clk_wiz_0]
generate_target all [get_files  C:/Users/81330/Desktop/FPGA/FPGA-Shake-Fighter1/Sourcecode/GyroAWS_Demo/Gyro/Gyro.srcs/sources_1/ip/clk_wiz_0/clk_wiz_0.xci]
INFO: [IP_Flow 19-1686] Generating 'Instantiation Template' target for IP 'clk_wiz_0'...
INFO: [IP_Flow 19-1686] Generating 'Synthesis' target for IP 'clk_wiz_0'...
INFO: [IP_Flow 19-1686] Generating 'Simulation' target for IP 'clk_wiz_0'...
INFO: [IP_Flow 19-1686] Generating 'Implementation' target for IP 'clk_wiz_0'...
INFO: [IP_Flow 19-1686] Generating 'Change Log' target for IP 'clk_wiz_0'...
catch { config_ip_cache -export [get_ips -all clk_wiz_0] }
export_ip_user_files -of_objects [get_files C:/Users/81330/Desktop/FPGA/FPGA-Shake-Fighter1/Sourcecode/GyroAWS_Demo/Gyro/Gyro.srcs/sources_1/ip/clk_wiz_0/clk_wiz_0.xci] -no_script -sync -force -quiet
reset_run clk_wiz_0_synth_1
launch_runs -jobs 6 clk_wiz_0_synth_1
[Sun Aug  2 16:53:27 2020] Launched clk_wiz_0_synth_1...
Run output will be captured here: C:/Users/81330/Desktop/FPGA/FPGA-Shake-Fighter1/Sourcecode/GyroAWS_Demo/Gyro/Gyro.runs/clk_wiz_0_synth_1/runme.log
export_simulation -of_objects [get_files C:/Users/81330/Desktop/FPGA/FPGA-Shake-Fighter1/Sourcecode/GyroAWS_Demo/Gyro/Gyro.srcs/sources_1/ip/clk_wiz_0/clk_wiz_0.xci] -directory C:/Users/81330/Desktop/FPGA/FPGA-Shake-Fighter1/Sourcecode/GyroAWS_Demo/Gyro/Gyro.ip_user_files/sim_scripts -ip_user_files_dir C:/Users/81330/Desktop/FPGA/FPGA-Shake-Fighter1/Sourcecode/GyroAWS_Demo/Gyro/Gyro.ip_user_files -ipstatic_source_dir C:/Users/81330/Desktop/FPGA/FPGA-Shake-Fighter1/Sourcecode/GyroAWS_Demo/Gyro/Gyro.ip_user_files/ipstatic -lib_map_path [list {modelsim=C:/Users/81330/Desktop/FPGA/FPGA-Shake-Fighter1/Sourcecode/GyroAWS_Demo/Gyro/Gyro.cache/compile_simlib/modelsim} {questa=C:/Users/81330/Desktop/FPGA/FPGA-Shake-Fighter1/Sourcecode/GyroAWS_Demo/Gyro/Gyro.cache/compile_simlib/questa} {riviera=C:/Users/81330/Desktop/FPGA/FPGA-Shake-Fighter1/Sourcecode/GyroAWS_Demo/Gyro/Gyro.cache/compile_simlib/riviera} {activehdl=C:/Users/81330/Desktop/FPGA/FPGA-Shake-Fighter1/Sourcecode/GyroAWS_Demo/Gyro/Gyro.cache/compile_simlib/activehdl}] -use_ip_compiled_libs -force -quiet
reset_run synth_1
launch_runs impl_1 -to_step write_bitstream -jobs 6
[Sun Aug  2 16:55:32 2020] Launched synth_1...
Run output will be captured here: C:/Users/81330/Desktop/FPGA/FPGA-Shake-Fighter1/Sourcecode/GyroAWS_Demo/Gyro/Gyro.runs/synth_1/runme.log
[Sun Aug  2 16:55:33 2020] Launched impl_1...
Run output will be captured here: C:/Users/81330/Desktop/FPGA/FPGA-Shake-Fighter1/Sourcecode/GyroAWS_Demo/Gyro/Gyro.runs/impl_1/runme.log
reset_run synth_1
launch_runs synth_1 -jobs 6
[Sun Aug  2 16:59:58 2020] Launched synth_1...
Run output will be captured here: C:/Users/81330/Desktop/FPGA/FPGA-Shake-Fighter1/Sourcecode/GyroAWS_Demo/Gyro/Gyro.runs/synth_1/runme.log
launch_runs impl_1 -to_step write_bitstream -jobs 6
[Sun Aug  2 17:00:56 2020] Launched impl_1...
Run output will be captured here: C:/Users/81330/Desktop/FPGA/FPGA-Shake-Fighter1/Sourcecode/GyroAWS_Demo/Gyro/Gyro.runs/impl_1/runme.log
exit
INFO: [Common 17-206] Exiting Vivado at Sun Aug  2 17:04:14 2020...
