#-----------------------------------------------------------
# Vivado v2018.3 (64-bit)
# SW Build 2405991 on Thu Dec  6 23:38:27 MST 2018
# IP Build 2404404 on Fri Dec  7 01:43:56 MST 2018
# Start of session at: Fri Jul 31 14:28:20 2020
# Process ID: 14440
# Current directory: C:/Users/81330/Desktop/FPGA/QSPI
# Command line: vivado.exe -gui_launcher_event rodinguilauncherevent10896 C:\Users\81330\Desktop\FPGA\QSPI\QSPI.xpr
# Log file: C:/Users/81330/Desktop/FPGA/QSPI/vivado.log
# Journal file: C:/Users/81330/Desktop/FPGA/QSPI\vivado.jou
#-----------------------------------------------------------
start_gui
open_project C:/Users/81330/Desktop/FPGA/QSPI/QSPI.xpr
Scanning sources...
Finished scanning sources
INFO: [IP_Flow 19-234] Refreshing IP repositories
INFO: [IP_Flow 19-1704] No user IP repositories specified
INFO: [IP_Flow 19-2313] Loaded Vivado IP repository 'E:/xilinxvivado/Vivado/2018.3/data/ip'.
open_project: Time (s): cpu = 00:00:14 ; elapsed = 00:00:15 . Memory (MB): peak = 789.711 ; gain = 200.676
update_compile_order -fileset sources_1
reset_run impl_1 -prev_step 
launch_runs impl_1 -to_step write_bitstream -jobs 6
[Fri Jul 31 17:47:22 2020] Launched impl_1...
Run output will be captured here: C:/Users/81330/Desktop/FPGA/QSPI/QSPI.runs/impl_1/runme.log
open_hw
reset_run synth_1
launch_runs synth_1 -jobs 6
[Fri Jul 31 21:57:50 2020] Launched synth_1...
Run output will be captured here: C:/Users/81330/Desktop/FPGA/QSPI/QSPI.runs/synth_1/runme.log
launch_runs impl_1 -jobs 6
[Fri Jul 31 21:58:45 2020] Launched impl_1...
Run output will be captured here: C:/Users/81330/Desktop/FPGA/QSPI/QSPI.runs/impl_1/runme.log
launch_runs impl_1 -to_step write_bitstream -jobs 6
[Fri Jul 31 21:59:51 2020] Launched impl_1...
Run output will be captured here: C:/Users/81330/Desktop/FPGA/QSPI/QSPI.runs/impl_1/runme.log
reset_run impl_1 -prev_step 
launch_runs impl_1 -to_step write_bitstream -jobs 6
WARNING: [Vivado 12-872] Run step 'Design Initialization' is out-of-date.
[Fri Jul 31 22:03:09 2020] Launched impl_1...
Run output will be captured here: C:/Users/81330/Desktop/FPGA/QSPI/QSPI.runs/impl_1/runme.log
exit
INFO: [Common 17-206] Exiting Vivado at Fri Jul 31 22:31:57 2020...
