#-----------------------------------------------------------
# Vivado v2018.3 (64-bit)
# SW Build 2405991 on Thu Dec  6 23:38:27 MST 2018
# IP Build 2404404 on Fri Dec  7 01:43:56 MST 2018
# Start of session at: Sun Aug  2 12:53:43 2020
# Process ID: 12916
# Current directory: C:/Users/81330/Desktop/FPGA/QSPI
# Command line: vivado.exe -gui_launcher_event rodinguilauncherevent15128 C:\Users\81330\Desktop\FPGA\QSPI\QSPI.xpr
# Log file: C:/Users/81330/Desktop/FPGA/QSPI/vivado.log
# Journal file: C:/Users/81330/Desktop/FPGA/QSPI\vivado.jou
#-----------------------------------------------------------
start_gui
open_project C:/Users/81330/Desktop/FPGA/QSPI/QSPI.xpr
Scanning sources...
Finished scanning sources
INFO: [IP_Flow 19-234] Refreshing IP repositories
INFO: [IP_Flow 19-1700] Loaded user IP repository 'c:/Users/81330/Desktop/FPGA/QSPI/QSPI.ip_user_files/ip/Picture_B_Rom'.
INFO: [IP_Flow 19-1700] Loaded user IP repository 'c:/Users/81330/Desktop/FPGA/QSPI/QSPI.ip_user_files/ip/Picture_G_Rom'.
INFO: [IP_Flow 19-1700] Loaded user IP repository 'c:/Users/81330/Desktop/FPGA/QSPI/QSPI.ip_user_files/ip/Picture_R_Rom'.
INFO: [IP_Flow 19-1700] Loaded user IP repository 'c:/Users/81330/Desktop/FPGA/QSPI/QSPI.ip_user_files/ip/rgb2dvi_0'.
INFO: [IP_Flow 19-2313] Loaded Vivado IP repository 'E:/xilinxvivado/Vivado/2018.3/data/ip'.
WARNING: [IP_Flow 19-2162] IP 'rgb2dvi_0' is locked:
* IP definition 'rgb2dvi (1.2)' for IP 'rgb2dvi_0' (customized with software release 2018.3) was not found in the IP Catalog.
Please select 'Report IP Status' from the 'Tools/Report' menu or run Tcl command 'report_ip_status' for more information.
open_project: Time (s): cpu = 00:00:17 ; elapsed = 00:00:09 . Memory (MB): peak = 819.598 ; gain = 199.594
update_compile_order -fileset sources_1
launch_runs impl_1 -jobs 6
WARNING: [Project 1-576] IP 'C:/Users/81330/Desktop/FPGA/QSPI/QSPI.srcs/sources_1/ip/rgb2dvi_0/rgb2dvi_0.xci' in run rgb2dvi_0_synth_1 is locked, no out-of-context (OOC) run will be launched. The run may not be able to complete.
Please select 'Report IP Status' from 'Tools/Report' or run the Tcl command 'report_ip_status' for more information.
[Sun Aug  2 12:55:55 2020] Launched rgb2dvi_0_synth_1, synth_1...
Run output will be captured here:
rgb2dvi_0_synth_1: C:/Users/81330/Desktop/FPGA/QSPI/QSPI.runs/rgb2dvi_0_synth_1/runme.log
synth_1: C:/Users/81330/Desktop/FPGA/QSPI/QSPI.runs/synth_1/runme.log
[Sun Aug  2 12:55:55 2020] Launched impl_1...
Run output will be captured here: C:/Users/81330/Desktop/FPGA/QSPI/QSPI.runs/impl_1/runme.log
update_ip_catalog -add_ip C:/Users/81330/Desktop/FPGA/SEA/SEA/Examples/FPGA-IP/Mini-HDMI-IP/IP/RGB2DVI_IP/component.xml -repo_path c:/Users/81330/Desktop/FPGA/QSPI/QSPI.ip_user_files/ip/rgb2dvi_0
INFO: [IP_Flow 19-1655] Copied IP 'digilentinc.com:ip:rgb2dvi:1.2' into repository 'c:/Users/81330/Desktop/FPGA/QSPI/QSPI.ip_user_files/ip/rgb2dvi_0' at c:/Users/81330/Desktop/FPGA/QSPI/QSPI.ip_user_files/ip/rgb2dvi_0/RGB2DVI_IP.
INFO: [IP_Flow 19-725] Reloaded user IP repository 'c:/Users/81330/Desktop/FPGA/QSPI/QSPI.ip_user_files/ip/rgb2dvi_0'
reset_run rgb2dvi_0_synth_1
reset_run synth_1
launch_runs synth_1 -jobs 6
INFO: [IP_Flow 19-1686] Generating 'Synthesis' target for IP 'rgb2dvi_0'...
[Sun Aug  2 12:57:05 2020] Launched rgb2dvi_0_synth_1...
Run output will be captured here: C:/Users/81330/Desktop/FPGA/QSPI/QSPI.runs/rgb2dvi_0_synth_1/runme.log
[Sun Aug  2 12:57:05 2020] Launched synth_1...
Run output will be captured here: C:/Users/81330/Desktop/FPGA/QSPI/QSPI.runs/synth_1/runme.log
launch_runs impl_1 -jobs 6
[Sun Aug  2 12:58:13 2020] Launched impl_1...
Run output will be captured here: C:/Users/81330/Desktop/FPGA/QSPI/QSPI.runs/impl_1/runme.log
launch_runs impl_1 -to_step write_bitstream -jobs 6
[Sun Aug  2 12:59:26 2020] Launched impl_1...
Run output will be captured here: C:/Users/81330/Desktop/FPGA/QSPI/QSPI.runs/impl_1/runme.log
import_files
INFO: [filemgmt 20-334] All file(s) are already imported in fileset: 'Picture_B_Rom'
INFO: [filemgmt 20-348] Importing the appropriate files for fileset: 'Picture_B_Rom'
INFO: [filemgmt 20-334] All file(s) are already imported in fileset: 'Picture_G_Rom'
INFO: [filemgmt 20-348] Importing the appropriate files for fileset: 'Picture_G_Rom'
INFO: [filemgmt 20-334] All file(s) are already imported in fileset: 'Picture_R_Rom'
INFO: [filemgmt 20-348] Importing the appropriate files for fileset: 'Picture_R_Rom'
INFO: [filemgmt 20-334] All file(s) are already imported in fileset: 'blk_mem_gen_0'
INFO: [filemgmt 20-348] Importing the appropriate files for fileset: 'blk_mem_gen_0'
INFO: [filemgmt 20-334] All file(s) are already imported in fileset: 'clk_wiz_0'
INFO: [filemgmt 20-348] Importing the appropriate files for fileset: 'clk_wiz_0'
INFO: [filemgmt 20-334] All file(s) are already imported in fileset: 'rgb2dvi_0'
INFO: [filemgmt 20-348] Importing the appropriate files for fileset: 'rgb2dvi_0'
INFO: [filemgmt 20-348] Importing the appropriate files for fileset: 'constrs_1'
INFO: [filemgmt 20-348] Importing the appropriate files for fileset: 'sources_1'
INFO: [Device 21-403] Loading part xc7s15ftgb196-1
INFO: [Common 17-41] Interrupt caught. Command should exit soon.
INFO: [Common 17-344] 'import_files' was cancelled
export_ip_user_files -of_objects  [get_files C:/Users/81330/Desktop/FPGA/QSPI/QSPI.srcs/sources_1/ip/rgb2dvi_0/rgb2dvi_0.xci] -no_script -reset -force -quiet
remove_files  -fileset rgb2dvi_0 C:/Users/81330/Desktop/FPGA/QSPI/QSPI.srcs/sources_1/ip/rgb2dvi_0/rgb2dvi_0.xci
INFO: [Project 1-386] Moving file 'C:/Users/81330/Desktop/FPGA/QSPI/QSPI.srcs/sources_1/ip/rgb2dvi_0/rgb2dvi_0.xci' from fileset 'rgb2dvi_0' to fileset 'sources_1'.
couldn't read file "c:/Users/81330/Desktop/FPGA/QSPI/QSPI.ip_user_files/ip/rgb2dvi_0/RGB2DVI_IP/xgui/rgb2dvi_v1_2.tcl": no such file or directory
WARNING: [IP_Flow 19-3303] Errors found in sourcing XGUI file 'c:/Users/81330/Desktop/FPGA/QSPI/QSPI.ip_user_files/ip/rgb2dvi_0/RGB2DVI_IP/xgui/rgb2dvi_v1_2.tcl'. couldn't read file "c:/Users/81330/Desktop/FPGA/QSPI/QSPI.ip_user_files/ip/rgb2dvi_0/RGB2DVI_IP/xgui/rgb2dvi_v1_2.tcl": no such file or directory
ERROR: [IP_Flow 19-3428] Failed to create Customization object rgb2dvi_0
CRITICAL WARNING: [IP_Flow 19-973] Failed to create IP instance 'rgb2dvi_0'. Error during customization.
couldn't read file "c:/Users/81330/Desktop/FPGA/QSPI/QSPI.ip_user_files/ip/rgb2dvi_0/RGB2DVI_IP/xgui/rgb2dvi_v1_2.tcl": no such file or directory
WARNING: [IP_Flow 19-3303] Errors found in sourcing XGUI file 'c:/Users/81330/Desktop/FPGA/QSPI/QSPI.ip_user_files/ip/rgb2dvi_0/RGB2DVI_IP/xgui/rgb2dvi_v1_2.tcl'. couldn't read file "c:/Users/81330/Desktop/FPGA/QSPI/QSPI.ip_user_files/ip/rgb2dvi_0/RGB2DVI_IP/xgui/rgb2dvi_v1_2.tcl": no such file or directory
ERROR: [IP_Flow 19-3428] Failed to create Customization object rgb2dvi_0
CRITICAL WARNING: [IP_Flow 19-973] Failed to create IP instance 'rgb2dvi_0'. Error during customization.
couldn't read file "c:/Users/81330/Desktop/FPGA/QSPI/QSPI.ip_user_files/ip/rgb2dvi_0/RGB2DVI_IP/xgui/rgb2dvi_v1_2.tcl": no such file or directory
WARNING: [IP_Flow 19-3303] Errors found in sourcing XGUI file 'c:/Users/81330/Desktop/FPGA/QSPI/QSPI.ip_user_files/ip/rgb2dvi_0/RGB2DVI_IP/xgui/rgb2dvi_v1_2.tcl'. couldn't read file "c:/Users/81330/Desktop/FPGA/QSPI/QSPI.ip_user_files/ip/rgb2dvi_0/RGB2DVI_IP/xgui/rgb2dvi_v1_2.tcl": no such file or directory
ERROR: [IP_Flow 19-3428] Failed to create Customization object rgb2dvi_0
CRITICAL WARNING: [IP_Flow 19-973] Failed to create IP instance 'rgb2dvi_0'. Error during customization.
couldn't read file "c:/Users/81330/Desktop/FPGA/QSPI/QSPI.ip_user_files/ip/rgb2dvi_0/RGB2DVI_IP/xgui/rgb2dvi_v1_2.tcl": no such file or directory
WARNING: [IP_Flow 19-3303] Errors found in sourcing XGUI file 'c:/Users/81330/Desktop/FPGA/QSPI/QSPI.ip_user_files/ip/rgb2dvi_0/RGB2DVI_IP/xgui/rgb2dvi_v1_2.tcl'. couldn't read file "c:/Users/81330/Desktop/FPGA/QSPI/QSPI.ip_user_files/ip/rgb2dvi_0/RGB2DVI_IP/xgui/rgb2dvi_v1_2.tcl": no such file or directory
ERROR: [IP_Flow 19-3428] Failed to create Customization object rgb2dvi_0
CRITICAL WARNING: [IP_Flow 19-973] Failed to create IP instance 'rgb2dvi_0'. Error during customization.
update_ip_catalog -delete_ip digilentinc.com:ip:rgb2dvi:1.2 -repo_path c:/Users/81330/Desktop/FPGA/QSPI/QSPI.ip_user_files/ip/rgb2dvi_0
WARNING: [IP_Flow 19-881] Failed to delete file 'c:/Users/81330/Desktop/FPGA/QSPI/QSPI.ip_user_files/ip/rgb2dvi_0/RGB2DVI_IP/src/rgb2dvi.xdc' because it doesn't exist.
WARNING: [IP_Flow 19-881] Failed to delete file 'c:/Users/81330/Desktop/FPGA/QSPI/QSPI.ip_user_files/ip/rgb2dvi_0/RGB2DVI_IP/src/rgb2dvi_ooc.xdc' because it doesn't exist.
WARNING: [IP_Flow 19-881] Failed to delete file 'c:/Users/81330/Desktop/FPGA/QSPI/QSPI.ip_user_files/ip/rgb2dvi_0/RGB2DVI_IP/src/rgb2dvi_clocks.xdc' because it doesn't exist.
WARNING: [IP_Flow 19-881] Failed to delete file 'c:/Users/81330/Desktop/FPGA/QSPI/QSPI.ip_user_files/ip/rgb2dvi_0/RGB2DVI_IP/src/ClockGen.vhd' because it doesn't exist.
WARNING: [IP_Flow 19-881] Failed to delete file 'c:/Users/81330/Desktop/FPGA/QSPI/QSPI.ip_user_files/ip/rgb2dvi_0/RGB2DVI_IP/src/SyncAsync.vhd' because it doesn't exist.
WARNING: [IP_Flow 19-881] Failed to delete file 'c:/Users/81330/Desktop/FPGA/QSPI/QSPI.ip_user_files/ip/rgb2dvi_0/RGB2DVI_IP/src/SyncAsyncReset.vhd' because it doesn't exist.
WARNING: [IP_Flow 19-881] Failed to delete file 'c:/Users/81330/Desktop/FPGA/QSPI/QSPI.ip_user_files/ip/rgb2dvi_0/RGB2DVI_IP/src/DVI_Constants.vhd' because it doesn't exist.
WARNING: [IP_Flow 19-881] Failed to delete file 'c:/Users/81330/Desktop/FPGA/QSPI/QSPI.ip_user_files/ip/rgb2dvi_0/RGB2DVI_IP/src/OutputSERDES.vhd' because it doesn't exist.
WARNING: [IP_Flow 19-881] Failed to delete file 'c:/Users/81330/Desktop/FPGA/QSPI/QSPI.ip_user_files/ip/rgb2dvi_0/RGB2DVI_IP/src/TMDS_Encoder.vhd' because it doesn't exist.
WARNING: [IP_Flow 19-881] Failed to delete file 'c:/Users/81330/Desktop/FPGA/QSPI/QSPI.ip_user_files/ip/rgb2dvi_0/RGB2DVI_IP/src/rgb2dvi.vhd' because it doesn't exist.
WARNING: [IP_Flow 19-881] Failed to delete file 'c:/Users/81330/Desktop/FPGA/QSPI/QSPI.ip_user_files/ip/rgb2dvi_0/RGB2DVI_IP/xgui/rgb2dvi_v1_2.tcl' because it doesn't exist.
WARNING: [IP_Flow 19-881] Failed to delete file 'c:/Users/81330/Desktop/FPGA/QSPI/QSPI.ip_user_files/ip/rgb2dvi_0/RGB2DVI_IP/docs/rgb2dvi_v1_2.pdf' because it doesn't exist.
WARNING: [IP_Flow 19-881] Failed to delete file 'c:/Users/81330/Desktop/FPGA/QSPI/QSPI.ip_user_files/ip/rgb2dvi_0/RGB2DVI_IP/component.xml' because it doesn't exist.
INFO: [IP_Flow 19-1659] Deleted IP 'digilentinc.com:ip:rgb2dvi:1.2' from repository 'c:/Users/81330/Desktop/FPGA/QSPI/QSPI.ip_user_files/ip/rgb2dvi_0' at c:/Users/81330/Desktop/FPGA/QSPI/QSPI.ip_user_files/ip/rgb2dvi_0/RGB2DVI_IP.
INFO: [IP_Flow 19-725] Reloaded user IP repository 'c:/Users/81330/Desktop/FPGA/QSPI/QSPI.ip_user_files/ip/rgb2dvi_0'
update_ip_catalog -add_ip C:/Users/81330/Desktop/FPGA/SEA/SEA/Examples/FPGA-IP/Mini-HDMI-IP/IP/RGB2DVI_IP/component.xml -repo_path c:/Users/81330/Desktop/FPGA/QSPI/QSPI.ip_user_files/ip/rgb2dvi_0
INFO: [IP_Flow 19-1655] Copied IP 'digilentinc.com:ip:rgb2dvi:1.2' into repository 'c:/Users/81330/Desktop/FPGA/QSPI/QSPI.ip_user_files/ip/rgb2dvi_0' at c:/Users/81330/Desktop/FPGA/QSPI/QSPI.ip_user_files/ip/rgb2dvi_0/RGB2DVI_IP.
INFO: [IP_Flow 19-725] Reloaded user IP repository 'c:/Users/81330/Desktop/FPGA/QSPI/QSPI.ip_user_files/ip/rgb2dvi_0'
create_ip -name rgb2dvi -vendor digilentinc.com -library ip -version 1.2 -module_name rgb2dvi_0 -dir c:/Users/81330/Desktop/FPGA/QSPI/QSPI.srcs/sources_1/ip
set_property -dict [list CONFIG.kRstActiveHigh {false} CONFIG.kClkPrimitive {PLL}] [get_ips rgb2dvi_0]
generate_target {instantiation_template} [get_files c:/Users/81330/Desktop/FPGA/QSPI/QSPI.srcs/sources_1/ip/rgb2dvi_0_1/rgb2dvi_0.xci]
INFO: [IP_Flow 19-1686] Generating 'Instantiation Template' target for IP 'rgb2dvi_0'...
generate_target all [get_files  c:/Users/81330/Desktop/FPGA/QSPI/QSPI.srcs/sources_1/ip/rgb2dvi_0_1/rgb2dvi_0.xci]
INFO: [IP_Flow 19-1686] Generating 'Synthesis' target for IP 'rgb2dvi_0'...
INFO: [IP_Flow 19-1686] Generating 'Simulation' target for IP 'rgb2dvi_0'...
catch { config_ip_cache -export [get_ips -all rgb2dvi_0] }
INFO: [IP_Flow 19-4993] Using cached IP synthesis design for IP rgb2dvi_0, cache-ID = e08696c9ffa459e2; cache size = 1.635 MB.
export_ip_user_files -of_objects [get_files c:/Users/81330/Desktop/FPGA/QSPI/QSPI.srcs/sources_1/ip/rgb2dvi_0_1/rgb2dvi_0.xci] -no_script -sync -force -quiet
create_ip_run [get_files -of_objects [get_fileset sources_1] c:/Users/81330/Desktop/FPGA/QSPI/QSPI.srcs/sources_1/ip/rgb2dvi_0_1/rgb2dvi_0.xci]
INFO: [Vivado 12-3453] The given sub-design is up-to-date, no action was taken.  If a run is still desired, use the '-force' option for the file:'c:/Users/81330/Desktop/FPGA/QSPI/QSPI.srcs/sources_1/ip/rgb2dvi_0_1/rgb2dvi_0.xci'
export_simulation -of_objects [get_files c:/Users/81330/Desktop/FPGA/QSPI/QSPI.srcs/sources_1/ip/rgb2dvi_0_1/rgb2dvi_0.xci] -directory C:/Users/81330/Desktop/FPGA/QSPI/QSPI.ip_user_files/sim_scripts -ip_user_files_dir C:/Users/81330/Desktop/FPGA/QSPI/QSPI.ip_user_files -ipstatic_source_dir C:/Users/81330/Desktop/FPGA/QSPI/QSPI.ip_user_files/ipstatic -lib_map_path [list {modelsim=C:/Users/81330/Desktop/FPGA/QSPI/QSPI.cache/compile_simlib/modelsim} {questa=C:/Users/81330/Desktop/FPGA/QSPI/QSPI.cache/compile_simlib/questa} {riviera=C:/Users/81330/Desktop/FPGA/QSPI/QSPI.cache/compile_simlib/riviera} {activehdl=C:/Users/81330/Desktop/FPGA/QSPI/QSPI.cache/compile_simlib/activehdl}] -use_ip_compiled_libs -force -quiet
WARNING: [IP_Flow 19-4318] IP-XACT file does not exist: c:/Users/81330/Desktop/FPGA/QSPI/QSPI.ip_user_files/ip/rgb2dvi_0/RGB2DVI_IP/component.xml. It will be created.
update_compile_order -fileset sources_1
report_ip_status -name ip_status 
reset_run synth_1
launch_runs impl_1 -to_step write_bitstream -jobs 6
INFO: [Vivado 12-4149] The synthesis checkpoint for IP 'c:/Users/81330/Desktop/FPGA/QSPI/QSPI.srcs/sources_1/ip/rgb2dvi_0_1/rgb2dvi_0.xci' is already up-to-date
[Sun Aug  2 13:04:16 2020] Launched synth_1...
Run output will be captured here: C:/Users/81330/Desktop/FPGA/QSPI/QSPI.runs/synth_1/runme.log
[Sun Aug  2 13:04:16 2020] Launched impl_1...
Run output will be captured here: C:/Users/81330/Desktop/FPGA/QSPI/QSPI.runs/impl_1/runme.log
set_property -dict [list CONFIG.kClkPrimitive {MMCM}] [get_ips rgb2dvi_0]
generate_target all [get_files  c:/Users/81330/Desktop/FPGA/QSPI/QSPI.srcs/sources_1/ip/rgb2dvi_0_1/rgb2dvi_0.xci]
INFO: [IP_Flow 19-1686] Generating 'Instantiation Template' target for IP 'rgb2dvi_0'...
INFO: [IP_Flow 19-1686] Generating 'Synthesis' target for IP 'rgb2dvi_0'...
CRITICAL WARNING: [IP_Flow 19-663] Failed to copy file 'c:/Users/81330/Desktop/FPGA/QSPI/QSPI.ip_user_files/ip/rgb2dvi_0/RGB2DVI_IP/src/rgb2dvi.xdc', it does not exist.
CRITICAL WARNING: [IP_Flow 19-157] Failed to copy file from 'c:/Users/81330/Desktop/FPGA/QSPI/QSPI.ip_user_files/ip/rgb2dvi_0/RGB2DVI_IP/src/rgb2dvi.xdc' to 'c:/Users/81330/Desktop/FPGA/QSPI/QSPI.srcs/sources_1/ip/rgb2dvi_0_1/src/rgb2dvi.xdc'.
CRITICAL WARNING: [IP_Flow 19-663] Failed to copy file 'c:/Users/81330/Desktop/FPGA/QSPI/QSPI.ip_user_files/ip/rgb2dvi_0/RGB2DVI_IP/src/rgb2dvi_ooc.xdc', it does not exist.
CRITICAL WARNING: [IP_Flow 19-157] Failed to copy file from 'c:/Users/81330/Desktop/FPGA/QSPI/QSPI.ip_user_files/ip/rgb2dvi_0/RGB2DVI_IP/src/rgb2dvi_ooc.xdc' to 'c:/Users/81330/Desktop/FPGA/QSPI/QSPI.srcs/sources_1/ip/rgb2dvi_0_1/src/rgb2dvi_ooc.xdc'.
CRITICAL WARNING: [IP_Flow 19-663] Failed to copy file 'c:/Users/81330/Desktop/FPGA/QSPI/QSPI.ip_user_files/ip/rgb2dvi_0/RGB2DVI_IP/src/rgb2dvi_clocks.xdc', it does not exist.
CRITICAL WARNING: [IP_Flow 19-157] Failed to copy file from 'c:/Users/81330/Desktop/FPGA/QSPI/QSPI.ip_user_files/ip/rgb2dvi_0/RGB2DVI_IP/src/rgb2dvi_clocks.xdc' to 'c:/Users/81330/Desktop/FPGA/QSPI/QSPI.srcs/sources_1/ip/rgb2dvi_0_1/src/rgb2dvi_clocks.xdc'.
CRITICAL WARNING: [IP_Flow 19-663] Failed to copy file 'c:/Users/81330/Desktop/FPGA/QSPI/QSPI.ip_user_files/ip/rgb2dvi_0/RGB2DVI_IP/src/ClockGen.vhd', it does not exist.
CRITICAL WARNING: [IP_Flow 19-157] Failed to copy file from 'c:/Users/81330/Desktop/FPGA/QSPI/QSPI.ip_user_files/ip/rgb2dvi_0/RGB2DVI_IP/src/ClockGen.vhd' to 'c:/Users/81330/Desktop/FPGA/QSPI/QSPI.srcs/sources_1/ip/rgb2dvi_0_1/xil_defaultlib/src/ClockGen.vhd'.
CRITICAL WARNING: [IP_Flow 19-663] Failed to copy file 'c:/Users/81330/Desktop/FPGA/QSPI/QSPI.ip_user_files/ip/rgb2dvi_0/RGB2DVI_IP/src/SyncAsync.vhd', it does not exist.
CRITICAL WARNING: [IP_Flow 19-157] Failed to copy file from 'c:/Users/81330/Desktop/FPGA/QSPI/QSPI.ip_user_files/ip/rgb2dvi_0/RGB2DVI_IP/src/SyncAsync.vhd' to 'c:/Users/81330/Desktop/FPGA/QSPI/QSPI.srcs/sources_1/ip/rgb2dvi_0_1/xil_defaultlib/src/SyncAsync.vhd'.
CRITICAL WARNING: [IP_Flow 19-663] Failed to copy file 'c:/Users/81330/Desktop/FPGA/QSPI/QSPI.ip_user_files/ip/rgb2dvi_0/RGB2DVI_IP/src/SyncAsyncReset.vhd', it does not exist.
CRITICAL WARNING: [IP_Flow 19-157] Failed to copy file from 'c:/Users/81330/Desktop/FPGA/QSPI/QSPI.ip_user_files/ip/rgb2dvi_0/RGB2DVI_IP/src/SyncAsyncReset.vhd' to 'c:/Users/81330/Desktop/FPGA/QSPI/QSPI.srcs/sources_1/ip/rgb2dvi_0_1/xil_defaultlib/src/SyncAsyncReset.vhd'.
CRITICAL WARNING: [IP_Flow 19-663] Failed to copy file 'c:/Users/81330/Desktop/FPGA/QSPI/QSPI.ip_user_files/ip/rgb2dvi_0/RGB2DVI_IP/src/DVI_Constants.vhd', it does not exist.
CRITICAL WARNING: [IP_Flow 19-157] Failed to copy file from 'c:/Users/81330/Desktop/FPGA/QSPI/QSPI.ip_user_files/ip/rgb2dvi_0/RGB2DVI_IP/src/DVI_Constants.vhd' to 'c:/Users/81330/Desktop/FPGA/QSPI/QSPI.srcs/sources_1/ip/rgb2dvi_0_1/src/DVI_Constants.vhd'.
CRITICAL WARNING: [IP_Flow 19-663] Failed to copy file 'c:/Users/81330/Desktop/FPGA/QSPI/QSPI.ip_user_files/ip/rgb2dvi_0/RGB2DVI_IP/src/OutputSERDES.vhd', it does not exist.
CRITICAL WARNING: [IP_Flow 19-157] Failed to copy file from 'c:/Users/81330/Desktop/FPGA/QSPI/QSPI.ip_user_files/ip/rgb2dvi_0/RGB2DVI_IP/src/OutputSERDES.vhd' to 'c:/Users/81330/Desktop/FPGA/QSPI/QSPI.srcs/sources_1/ip/rgb2dvi_0_1/src/OutputSERDES.vhd'.
CRITICAL WARNING: [IP_Flow 19-663] Failed to copy file 'c:/Users/81330/Desktop/FPGA/QSPI/QSPI.ip_user_files/ip/rgb2dvi_0/RGB2DVI_IP/src/TMDS_Encoder.vhd', it does not exist.
CRITICAL WARNING: [IP_Flow 19-157] Failed to copy file from 'c:/Users/81330/Desktop/FPGA/QSPI/QSPI.ip_user_files/ip/rgb2dvi_0/RGB2DVI_IP/src/TMDS_Encoder.vhd' to 'c:/Users/81330/Desktop/FPGA/QSPI/QSPI.srcs/sources_1/ip/rgb2dvi_0_1/src/TMDS_Encoder.vhd'.
CRITICAL WARNING: [IP_Flow 19-663] Failed to copy file 'c:/Users/81330/Desktop/FPGA/QSPI/QSPI.ip_user_files/ip/rgb2dvi_0/RGB2DVI_IP/src/rgb2dvi.vhd', it does not exist.
CRITICAL WARNING: [IP_Flow 19-157] Failed to copy file from 'c:/Users/81330/Desktop/FPGA/QSPI/QSPI.ip_user_files/ip/rgb2dvi_0/RGB2DVI_IP/src/rgb2dvi.vhd' to 'c:/Users/81330/Desktop/FPGA/QSPI/QSPI.srcs/sources_1/ip/rgb2dvi_0_1/src/rgb2dvi.vhd'.
ERROR: [IP_Flow 19-167] Failed to deliver one or more file(s).
ERROR: [IP_Flow 19-3505] IP Generation error: Failed to generate IP 'rgb2dvi_0'. Failed to generate 'VHDL Synthesis' outputs: 
ERROR: [IP_Flow 19-98] Generation of the IP CORE failed.
Failed to generate IP 'rgb2dvi_0'. Failed to generate 'VHDL Synthesis' outputs: 
update_ip_catalog
INFO: [IP_Flow 19-234] Refreshing IP repositories
INFO: [IP_Flow 19-1700] Loaded user IP repository 'c:/Users/81330/Desktop/FPGA/QSPI/QSPI.ip_user_files/ip/Picture_B_Rom'.
INFO: [IP_Flow 19-1700] Loaded user IP repository 'c:/Users/81330/Desktop/FPGA/QSPI/QSPI.ip_user_files/ip/Picture_G_Rom'.
INFO: [IP_Flow 19-1700] Loaded user IP repository 'c:/Users/81330/Desktop/FPGA/QSPI/QSPI.ip_user_files/ip/Picture_R_Rom'.
INFO: [IP_Flow 19-1700] Loaded user IP repository 'c:/Users/81330/Desktop/FPGA/QSPI/QSPI.ip_user_files/ip/rgb2dvi_0'.
create_ip -name rgb2dvi -vendor digilentinc.com -library ip -version 1.2 -module_name rgb2dvi_1 -dir c:/Users/81330/Desktop/FPGA/QSPI/QSPI.srcs/sources_1/ip
set_property -dict [list CONFIG.kRstActiveHigh {false}] [get_ips rgb2dvi_1]
generate_target {instantiation_template} [get_files c:/Users/81330/Desktop/FPGA/QSPI/QSPI.srcs/sources_1/ip/rgb2dvi_1/rgb2dvi_1.xci]
INFO: [IP_Flow 19-1686] Generating 'Instantiation Template' target for IP 'rgb2dvi_1'...
update_compile_order -fileset sources_1
reset_run synth_1
update_compile_order -fileset sources_1
launch_runs impl_1 -to_step write_bitstream -jobs 6
INFO: [IP_Flow 19-1686] Generating 'Synthesis' target for IP 'rgb2dvi_1'...
CRITICAL WARNING: [IP_Flow 19-663] Failed to copy file 'c:/Users/81330/Desktop/FPGA/QSPI/QSPI.ip_user_files/ip/rgb2dvi_0/RGB2DVI_IP/src/rgb2dvi.xdc', it does not exist.
CRITICAL WARNING: [IP_Flow 19-157] Failed to copy file from 'c:/Users/81330/Desktop/FPGA/QSPI/QSPI.ip_user_files/ip/rgb2dvi_0/RGB2DVI_IP/src/rgb2dvi.xdc' to 'c:/Users/81330/Desktop/FPGA/QSPI/QSPI.srcs/sources_1/ip/rgb2dvi_1/src/rgb2dvi.xdc'.
CRITICAL WARNING: [IP_Flow 19-663] Failed to copy file 'c:/Users/81330/Desktop/FPGA/QSPI/QSPI.ip_user_files/ip/rgb2dvi_0/RGB2DVI_IP/src/rgb2dvi_ooc.xdc', it does not exist.
CRITICAL WARNING: [IP_Flow 19-157] Failed to copy file from 'c:/Users/81330/Desktop/FPGA/QSPI/QSPI.ip_user_files/ip/rgb2dvi_0/RGB2DVI_IP/src/rgb2dvi_ooc.xdc' to 'c:/Users/81330/Desktop/FPGA/QSPI/QSPI.srcs/sources_1/ip/rgb2dvi_1/src/rgb2dvi_ooc.xdc'.
CRITICAL WARNING: [IP_Flow 19-663] Failed to copy file 'c:/Users/81330/Desktop/FPGA/QSPI/QSPI.ip_user_files/ip/rgb2dvi_0/RGB2DVI_IP/src/rgb2dvi_clocks.xdc', it does not exist.
CRITICAL WARNING: [IP_Flow 19-157] Failed to copy file from 'c:/Users/81330/Desktop/FPGA/QSPI/QSPI.ip_user_files/ip/rgb2dvi_0/RGB2DVI_IP/src/rgb2dvi_clocks.xdc' to 'c:/Users/81330/Desktop/FPGA/QSPI/QSPI.srcs/sources_1/ip/rgb2dvi_1/src/rgb2dvi_clocks.xdc'.
CRITICAL WARNING: [IP_Flow 19-663] Failed to copy file 'c:/Users/81330/Desktop/FPGA/QSPI/QSPI.ip_user_files/ip/rgb2dvi_0/RGB2DVI_IP/src/ClockGen.vhd', it does not exist.
CRITICAL WARNING: [IP_Flow 19-157] Failed to copy file from 'c:/Users/81330/Desktop/FPGA/QSPI/QSPI.ip_user_files/ip/rgb2dvi_0/RGB2DVI_IP/src/ClockGen.vhd' to 'c:/Users/81330/Desktop/FPGA/QSPI/QSPI.srcs/sources_1/ip/rgb2dvi_1/xil_defaultlib/src/ClockGen.vhd'.
CRITICAL WARNING: [IP_Flow 19-663] Failed to copy file 'c:/Users/81330/Desktop/FPGA/QSPI/QSPI.ip_user_files/ip/rgb2dvi_0/RGB2DVI_IP/src/SyncAsync.vhd', it does not exist.
CRITICAL WARNING: [IP_Flow 19-157] Failed to copy file from 'c:/Users/81330/Desktop/FPGA/QSPI/QSPI.ip_user_files/ip/rgb2dvi_0/RGB2DVI_IP/src/SyncAsync.vhd' to 'c:/Users/81330/Desktop/FPGA/QSPI/QSPI.srcs/sources_1/ip/rgb2dvi_1/xil_defaultlib/src/SyncAsync.vhd'.
CRITICAL WARNING: [IP_Flow 19-663] Failed to copy file 'c:/Users/81330/Desktop/FPGA/QSPI/QSPI.ip_user_files/ip/rgb2dvi_0/RGB2DVI_IP/src/SyncAsyncReset.vhd', it does not exist.
CRITICAL WARNING: [IP_Flow 19-157] Failed to copy file from 'c:/Users/81330/Desktop/FPGA/QSPI/QSPI.ip_user_files/ip/rgb2dvi_0/RGB2DVI_IP/src/SyncAsyncReset.vhd' to 'c:/Users/81330/Desktop/FPGA/QSPI/QSPI.srcs/sources_1/ip/rgb2dvi_1/xil_defaultlib/src/SyncAsyncReset.vhd'.
CRITICAL WARNING: [IP_Flow 19-663] Failed to copy file 'c:/Users/81330/Desktop/FPGA/QSPI/QSPI.ip_user_files/ip/rgb2dvi_0/RGB2DVI_IP/src/DVI_Constants.vhd', it does not exist.
CRITICAL WARNING: [IP_Flow 19-157] Failed to copy file from 'c:/Users/81330/Desktop/FPGA/QSPI/QSPI.ip_user_files/ip/rgb2dvi_0/RGB2DVI_IP/src/DVI_Constants.vhd' to 'c:/Users/81330/Desktop/FPGA/QSPI/QSPI.srcs/sources_1/ip/rgb2dvi_1/src/DVI_Constants.vhd'.
CRITICAL WARNING: [IP_Flow 19-663] Failed to copy file 'c:/Users/81330/Desktop/FPGA/QSPI/QSPI.ip_user_files/ip/rgb2dvi_0/RGB2DVI_IP/src/OutputSERDES.vhd', it does not exist.
CRITICAL WARNING: [IP_Flow 19-157] Failed to copy file from 'c:/Users/81330/Desktop/FPGA/QSPI/QSPI.ip_user_files/ip/rgb2dvi_0/RGB2DVI_IP/src/OutputSERDES.vhd' to 'c:/Users/81330/Desktop/FPGA/QSPI/QSPI.srcs/sources_1/ip/rgb2dvi_1/src/OutputSERDES.vhd'.
CRITICAL WARNING: [IP_Flow 19-663] Failed to copy file 'c:/Users/81330/Desktop/FPGA/QSPI/QSPI.ip_user_files/ip/rgb2dvi_0/RGB2DVI_IP/src/TMDS_Encoder.vhd', it does not exist.
CRITICAL WARNING: [IP_Flow 19-157] Failed to copy file from 'c:/Users/81330/Desktop/FPGA/QSPI/QSPI.ip_user_files/ip/rgb2dvi_0/RGB2DVI_IP/src/TMDS_Encoder.vhd' to 'c:/Users/81330/Desktop/FPGA/QSPI/QSPI.srcs/sources_1/ip/rgb2dvi_1/src/TMDS_Encoder.vhd'.
CRITICAL WARNING: [IP_Flow 19-663] Failed to copy file 'c:/Users/81330/Desktop/FPGA/QSPI/QSPI.ip_user_files/ip/rgb2dvi_0/RGB2DVI_IP/src/rgb2dvi.vhd', it does not exist.
CRITICAL WARNING: [IP_Flow 19-157] Failed to copy file from 'c:/Users/81330/Desktop/FPGA/QSPI/QSPI.ip_user_files/ip/rgb2dvi_0/RGB2DVI_IP/src/rgb2dvi.vhd' to 'c:/Users/81330/Desktop/FPGA/QSPI/QSPI.srcs/sources_1/ip/rgb2dvi_1/src/rgb2dvi.vhd'.
ERROR: [IP_Flow 19-167] Failed to deliver one or more file(s).
ERROR: [IP_Flow 19-3505] IP Generation error: Failed to generate IP 'rgb2dvi_1'. Failed to generate 'VHDL Synthesis' outputs: 
ERROR: [IP_Flow 19-98] Generation of the IP CORE failed.
Failed to generate IP 'rgb2dvi_1'. Failed to generate 'VHDL Synthesis' outputs: 
export_ip_user_files -of_objects  [get_files c:/Users/81330/Desktop/FPGA/QSPI/QSPI.srcs/sources_1/ip/rgb2dvi_1/rgb2dvi_1.xci] -no_script -reset -force -quiet
remove_files  c:/Users/81330/Desktop/FPGA/QSPI/QSPI.srcs/sources_1/ip/rgb2dvi_1/rgb2dvi_1.xci
export_ip_user_files -of_objects  [get_files c:/Users/81330/Desktop/FPGA/QSPI/QSPI.srcs/sources_1/ip/rgb2dvi_0_1/rgb2dvi_0.xci] -no_script -reset -force -quiet
remove_files  c:/Users/81330/Desktop/FPGA/QSPI/QSPI.srcs/sources_1/ip/rgb2dvi_0_1/rgb2dvi_0.xci
set_property  ip_repo_paths  {c:/Users/81330/Desktop/FPGA/QSPI/QSPI.ip_user_files/ip/Picture_B_Rom c:/Users/81330/Desktop/FPGA/QSPI/QSPI.ip_user_files/ip/Picture_G_Rom c:/Users/81330/Desktop/FPGA/QSPI/QSPI.ip_user_files/ip/Picture_R_Rom} [current_project]
update_ip_catalog
INFO: [IP_Flow 19-234] Refreshing IP repositories
INFO: [IP_Flow 19-1700] Loaded user IP repository 'c:/Users/81330/Desktop/FPGA/QSPI/QSPI.ip_user_files/ip/Picture_B_Rom'.
INFO: [IP_Flow 19-1700] Loaded user IP repository 'c:/Users/81330/Desktop/FPGA/QSPI/QSPI.ip_user_files/ip/Picture_G_Rom'.
INFO: [IP_Flow 19-1700] Loaded user IP repository 'c:/Users/81330/Desktop/FPGA/QSPI/QSPI.ip_user_files/ip/Picture_R_Rom'.
set_property  ip_repo_paths  {c:/Users/81330/Desktop/FPGA/QSPI/QSPI.ip_user_files/ip/Picture_B_Rom c:/Users/81330/Desktop/FPGA/QSPI/QSPI.ip_user_files/ip/Picture_G_Rom c:/Users/81330/Desktop/FPGA/QSPI/QSPI.ip_user_files/ip/Picture_R_Rom C:/Users/81330/Desktop/FPGA/SEA/SEA/Examples/FPGA/4.Module-Interface/Mini-HDMI-Interface/HDMI_Demo/HDMI_Demo.ip_user_files/ip/rgb2dvi_0} [current_project]
update_ip_catalog
INFO: [IP_Flow 19-234] Refreshing IP repositories
INFO: [IP_Flow 19-1700] Loaded user IP repository 'c:/Users/81330/Desktop/FPGA/QSPI/QSPI.ip_user_files/ip/Picture_B_Rom'.
INFO: [IP_Flow 19-1700] Loaded user IP repository 'c:/Users/81330/Desktop/FPGA/QSPI/QSPI.ip_user_files/ip/Picture_G_Rom'.
INFO: [IP_Flow 19-1700] Loaded user IP repository 'c:/Users/81330/Desktop/FPGA/QSPI/QSPI.ip_user_files/ip/Picture_R_Rom'.
INFO: [IP_Flow 19-1700] Loaded user IP repository 'c:/Users/81330/Desktop/FPGA/SEA/SEA/Examples/FPGA/4.Module-Interface/Mini-HDMI-Interface/HDMI_Demo/HDMI_Demo.ip_user_files/ip/rgb2dvi_0'.
create_ip -name rgb2dvi -vendor digilentinc.com -library ip -version 1.2 -module_name rgb2dvi_0 -dir c:/Users/81330/Desktop/FPGA/QSPI/QSPI.srcs/sources_1/ip
set_property -dict [list CONFIG.kRstActiveHigh {false}] [get_ips rgb2dvi_0]
generate_target {instantiation_template} [get_files c:/Users/81330/Desktop/FPGA/QSPI/QSPI.srcs/sources_1/ip/rgb2dvi_0_2/rgb2dvi_0.xci]
INFO: [IP_Flow 19-1686] Generating 'Instantiation Template' target for IP 'rgb2dvi_0'...
generate_target all [get_files  c:/Users/81330/Desktop/FPGA/QSPI/QSPI.srcs/sources_1/ip/rgb2dvi_0_2/rgb2dvi_0.xci]
INFO: [IP_Flow 19-1686] Generating 'Synthesis' target for IP 'rgb2dvi_0'...
INFO: [IP_Flow 19-1686] Generating 'Simulation' target for IP 'rgb2dvi_0'...
catch { config_ip_cache -export [get_ips -all rgb2dvi_0] }
export_ip_user_files -of_objects [get_files c:/Users/81330/Desktop/FPGA/QSPI/QSPI.srcs/sources_1/ip/rgb2dvi_0_2/rgb2dvi_0.xci] -no_script -sync -force -quiet
create_ip_run [get_files -of_objects [get_fileset sources_1] c:/Users/81330/Desktop/FPGA/QSPI/QSPI.srcs/sources_1/ip/rgb2dvi_0_2/rgb2dvi_0.xci]
launch_runs -jobs 6 rgb2dvi_0_synth_1
[Sun Aug  2 13:14:12 2020] Launched rgb2dvi_0_synth_1...
Run output will be captured here: C:/Users/81330/Desktop/FPGA/QSPI/QSPI.runs/rgb2dvi_0_synth_1/runme.log
export_simulation -of_objects [get_files c:/Users/81330/Desktop/FPGA/QSPI/QSPI.srcs/sources_1/ip/rgb2dvi_0_2/rgb2dvi_0.xci] -directory C:/Users/81330/Desktop/FPGA/QSPI/QSPI.ip_user_files/sim_scripts -ip_user_files_dir C:/Users/81330/Desktop/FPGA/QSPI/QSPI.ip_user_files -ipstatic_source_dir C:/Users/81330/Desktop/FPGA/QSPI/QSPI.ip_user_files/ipstatic -lib_map_path [list {modelsim=C:/Users/81330/Desktop/FPGA/QSPI/QSPI.cache/compile_simlib/modelsim} {questa=C:/Users/81330/Desktop/FPGA/QSPI/QSPI.cache/compile_simlib/questa} {riviera=C:/Users/81330/Desktop/FPGA/QSPI/QSPI.cache/compile_simlib/riviera} {activehdl=C:/Users/81330/Desktop/FPGA/QSPI/QSPI.cache/compile_simlib/activehdl}] -use_ip_compiled_libs -force -quiet
launch_runs impl_1 -to_step write_bitstream -jobs 6
[Sun Aug  2 13:14:39 2020] Launched rgb2dvi_0_synth_1, synth_1...
Run output will be captured here:
rgb2dvi_0_synth_1: C:/Users/81330/Desktop/FPGA/QSPI/QSPI.runs/rgb2dvi_0_synth_1/runme.log
synth_1: C:/Users/81330/Desktop/FPGA/QSPI/QSPI.runs/synth_1/runme.log
[Sun Aug  2 13:14:39 2020] Launched impl_1...
Run output will be captured here: C:/Users/81330/Desktop/FPGA/QSPI/QSPI.runs/impl_1/runme.log
set_property -dict [list CONFIG.kRstActiveHigh {true}] [get_ips rgb2dvi_0]
generate_target all [get_files  c:/Users/81330/Desktop/FPGA/QSPI/QSPI.srcs/sources_1/ip/rgb2dvi_0_2/rgb2dvi_0.xci]
INFO: [IP_Flow 19-1686] Generating 'Instantiation Template' target for IP 'rgb2dvi_0'...
INFO: [IP_Flow 19-1686] Generating 'Synthesis' target for IP 'rgb2dvi_0'...
INFO: [IP_Flow 19-1686] Generating 'Simulation' target for IP 'rgb2dvi_0'...
catch { config_ip_cache -export [get_ips -all rgb2dvi_0] }
INFO: [IP_Flow 19-4993] Using cached IP synthesis design for IP rgb2dvi_0, cache-ID = ce788ba9e255fac5; cache size = 1.953 MB.
catch { [ delete_ip_run [get_ips -all rgb2dvi_0] ] }
INFO: [Project 1-386] Moving file 'c:/Users/81330/Desktop/FPGA/QSPI/QSPI.srcs/sources_1/ip/rgb2dvi_0_2/rgb2dvi_0.xci' from fileset 'rgb2dvi_0' to fileset 'sources_1'.
export_ip_user_files -of_objects [get_files c:/Users/81330/Desktop/FPGA/QSPI/QSPI.srcs/sources_1/ip/rgb2dvi_0_2/rgb2dvi_0.xci] -no_script -sync -force -quiet
create_ip_run [get_files -of_objects [get_fileset sources_1] c:/Users/81330/Desktop/FPGA/QSPI/QSPI.srcs/sources_1/ip/rgb2dvi_0_2/rgb2dvi_0.xci]
INFO: [Vivado 12-3453] The given sub-design is up-to-date, no action was taken.  If a run is still desired, use the '-force' option for the file:'c:/Users/81330/Desktop/FPGA/QSPI/QSPI.srcs/sources_1/ip/rgb2dvi_0_2/rgb2dvi_0.xci'
export_simulation -of_objects [get_files c:/Users/81330/Desktop/FPGA/QSPI/QSPI.srcs/sources_1/ip/rgb2dvi_0_2/rgb2dvi_0.xci] -directory C:/Users/81330/Desktop/FPGA/QSPI/QSPI.ip_user_files/sim_scripts -ip_user_files_dir C:/Users/81330/Desktop/FPGA/QSPI/QSPI.ip_user_files -ipstatic_source_dir C:/Users/81330/Desktop/FPGA/QSPI/QSPI.ip_user_files/ipstatic -lib_map_path [list {modelsim=C:/Users/81330/Desktop/FPGA/QSPI/QSPI.cache/compile_simlib/modelsim} {questa=C:/Users/81330/Desktop/FPGA/QSPI/QSPI.cache/compile_simlib/questa} {riviera=C:/Users/81330/Desktop/FPGA/QSPI/QSPI.cache/compile_simlib/riviera} {activehdl=C:/Users/81330/Desktop/FPGA/QSPI/QSPI.cache/compile_simlib/activehdl}] -use_ip_compiled_libs -force -quiet
update_compile_order -fileset sources_1
reset_run synth_1
launch_runs impl_1 -to_step write_bitstream -jobs 6
INFO: [Vivado 12-4149] The synthesis checkpoint for IP 'c:/Users/81330/Desktop/FPGA/QSPI/QSPI.srcs/sources_1/ip/rgb2dvi_0_2/rgb2dvi_0.xci' is already up-to-date
[Sun Aug  2 13:28:00 2020] Launched synth_1...
Run output will be captured here: C:/Users/81330/Desktop/FPGA/QSPI/QSPI.runs/synth_1/runme.log
[Sun Aug  2 13:28:00 2020] Launched impl_1...
Run output will be captured here: C:/Users/81330/Desktop/FPGA/QSPI/QSPI.runs/impl_1/runme.log
export_ip_user_files -of_objects  [get_files c:/Users/81330/Desktop/FPGA/QSPI/QSPI.srcs/sources_1/ip/rgb2dvi_0_2/rgb2dvi_0.xci] -no_script -reset -force -quiet
remove_files  c:/Users/81330/Desktop/FPGA/QSPI/QSPI.srcs/sources_1/ip/rgb2dvi_0_2/rgb2dvi_0.xci
exit
INFO: [Common 17-206] Exiting Vivado at Sun Aug  2 13:46:49 2020...
