#-----------------------------------------------------------
# Vivado v2018.3 (64-bit)
# SW Build 2405991 on Thu Dec  6 23:38:27 MST 2018
# IP Build 2404404 on Fri Dec  7 01:43:56 MST 2018
# Start of session at: Sun Aug  2 12:44:23 2020
# Process ID: 14976
# Current directory: C:/Users/81330/Desktop/FPGA/QSPI
# Command line: vivado.exe -gui_launcher_event rodinguilauncherevent15572 C:\Users\81330\Desktop\FPGA\QSPI\QSPI.xpr
# Log file: C:/Users/81330/Desktop/FPGA/QSPI/vivado.log
# Journal file: C:/Users/81330/Desktop/FPGA/QSPI\vivado.jou
#-----------------------------------------------------------
start_gui
open_project C:/Users/81330/Desktop/FPGA/QSPI/QSPI.xpr
CRITICAL WARNING: [Project 1-19] Could not find the file 'C:/Users/81330/Desktop/FPGA/QSPI/QSPI.srcs/sources_1/ip/rgb2dvi_1_1/rgb2dvi_1.xci'.
CRITICAL WARNING: [Project 1-19] Could not find the file 'C:/Users/81330/Desktop/FPGA/QSPI/QSPI.srcs/sources_1/ip/rgb2dvi_2/rgb2dvi_2.xci'.
Scanning sources...
Finished scanning sources
ERROR: [IP_Flow 19-993] Could not find IP file for IP 'rgb2dvi_1'.
CRITICAL WARNING: [IP_Flow 19-5097] Unable to determine VLNV from IP file; verify it has the correct syntax: 
ERROR: [IP_Flow 19-993] Could not find IP file for IP 'rgb2dvi_2'.
CRITICAL WARNING: [IP_Flow 19-5097] Unable to determine VLNV from IP file; verify it has the correct syntax: 
INFO: [IP_Flow 19-234] Refreshing IP repositories
INFO: [IP_Flow 19-1700] Loaded user IP repository 'c:/Users/81330/Desktop/FPGA/SEA/SEA/Examples/FPGA/4.Module-Interface/Mini-HDMI-Interface/HDMI_Demo/HDMI_Demo.srcs/sources_1/ip/Picture_B_Rom'.
INFO: [IP_Flow 19-1700] Loaded user IP repository 'c:/Users/81330/Desktop/FPGA/SEA/SEA/Examples/FPGA/4.Module-Interface/Mini-HDMI-Interface/HDMI_Demo/HDMI_Demo.srcs/sources_1/ip/Picture_G_Rom'.
INFO: [IP_Flow 19-1700] Loaded user IP repository 'c:/Users/81330/Desktop/FPGA/SEA/SEA/Examples/FPGA/4.Module-Interface/Mini-HDMI-Interface/HDMI_Demo/HDMI_Demo.srcs/sources_1/ip/Picture_R_Rom'.
INFO: [IP_Flow 19-1700] Loaded user IP repository 'c:/Users/81330/Desktop/FPGA/SEA/SEA/Examples/FPGA/4.Module-Interface/Mini-HDMI-Interface/HDMI_Demo/HDMI_Demo.srcs/sources_1/ip/rgb2dvi_0'.
INFO: [IP_Flow 19-1700] Loaded user IP repository 'c:/Users/81330/Desktop/FPGA/QSPI/QSPI.ip_user_files/ip/Picture_B_Rom'.
INFO: [IP_Flow 19-1700] Loaded user IP repository 'c:/Users/81330/Desktop/FPGA/QSPI/QSPI.ip_user_files/ip/Picture_G_Rom'.
INFO: [IP_Flow 19-1700] Loaded user IP repository 'c:/Users/81330/Desktop/FPGA/QSPI/QSPI.ip_user_files/ip/Picture_R_Rom'.
INFO: [IP_Flow 19-1700] Loaded user IP repository 'c:/Users/81330/Desktop/FPGA/QSPI/QSPI.ip_user_files/ip/rgb2dvi_0'.
INFO: [IP_Flow 19-2313] Loaded Vivado IP repository 'E:/xilinxvivado/Vivado/2018.3/data/ip'.
WARNING: [IP_Flow 19-2162] IP 'rgb2dvi_0' is locked:
* IP definition 'rgb2dvi (1.2)' for IP 'rgb2dvi_0' (customized with software release 2018.3) was not found in the IP Catalog.
Please select 'Report IP Status' from the 'Tools/Report' menu or run Tcl command 'report_ip_status' for more information.
open_project: Time (s): cpu = 00:00:19 ; elapsed = 00:00:10 . Memory (MB): peak = 814.305 ; gain = 183.016
ERROR: [Common 17-39] 'open_project' failed due to earlier errors.
update_compile_order -fileset sources_1
export_ip_user_files -of_objects  [get_files C:/Users/81330/Desktop/FPGA/QSPI/QSPI.srcs/sources_1/ip/rgb2dvi_1_1/rgb2dvi_1.xci] -no_script -reset -force -quiet
remove_files  C:/Users/81330/Desktop/FPGA/QSPI/QSPI.srcs/sources_1/ip/rgb2dvi_1_1/rgb2dvi_1.xci
export_ip_user_files -of_objects  [get_files C:/Users/81330/Desktop/FPGA/QSPI/QSPI.srcs/sources_1/ip/rgb2dvi_2/rgb2dvi_2.xci] -no_script -reset -force -quiet
remove_files  C:/Users/81330/Desktop/FPGA/QSPI/QSPI.srcs/sources_1/ip/rgb2dvi_2/rgb2dvi_2.xci
update_ip_catalog -add_ip C:/Users/81330/Desktop/FPGA/SEA/SEA/Examples/FPGA-IP/Mini-HDMI-IP/IP/RGB2DVI_IP/component.xml -repo_path c:/Users/81330/Desktop/FPGA/QSPI/QSPI.ip_user_files/ip/rgb2dvi_0
INFO: [IP_Flow 19-1655] Copied IP 'digilentinc.com:ip:rgb2dvi:1.2' into repository 'c:/Users/81330/Desktop/FPGA/QSPI/QSPI.ip_user_files/ip/rgb2dvi_0' at c:/Users/81330/Desktop/FPGA/QSPI/QSPI.ip_user_files/ip/rgb2dvi_0/RGB2DVI_IP.
INFO: [IP_Flow 19-725] Reloaded user IP repository 'c:/Users/81330/Desktop/FPGA/QSPI/QSPI.ip_user_files/ip/rgb2dvi_0'
reset_run impl_1 -prev_step 
launch_runs impl_1 -to_step write_bitstream -jobs 6
[Sun Aug  2 12:46:47 2020] Launched impl_1...
Run output will be captured here: C:/Users/81330/Desktop/FPGA/QSPI/QSPI.runs/impl_1/runme.log
set_property -dict [list CONFIG.kClkPrimitive {MMCM}] [get_ips rgb2dvi_0]
generate_target all [get_files  C:/Users/81330/Desktop/FPGA/QSPI/QSPI.srcs/sources_1/ip/rgb2dvi_0/rgb2dvi_0.xci]
INFO: [IP_Flow 19-1686] Generating 'Instantiation Template' target for IP 'rgb2dvi_0'...
INFO: [IP_Flow 19-1686] Generating 'Synthesis' target for IP 'rgb2dvi_0'...
INFO: [IP_Flow 19-1686] Generating 'Simulation' target for IP 'rgb2dvi_0'...
catch { config_ip_cache -export [get_ips -all rgb2dvi_0] }
export_ip_user_files -of_objects [get_files C:/Users/81330/Desktop/FPGA/QSPI/QSPI.srcs/sources_1/ip/rgb2dvi_0/rgb2dvi_0.xci] -no_script -sync -force -quiet
reset_run rgb2dvi_0_synth_1
launch_runs -jobs 6 rgb2dvi_0_synth_1
[Sun Aug  2 12:47:44 2020] Launched rgb2dvi_0_synth_1...
Run output will be captured here: C:/Users/81330/Desktop/FPGA/QSPI/QSPI.runs/rgb2dvi_0_synth_1/runme.log
export_simulation -of_objects [get_files C:/Users/81330/Desktop/FPGA/QSPI/QSPI.srcs/sources_1/ip/rgb2dvi_0/rgb2dvi_0.xci] -directory C:/Users/81330/Desktop/FPGA/QSPI/QSPI.ip_user_files/sim_scripts -ip_user_files_dir C:/Users/81330/Desktop/FPGA/QSPI/QSPI.ip_user_files -ipstatic_source_dir C:/Users/81330/Desktop/FPGA/QSPI/QSPI.ip_user_files/ipstatic -lib_map_path [list {modelsim=C:/Users/81330/Desktop/FPGA/QSPI/QSPI.cache/compile_simlib/modelsim} {questa=C:/Users/81330/Desktop/FPGA/QSPI/QSPI.cache/compile_simlib/questa} {riviera=C:/Users/81330/Desktop/FPGA/QSPI/QSPI.cache/compile_simlib/riviera} {activehdl=C:/Users/81330/Desktop/FPGA/QSPI/QSPI.cache/compile_simlib/activehdl}] -use_ip_compiled_libs -force -quiet
reset_run synth_1
WARNING: [Vivado 12-1017] Problems encountered:
1. Failed to delete one or more files in run directory C:/Users/81330/Desktop/FPGA/QSPI/QSPI.runs/synth_1

launch_runs impl_1 -to_step write_bitstream -jobs 6
[Sun Aug  2 12:48:00 2020] Launched rgb2dvi_0_synth_1, synth_1...
Run output will be captured here:
rgb2dvi_0_synth_1: C:/Users/81330/Desktop/FPGA/QSPI/QSPI.runs/rgb2dvi_0_synth_1/runme.log
synth_1: C:/Users/81330/Desktop/FPGA/QSPI/QSPI.runs/synth_1/runme.log
[Sun Aug  2 12:48:00 2020] Launched impl_1...
Run output will be captured here: C:/Users/81330/Desktop/FPGA/QSPI/QSPI.runs/impl_1/runme.log
set_property -dict [list CONFIG.kClkPrimitive {PLL}] [get_ips rgb2dvi_0]
generate_target all [get_files  C:/Users/81330/Desktop/FPGA/QSPI/QSPI.srcs/sources_1/ip/rgb2dvi_0/rgb2dvi_0.xci]
INFO: [IP_Flow 19-1686] Generating 'Instantiation Template' target for IP 'rgb2dvi_0'...
INFO: [IP_Flow 19-1686] Generating 'Synthesis' target for IP 'rgb2dvi_0'...
CRITICAL WARNING: [IP_Flow 19-663] Failed to copy file 'c:/Users/81330/Desktop/FPGA/QSPI/QSPI.ip_user_files/ip/rgb2dvi_0/RGB2DVI_IP/src/rgb2dvi.xdc', it does not exist.
CRITICAL WARNING: [IP_Flow 19-157] Failed to copy file from 'c:/Users/81330/Desktop/FPGA/QSPI/QSPI.ip_user_files/ip/rgb2dvi_0/RGB2DVI_IP/src/rgb2dvi.xdc' to 'c:/Users/81330/Desktop/FPGA/QSPI/QSPI.srcs/sources_1/ip/rgb2dvi_0/src/rgb2dvi.xdc'.
CRITICAL WARNING: [IP_Flow 19-663] Failed to copy file 'c:/Users/81330/Desktop/FPGA/QSPI/QSPI.ip_user_files/ip/rgb2dvi_0/RGB2DVI_IP/src/rgb2dvi_ooc.xdc', it does not exist.
CRITICAL WARNING: [IP_Flow 19-157] Failed to copy file from 'c:/Users/81330/Desktop/FPGA/QSPI/QSPI.ip_user_files/ip/rgb2dvi_0/RGB2DVI_IP/src/rgb2dvi_ooc.xdc' to 'c:/Users/81330/Desktop/FPGA/QSPI/QSPI.srcs/sources_1/ip/rgb2dvi_0/src/rgb2dvi_ooc.xdc'.
CRITICAL WARNING: [IP_Flow 19-663] Failed to copy file 'c:/Users/81330/Desktop/FPGA/QSPI/QSPI.ip_user_files/ip/rgb2dvi_0/RGB2DVI_IP/src/rgb2dvi_clocks.xdc', it does not exist.
CRITICAL WARNING: [IP_Flow 19-157] Failed to copy file from 'c:/Users/81330/Desktop/FPGA/QSPI/QSPI.ip_user_files/ip/rgb2dvi_0/RGB2DVI_IP/src/rgb2dvi_clocks.xdc' to 'c:/Users/81330/Desktop/FPGA/QSPI/QSPI.srcs/sources_1/ip/rgb2dvi_0/src/rgb2dvi_clocks.xdc'.
CRITICAL WARNING: [IP_Flow 19-663] Failed to copy file 'c:/Users/81330/Desktop/FPGA/QSPI/QSPI.ip_user_files/ip/rgb2dvi_0/RGB2DVI_IP/src/ClockGen.vhd', it does not exist.
CRITICAL WARNING: [IP_Flow 19-157] Failed to copy file from 'c:/Users/81330/Desktop/FPGA/QSPI/QSPI.ip_user_files/ip/rgb2dvi_0/RGB2DVI_IP/src/ClockGen.vhd' to 'c:/Users/81330/Desktop/FPGA/QSPI/QSPI.srcs/sources_1/ip/rgb2dvi_0/xil_defaultlib/src/ClockGen.vhd'.
CRITICAL WARNING: [IP_Flow 19-663] Failed to copy file 'c:/Users/81330/Desktop/FPGA/QSPI/QSPI.ip_user_files/ip/rgb2dvi_0/RGB2DVI_IP/src/SyncAsync.vhd', it does not exist.
CRITICAL WARNING: [IP_Flow 19-157] Failed to copy file from 'c:/Users/81330/Desktop/FPGA/QSPI/QSPI.ip_user_files/ip/rgb2dvi_0/RGB2DVI_IP/src/SyncAsync.vhd' to 'c:/Users/81330/Desktop/FPGA/QSPI/QSPI.srcs/sources_1/ip/rgb2dvi_0/xil_defaultlib/src/SyncAsync.vhd'.
CRITICAL WARNING: [IP_Flow 19-663] Failed to copy file 'c:/Users/81330/Desktop/FPGA/QSPI/QSPI.ip_user_files/ip/rgb2dvi_0/RGB2DVI_IP/src/SyncAsyncReset.vhd', it does not exist.
CRITICAL WARNING: [IP_Flow 19-157] Failed to copy file from 'c:/Users/81330/Desktop/FPGA/QSPI/QSPI.ip_user_files/ip/rgb2dvi_0/RGB2DVI_IP/src/SyncAsyncReset.vhd' to 'c:/Users/81330/Desktop/FPGA/QSPI/QSPI.srcs/sources_1/ip/rgb2dvi_0/xil_defaultlib/src/SyncAsyncReset.vhd'.
CRITICAL WARNING: [IP_Flow 19-663] Failed to copy file 'c:/Users/81330/Desktop/FPGA/QSPI/QSPI.ip_user_files/ip/rgb2dvi_0/RGB2DVI_IP/src/DVI_Constants.vhd', it does not exist.
CRITICAL WARNING: [IP_Flow 19-157] Failed to copy file from 'c:/Users/81330/Desktop/FPGA/QSPI/QSPI.ip_user_files/ip/rgb2dvi_0/RGB2DVI_IP/src/DVI_Constants.vhd' to 'c:/Users/81330/Desktop/FPGA/QSPI/QSPI.srcs/sources_1/ip/rgb2dvi_0/src/DVI_Constants.vhd'.
CRITICAL WARNING: [IP_Flow 19-663] Failed to copy file 'c:/Users/81330/Desktop/FPGA/QSPI/QSPI.ip_user_files/ip/rgb2dvi_0/RGB2DVI_IP/src/OutputSERDES.vhd', it does not exist.
CRITICAL WARNING: [IP_Flow 19-157] Failed to copy file from 'c:/Users/81330/Desktop/FPGA/QSPI/QSPI.ip_user_files/ip/rgb2dvi_0/RGB2DVI_IP/src/OutputSERDES.vhd' to 'c:/Users/81330/Desktop/FPGA/QSPI/QSPI.srcs/sources_1/ip/rgb2dvi_0/src/OutputSERDES.vhd'.
CRITICAL WARNING: [IP_Flow 19-663] Failed to copy file 'c:/Users/81330/Desktop/FPGA/QSPI/QSPI.ip_user_files/ip/rgb2dvi_0/RGB2DVI_IP/src/TMDS_Encoder.vhd', it does not exist.
CRITICAL WARNING: [IP_Flow 19-157] Failed to copy file from 'c:/Users/81330/Desktop/FPGA/QSPI/QSPI.ip_user_files/ip/rgb2dvi_0/RGB2DVI_IP/src/TMDS_Encoder.vhd' to 'c:/Users/81330/Desktop/FPGA/QSPI/QSPI.srcs/sources_1/ip/rgb2dvi_0/src/TMDS_Encoder.vhd'.
CRITICAL WARNING: [IP_Flow 19-663] Failed to copy file 'c:/Users/81330/Desktop/FPGA/QSPI/QSPI.ip_user_files/ip/rgb2dvi_0/RGB2DVI_IP/src/rgb2dvi.vhd', it does not exist.
CRITICAL WARNING: [IP_Flow 19-157] Failed to copy file from 'c:/Users/81330/Desktop/FPGA/QSPI/QSPI.ip_user_files/ip/rgb2dvi_0/RGB2DVI_IP/src/rgb2dvi.vhd' to 'c:/Users/81330/Desktop/FPGA/QSPI/QSPI.srcs/sources_1/ip/rgb2dvi_0/src/rgb2dvi.vhd'.
ERROR: [IP_Flow 19-167] Failed to deliver one or more file(s).
ERROR: [IP_Flow 19-3505] IP Generation error: Failed to generate IP 'rgb2dvi_0'. Failed to generate 'VHDL Synthesis' outputs: 
ERROR: [IP_Flow 19-98] Generation of the IP CORE failed.
Failed to generate IP 'rgb2dvi_0'. Failed to generate 'VHDL Synthesis' outputs: 
generate_target all [get_files  C:/Users/81330/Desktop/FPGA/QSPI/QSPI.srcs/sources_1/ip/rgb2dvi_0/rgb2dvi_0.xci]
INFO: [IP_Flow 19-1686] Generating 'Synthesis' target for IP 'rgb2dvi_0'...
CRITICAL WARNING: [IP_Flow 19-663] Failed to copy file 'c:/Users/81330/Desktop/FPGA/QSPI/QSPI.ip_user_files/ip/rgb2dvi_0/RGB2DVI_IP/src/rgb2dvi.xdc', it does not exist.
CRITICAL WARNING: [IP_Flow 19-157] Failed to copy file from 'c:/Users/81330/Desktop/FPGA/QSPI/QSPI.ip_user_files/ip/rgb2dvi_0/RGB2DVI_IP/src/rgb2dvi.xdc' to 'c:/Users/81330/Desktop/FPGA/QSPI/QSPI.srcs/sources_1/ip/rgb2dvi_0/src/rgb2dvi.xdc'.
CRITICAL WARNING: [IP_Flow 19-663] Failed to copy file 'c:/Users/81330/Desktop/FPGA/QSPI/QSPI.ip_user_files/ip/rgb2dvi_0/RGB2DVI_IP/src/rgb2dvi_ooc.xdc', it does not exist.
CRITICAL WARNING: [IP_Flow 19-157] Failed to copy file from 'c:/Users/81330/Desktop/FPGA/QSPI/QSPI.ip_user_files/ip/rgb2dvi_0/RGB2DVI_IP/src/rgb2dvi_ooc.xdc' to 'c:/Users/81330/Desktop/FPGA/QSPI/QSPI.srcs/sources_1/ip/rgb2dvi_0/src/rgb2dvi_ooc.xdc'.
CRITICAL WARNING: [IP_Flow 19-663] Failed to copy file 'c:/Users/81330/Desktop/FPGA/QSPI/QSPI.ip_user_files/ip/rgb2dvi_0/RGB2DVI_IP/src/rgb2dvi_clocks.xdc', it does not exist.
CRITICAL WARNING: [IP_Flow 19-157] Failed to copy file from 'c:/Users/81330/Desktop/FPGA/QSPI/QSPI.ip_user_files/ip/rgb2dvi_0/RGB2DVI_IP/src/rgb2dvi_clocks.xdc' to 'c:/Users/81330/Desktop/FPGA/QSPI/QSPI.srcs/sources_1/ip/rgb2dvi_0/src/rgb2dvi_clocks.xdc'.
CRITICAL WARNING: [IP_Flow 19-663] Failed to copy file 'c:/Users/81330/Desktop/FPGA/QSPI/QSPI.ip_user_files/ip/rgb2dvi_0/RGB2DVI_IP/src/ClockGen.vhd', it does not exist.
CRITICAL WARNING: [IP_Flow 19-157] Failed to copy file from 'c:/Users/81330/Desktop/FPGA/QSPI/QSPI.ip_user_files/ip/rgb2dvi_0/RGB2DVI_IP/src/ClockGen.vhd' to 'c:/Users/81330/Desktop/FPGA/QSPI/QSPI.srcs/sources_1/ip/rgb2dvi_0/xil_defaultlib/src/ClockGen.vhd'.
CRITICAL WARNING: [IP_Flow 19-663] Failed to copy file 'c:/Users/81330/Desktop/FPGA/QSPI/QSPI.ip_user_files/ip/rgb2dvi_0/RGB2DVI_IP/src/SyncAsync.vhd', it does not exist.
CRITICAL WARNING: [IP_Flow 19-157] Failed to copy file from 'c:/Users/81330/Desktop/FPGA/QSPI/QSPI.ip_user_files/ip/rgb2dvi_0/RGB2DVI_IP/src/SyncAsync.vhd' to 'c:/Users/81330/Desktop/FPGA/QSPI/QSPI.srcs/sources_1/ip/rgb2dvi_0/xil_defaultlib/src/SyncAsync.vhd'.
CRITICAL WARNING: [IP_Flow 19-663] Failed to copy file 'c:/Users/81330/Desktop/FPGA/QSPI/QSPI.ip_user_files/ip/rgb2dvi_0/RGB2DVI_IP/src/SyncAsyncReset.vhd', it does not exist.
CRITICAL WARNING: [IP_Flow 19-157] Failed to copy file from 'c:/Users/81330/Desktop/FPGA/QSPI/QSPI.ip_user_files/ip/rgb2dvi_0/RGB2DVI_IP/src/SyncAsyncReset.vhd' to 'c:/Users/81330/Desktop/FPGA/QSPI/QSPI.srcs/sources_1/ip/rgb2dvi_0/xil_defaultlib/src/SyncAsyncReset.vhd'.
CRITICAL WARNING: [IP_Flow 19-663] Failed to copy file 'c:/Users/81330/Desktop/FPGA/QSPI/QSPI.ip_user_files/ip/rgb2dvi_0/RGB2DVI_IP/src/DVI_Constants.vhd', it does not exist.
CRITICAL WARNING: [IP_Flow 19-157] Failed to copy file from 'c:/Users/81330/Desktop/FPGA/QSPI/QSPI.ip_user_files/ip/rgb2dvi_0/RGB2DVI_IP/src/DVI_Constants.vhd' to 'c:/Users/81330/Desktop/FPGA/QSPI/QSPI.srcs/sources_1/ip/rgb2dvi_0/src/DVI_Constants.vhd'.
CRITICAL WARNING: [IP_Flow 19-663] Failed to copy file 'c:/Users/81330/Desktop/FPGA/QSPI/QSPI.ip_user_files/ip/rgb2dvi_0/RGB2DVI_IP/src/OutputSERDES.vhd', it does not exist.
CRITICAL WARNING: [IP_Flow 19-157] Failed to copy file from 'c:/Users/81330/Desktop/FPGA/QSPI/QSPI.ip_user_files/ip/rgb2dvi_0/RGB2DVI_IP/src/OutputSERDES.vhd' to 'c:/Users/81330/Desktop/FPGA/QSPI/QSPI.srcs/sources_1/ip/rgb2dvi_0/src/OutputSERDES.vhd'.
CRITICAL WARNING: [IP_Flow 19-663] Failed to copy file 'c:/Users/81330/Desktop/FPGA/QSPI/QSPI.ip_user_files/ip/rgb2dvi_0/RGB2DVI_IP/src/TMDS_Encoder.vhd', it does not exist.
CRITICAL WARNING: [IP_Flow 19-157] Failed to copy file from 'c:/Users/81330/Desktop/FPGA/QSPI/QSPI.ip_user_files/ip/rgb2dvi_0/RGB2DVI_IP/src/TMDS_Encoder.vhd' to 'c:/Users/81330/Desktop/FPGA/QSPI/QSPI.srcs/sources_1/ip/rgb2dvi_0/src/TMDS_Encoder.vhd'.
CRITICAL WARNING: [IP_Flow 19-663] Failed to copy file 'c:/Users/81330/Desktop/FPGA/QSPI/QSPI.ip_user_files/ip/rgb2dvi_0/RGB2DVI_IP/src/rgb2dvi.vhd', it does not exist.
CRITICAL WARNING: [IP_Flow 19-157] Failed to copy file from 'c:/Users/81330/Desktop/FPGA/QSPI/QSPI.ip_user_files/ip/rgb2dvi_0/RGB2DVI_IP/src/rgb2dvi.vhd' to 'c:/Users/81330/Desktop/FPGA/QSPI/QSPI.srcs/sources_1/ip/rgb2dvi_0/src/rgb2dvi.vhd'.
ERROR: [IP_Flow 19-167] Failed to deliver one or more file(s).
ERROR: [IP_Flow 19-3505] IP Generation error: Failed to generate IP 'rgb2dvi_0'. Failed to generate 'VHDL Synthesis' outputs: 
ERROR: [IP_Flow 19-98] Generation of the IP CORE failed.
Failed to generate IP 'rgb2dvi_0'. Failed to generate 'VHDL Synthesis' outputs: 
set_property  ip_repo_paths  {c:/Users/81330/Desktop/FPGA/SEA/SEA/Examples/FPGA/4.Module-Interface/Mini-HDMI-Interface/HDMI_Demo/HDMI_Demo.srcs/sources_1/ip/Picture_B_Rom c:/Users/81330/Desktop/FPGA/SEA/SEA/Examples/FPGA/4.Module-Interface/Mini-HDMI-Interface/HDMI_Demo/HDMI_Demo.srcs/sources_1/ip/Picture_G_Rom c:/Users/81330/Desktop/FPGA/SEA/SEA/Examples/FPGA/4.Module-Interface/Mini-HDMI-Interface/HDMI_Demo/HDMI_Demo.srcs/sources_1/ip/Picture_R_Rom c:/Users/81330/Desktop/FPGA/QSPI/QSPI.ip_user_files/ip/Picture_B_Rom c:/Users/81330/Desktop/FPGA/QSPI/QSPI.ip_user_files/ip/Picture_G_Rom c:/Users/81330/Desktop/FPGA/QSPI/QSPI.ip_user_files/ip/Picture_R_Rom c:/Users/81330/Desktop/FPGA/QSPI/QSPI.ip_user_files/ip/rgb2dvi_0} [current_project]
update_ip_catalog
INFO: [IP_Flow 19-234] Refreshing IP repositories
INFO: [IP_Flow 19-1700] Loaded user IP repository 'c:/Users/81330/Desktop/FPGA/SEA/SEA/Examples/FPGA/4.Module-Interface/Mini-HDMI-Interface/HDMI_Demo/HDMI_Demo.srcs/sources_1/ip/Picture_B_Rom'.
INFO: [IP_Flow 19-1700] Loaded user IP repository 'c:/Users/81330/Desktop/FPGA/SEA/SEA/Examples/FPGA/4.Module-Interface/Mini-HDMI-Interface/HDMI_Demo/HDMI_Demo.srcs/sources_1/ip/Picture_G_Rom'.
INFO: [IP_Flow 19-1700] Loaded user IP repository 'c:/Users/81330/Desktop/FPGA/SEA/SEA/Examples/FPGA/4.Module-Interface/Mini-HDMI-Interface/HDMI_Demo/HDMI_Demo.srcs/sources_1/ip/Picture_R_Rom'.
INFO: [IP_Flow 19-1700] Loaded user IP repository 'c:/Users/81330/Desktop/FPGA/QSPI/QSPI.ip_user_files/ip/Picture_B_Rom'.
INFO: [IP_Flow 19-1700] Loaded user IP repository 'c:/Users/81330/Desktop/FPGA/QSPI/QSPI.ip_user_files/ip/Picture_G_Rom'.
INFO: [IP_Flow 19-1700] Loaded user IP repository 'c:/Users/81330/Desktop/FPGA/QSPI/QSPI.ip_user_files/ip/Picture_R_Rom'.
INFO: [IP_Flow 19-1700] Loaded user IP repository 'c:/Users/81330/Desktop/FPGA/QSPI/QSPI.ip_user_files/ip/rgb2dvi_0'.
set_property  ip_repo_paths  {c:/Users/81330/Desktop/FPGA/SEA/SEA/Examples/FPGA/4.Module-Interface/Mini-HDMI-Interface/HDMI_Demo/HDMI_Demo.srcs/sources_1/ip/Picture_B_Rom c:/Users/81330/Desktop/FPGA/SEA/SEA/Examples/FPGA/4.Module-Interface/Mini-HDMI-Interface/HDMI_Demo/HDMI_Demo.srcs/sources_1/ip/Picture_G_Rom c:/Users/81330/Desktop/FPGA/QSPI/QSPI.ip_user_files/ip/Picture_B_Rom c:/Users/81330/Desktop/FPGA/QSPI/QSPI.ip_user_files/ip/Picture_G_Rom c:/Users/81330/Desktop/FPGA/QSPI/QSPI.ip_user_files/ip/Picture_R_Rom c:/Users/81330/Desktop/FPGA/QSPI/QSPI.ip_user_files/ip/rgb2dvi_0} [current_project]
update_ip_catalog
INFO: [IP_Flow 19-234] Refreshing IP repositories
INFO: [IP_Flow 19-1700] Loaded user IP repository 'c:/Users/81330/Desktop/FPGA/SEA/SEA/Examples/FPGA/4.Module-Interface/Mini-HDMI-Interface/HDMI_Demo/HDMI_Demo.srcs/sources_1/ip/Picture_B_Rom'.
INFO: [IP_Flow 19-1700] Loaded user IP repository 'c:/Users/81330/Desktop/FPGA/SEA/SEA/Examples/FPGA/4.Module-Interface/Mini-HDMI-Interface/HDMI_Demo/HDMI_Demo.srcs/sources_1/ip/Picture_G_Rom'.
INFO: [IP_Flow 19-1700] Loaded user IP repository 'c:/Users/81330/Desktop/FPGA/QSPI/QSPI.ip_user_files/ip/Picture_B_Rom'.
INFO: [IP_Flow 19-1700] Loaded user IP repository 'c:/Users/81330/Desktop/FPGA/QSPI/QSPI.ip_user_files/ip/Picture_G_Rom'.
INFO: [IP_Flow 19-1700] Loaded user IP repository 'c:/Users/81330/Desktop/FPGA/QSPI/QSPI.ip_user_files/ip/Picture_R_Rom'.
INFO: [IP_Flow 19-1700] Loaded user IP repository 'c:/Users/81330/Desktop/FPGA/QSPI/QSPI.ip_user_files/ip/rgb2dvi_0'.
set_property  ip_repo_paths  {c:/Users/81330/Desktop/FPGA/SEA/SEA/Examples/FPGA/4.Module-Interface/Mini-HDMI-Interface/HDMI_Demo/HDMI_Demo.srcs/sources_1/ip/Picture_B_Rom c:/Users/81330/Desktop/FPGA/QSPI/QSPI.ip_user_files/ip/Picture_B_Rom c:/Users/81330/Desktop/FPGA/QSPI/QSPI.ip_user_files/ip/Picture_G_Rom c:/Users/81330/Desktop/FPGA/QSPI/QSPI.ip_user_files/ip/Picture_R_Rom c:/Users/81330/Desktop/FPGA/QSPI/QSPI.ip_user_files/ip/rgb2dvi_0} [current_project]
update_ip_catalog
INFO: [IP_Flow 19-234] Refreshing IP repositories
INFO: [IP_Flow 19-1700] Loaded user IP repository 'c:/Users/81330/Desktop/FPGA/SEA/SEA/Examples/FPGA/4.Module-Interface/Mini-HDMI-Interface/HDMI_Demo/HDMI_Demo.srcs/sources_1/ip/Picture_B_Rom'.
INFO: [IP_Flow 19-1700] Loaded user IP repository 'c:/Users/81330/Desktop/FPGA/QSPI/QSPI.ip_user_files/ip/Picture_B_Rom'.
INFO: [IP_Flow 19-1700] Loaded user IP repository 'c:/Users/81330/Desktop/FPGA/QSPI/QSPI.ip_user_files/ip/Picture_G_Rom'.
INFO: [IP_Flow 19-1700] Loaded user IP repository 'c:/Users/81330/Desktop/FPGA/QSPI/QSPI.ip_user_files/ip/Picture_R_Rom'.
INFO: [IP_Flow 19-1700] Loaded user IP repository 'c:/Users/81330/Desktop/FPGA/QSPI/QSPI.ip_user_files/ip/rgb2dvi_0'.
set_property  ip_repo_paths  {c:/Users/81330/Desktop/FPGA/QSPI/QSPI.ip_user_files/ip/Picture_B_Rom c:/Users/81330/Desktop/FPGA/QSPI/QSPI.ip_user_files/ip/Picture_G_Rom c:/Users/81330/Desktop/FPGA/QSPI/QSPI.ip_user_files/ip/Picture_R_Rom c:/Users/81330/Desktop/FPGA/QSPI/QSPI.ip_user_files/ip/rgb2dvi_0} [current_project]
update_ip_catalog
INFO: [IP_Flow 19-234] Refreshing IP repositories
INFO: [IP_Flow 19-1700] Loaded user IP repository 'c:/Users/81330/Desktop/FPGA/QSPI/QSPI.ip_user_files/ip/Picture_B_Rom'.
INFO: [IP_Flow 19-1700] Loaded user IP repository 'c:/Users/81330/Desktop/FPGA/QSPI/QSPI.ip_user_files/ip/Picture_G_Rom'.
INFO: [IP_Flow 19-1700] Loaded user IP repository 'c:/Users/81330/Desktop/FPGA/QSPI/QSPI.ip_user_files/ip/Picture_R_Rom'.
INFO: [IP_Flow 19-1700] Loaded user IP repository 'c:/Users/81330/Desktop/FPGA/QSPI/QSPI.ip_user_files/ip/rgb2dvi_0'.
generate_target all [get_files  C:/Users/81330/Desktop/FPGA/QSPI/QSPI.srcs/sources_1/ip/rgb2dvi_0/rgb2dvi_0.xci]
INFO: [IP_Flow 19-1686] Generating 'Synthesis' target for IP 'rgb2dvi_0'...
CRITICAL WARNING: [IP_Flow 19-663] Failed to copy file 'c:/Users/81330/Desktop/FPGA/QSPI/QSPI.ip_user_files/ip/rgb2dvi_0/RGB2DVI_IP/src/rgb2dvi.xdc', it does not exist.
CRITICAL WARNING: [IP_Flow 19-157] Failed to copy file from 'c:/Users/81330/Desktop/FPGA/QSPI/QSPI.ip_user_files/ip/rgb2dvi_0/RGB2DVI_IP/src/rgb2dvi.xdc' to 'c:/Users/81330/Desktop/FPGA/QSPI/QSPI.srcs/sources_1/ip/rgb2dvi_0/src/rgb2dvi.xdc'.
CRITICAL WARNING: [IP_Flow 19-663] Failed to copy file 'c:/Users/81330/Desktop/FPGA/QSPI/QSPI.ip_user_files/ip/rgb2dvi_0/RGB2DVI_IP/src/rgb2dvi_ooc.xdc', it does not exist.
CRITICAL WARNING: [IP_Flow 19-157] Failed to copy file from 'c:/Users/81330/Desktop/FPGA/QSPI/QSPI.ip_user_files/ip/rgb2dvi_0/RGB2DVI_IP/src/rgb2dvi_ooc.xdc' to 'c:/Users/81330/Desktop/FPGA/QSPI/QSPI.srcs/sources_1/ip/rgb2dvi_0/src/rgb2dvi_ooc.xdc'.
CRITICAL WARNING: [IP_Flow 19-663] Failed to copy file 'c:/Users/81330/Desktop/FPGA/QSPI/QSPI.ip_user_files/ip/rgb2dvi_0/RGB2DVI_IP/src/rgb2dvi_clocks.xdc', it does not exist.
CRITICAL WARNING: [IP_Flow 19-157] Failed to copy file from 'c:/Users/81330/Desktop/FPGA/QSPI/QSPI.ip_user_files/ip/rgb2dvi_0/RGB2DVI_IP/src/rgb2dvi_clocks.xdc' to 'c:/Users/81330/Desktop/FPGA/QSPI/QSPI.srcs/sources_1/ip/rgb2dvi_0/src/rgb2dvi_clocks.xdc'.
CRITICAL WARNING: [IP_Flow 19-663] Failed to copy file 'c:/Users/81330/Desktop/FPGA/QSPI/QSPI.ip_user_files/ip/rgb2dvi_0/RGB2DVI_IP/src/ClockGen.vhd', it does not exist.
CRITICAL WARNING: [IP_Flow 19-157] Failed to copy file from 'c:/Users/81330/Desktop/FPGA/QSPI/QSPI.ip_user_files/ip/rgb2dvi_0/RGB2DVI_IP/src/ClockGen.vhd' to 'c:/Users/81330/Desktop/FPGA/QSPI/QSPI.srcs/sources_1/ip/rgb2dvi_0/xil_defaultlib/src/ClockGen.vhd'.
CRITICAL WARNING: [IP_Flow 19-663] Failed to copy file 'c:/Users/81330/Desktop/FPGA/QSPI/QSPI.ip_user_files/ip/rgb2dvi_0/RGB2DVI_IP/src/SyncAsync.vhd', it does not exist.
CRITICAL WARNING: [IP_Flow 19-157] Failed to copy file from 'c:/Users/81330/Desktop/FPGA/QSPI/QSPI.ip_user_files/ip/rgb2dvi_0/RGB2DVI_IP/src/SyncAsync.vhd' to 'c:/Users/81330/Desktop/FPGA/QSPI/QSPI.srcs/sources_1/ip/rgb2dvi_0/xil_defaultlib/src/SyncAsync.vhd'.
CRITICAL WARNING: [IP_Flow 19-663] Failed to copy file 'c:/Users/81330/Desktop/FPGA/QSPI/QSPI.ip_user_files/ip/rgb2dvi_0/RGB2DVI_IP/src/SyncAsyncReset.vhd', it does not exist.
CRITICAL WARNING: [IP_Flow 19-157] Failed to copy file from 'c:/Users/81330/Desktop/FPGA/QSPI/QSPI.ip_user_files/ip/rgb2dvi_0/RGB2DVI_IP/src/SyncAsyncReset.vhd' to 'c:/Users/81330/Desktop/FPGA/QSPI/QSPI.srcs/sources_1/ip/rgb2dvi_0/xil_defaultlib/src/SyncAsyncReset.vhd'.
CRITICAL WARNING: [IP_Flow 19-663] Failed to copy file 'c:/Users/81330/Desktop/FPGA/QSPI/QSPI.ip_user_files/ip/rgb2dvi_0/RGB2DVI_IP/src/DVI_Constants.vhd', it does not exist.
CRITICAL WARNING: [IP_Flow 19-157] Failed to copy file from 'c:/Users/81330/Desktop/FPGA/QSPI/QSPI.ip_user_files/ip/rgb2dvi_0/RGB2DVI_IP/src/DVI_Constants.vhd' to 'c:/Users/81330/Desktop/FPGA/QSPI/QSPI.srcs/sources_1/ip/rgb2dvi_0/src/DVI_Constants.vhd'.
CRITICAL WARNING: [IP_Flow 19-663] Failed to copy file 'c:/Users/81330/Desktop/FPGA/QSPI/QSPI.ip_user_files/ip/rgb2dvi_0/RGB2DVI_IP/src/OutputSERDES.vhd', it does not exist.
CRITICAL WARNING: [IP_Flow 19-157] Failed to copy file from 'c:/Users/81330/Desktop/FPGA/QSPI/QSPI.ip_user_files/ip/rgb2dvi_0/RGB2DVI_IP/src/OutputSERDES.vhd' to 'c:/Users/81330/Desktop/FPGA/QSPI/QSPI.srcs/sources_1/ip/rgb2dvi_0/src/OutputSERDES.vhd'.
CRITICAL WARNING: [IP_Flow 19-663] Failed to copy file 'c:/Users/81330/Desktop/FPGA/QSPI/QSPI.ip_user_files/ip/rgb2dvi_0/RGB2DVI_IP/src/TMDS_Encoder.vhd', it does not exist.
CRITICAL WARNING: [IP_Flow 19-157] Failed to copy file from 'c:/Users/81330/Desktop/FPGA/QSPI/QSPI.ip_user_files/ip/rgb2dvi_0/RGB2DVI_IP/src/TMDS_Encoder.vhd' to 'c:/Users/81330/Desktop/FPGA/QSPI/QSPI.srcs/sources_1/ip/rgb2dvi_0/src/TMDS_Encoder.vhd'.
CRITICAL WARNING: [IP_Flow 19-663] Failed to copy file 'c:/Users/81330/Desktop/FPGA/QSPI/QSPI.ip_user_files/ip/rgb2dvi_0/RGB2DVI_IP/src/rgb2dvi.vhd', it does not exist.
CRITICAL WARNING: [IP_Flow 19-157] Failed to copy file from 'c:/Users/81330/Desktop/FPGA/QSPI/QSPI.ip_user_files/ip/rgb2dvi_0/RGB2DVI_IP/src/rgb2dvi.vhd' to 'c:/Users/81330/Desktop/FPGA/QSPI/QSPI.srcs/sources_1/ip/rgb2dvi_0/src/rgb2dvi.vhd'.
ERROR: [IP_Flow 19-167] Failed to deliver one or more file(s).
ERROR: [IP_Flow 19-3505] IP Generation error: Failed to generate IP 'rgb2dvi_0'. Failed to generate 'VHDL Synthesis' outputs: 
ERROR: [IP_Flow 19-98] Generation of the IP CORE failed.
Failed to generate IP 'rgb2dvi_0'. Failed to generate 'VHDL Synthesis' outputs: 
reset_run rgb2dvi_0_synth_1
reset_run synth_1
launch_runs synth_1 -jobs 6
INFO: [IP_Flow 19-1686] Generating 'Synthesis' target for IP 'rgb2dvi_0'...
CRITICAL WARNING: [IP_Flow 19-663] Failed to copy file 'c:/Users/81330/Desktop/FPGA/QSPI/QSPI.ip_user_files/ip/rgb2dvi_0/RGB2DVI_IP/src/rgb2dvi.xdc', it does not exist.
CRITICAL WARNING: [IP_Flow 19-157] Failed to copy file from 'c:/Users/81330/Desktop/FPGA/QSPI/QSPI.ip_user_files/ip/rgb2dvi_0/RGB2DVI_IP/src/rgb2dvi.xdc' to 'c:/Users/81330/Desktop/FPGA/QSPI/QSPI.srcs/sources_1/ip/rgb2dvi_0/src/rgb2dvi.xdc'.
CRITICAL WARNING: [IP_Flow 19-663] Failed to copy file 'c:/Users/81330/Desktop/FPGA/QSPI/QSPI.ip_user_files/ip/rgb2dvi_0/RGB2DVI_IP/src/rgb2dvi_ooc.xdc', it does not exist.
CRITICAL WARNING: [IP_Flow 19-157] Failed to copy file from 'c:/Users/81330/Desktop/FPGA/QSPI/QSPI.ip_user_files/ip/rgb2dvi_0/RGB2DVI_IP/src/rgb2dvi_ooc.xdc' to 'c:/Users/81330/Desktop/FPGA/QSPI/QSPI.srcs/sources_1/ip/rgb2dvi_0/src/rgb2dvi_ooc.xdc'.
CRITICAL WARNING: [IP_Flow 19-663] Failed to copy file 'c:/Users/81330/Desktop/FPGA/QSPI/QSPI.ip_user_files/ip/rgb2dvi_0/RGB2DVI_IP/src/rgb2dvi_clocks.xdc', it does not exist.
CRITICAL WARNING: [IP_Flow 19-157] Failed to copy file from 'c:/Users/81330/Desktop/FPGA/QSPI/QSPI.ip_user_files/ip/rgb2dvi_0/RGB2DVI_IP/src/rgb2dvi_clocks.xdc' to 'c:/Users/81330/Desktop/FPGA/QSPI/QSPI.srcs/sources_1/ip/rgb2dvi_0/src/rgb2dvi_clocks.xdc'.
CRITICAL WARNING: [IP_Flow 19-663] Failed to copy file 'c:/Users/81330/Desktop/FPGA/QSPI/QSPI.ip_user_files/ip/rgb2dvi_0/RGB2DVI_IP/src/ClockGen.vhd', it does not exist.
CRITICAL WARNING: [IP_Flow 19-157] Failed to copy file from 'c:/Users/81330/Desktop/FPGA/QSPI/QSPI.ip_user_files/ip/rgb2dvi_0/RGB2DVI_IP/src/ClockGen.vhd' to 'c:/Users/81330/Desktop/FPGA/QSPI/QSPI.srcs/sources_1/ip/rgb2dvi_0/xil_defaultlib/src/ClockGen.vhd'.
CRITICAL WARNING: [IP_Flow 19-663] Failed to copy file 'c:/Users/81330/Desktop/FPGA/QSPI/QSPI.ip_user_files/ip/rgb2dvi_0/RGB2DVI_IP/src/SyncAsync.vhd', it does not exist.
CRITICAL WARNING: [IP_Flow 19-157] Failed to copy file from 'c:/Users/81330/Desktop/FPGA/QSPI/QSPI.ip_user_files/ip/rgb2dvi_0/RGB2DVI_IP/src/SyncAsync.vhd' to 'c:/Users/81330/Desktop/FPGA/QSPI/QSPI.srcs/sources_1/ip/rgb2dvi_0/xil_defaultlib/src/SyncAsync.vhd'.
CRITICAL WARNING: [IP_Flow 19-663] Failed to copy file 'c:/Users/81330/Desktop/FPGA/QSPI/QSPI.ip_user_files/ip/rgb2dvi_0/RGB2DVI_IP/src/SyncAsyncReset.vhd', it does not exist.
CRITICAL WARNING: [IP_Flow 19-157] Failed to copy file from 'c:/Users/81330/Desktop/FPGA/QSPI/QSPI.ip_user_files/ip/rgb2dvi_0/RGB2DVI_IP/src/SyncAsyncReset.vhd' to 'c:/Users/81330/Desktop/FPGA/QSPI/QSPI.srcs/sources_1/ip/rgb2dvi_0/xil_defaultlib/src/SyncAsyncReset.vhd'.
CRITICAL WARNING: [IP_Flow 19-663] Failed to copy file 'c:/Users/81330/Desktop/FPGA/QSPI/QSPI.ip_user_files/ip/rgb2dvi_0/RGB2DVI_IP/src/DVI_Constants.vhd', it does not exist.
CRITICAL WARNING: [IP_Flow 19-157] Failed to copy file from 'c:/Users/81330/Desktop/FPGA/QSPI/QSPI.ip_user_files/ip/rgb2dvi_0/RGB2DVI_IP/src/DVI_Constants.vhd' to 'c:/Users/81330/Desktop/FPGA/QSPI/QSPI.srcs/sources_1/ip/rgb2dvi_0/src/DVI_Constants.vhd'.
CRITICAL WARNING: [IP_Flow 19-663] Failed to copy file 'c:/Users/81330/Desktop/FPGA/QSPI/QSPI.ip_user_files/ip/rgb2dvi_0/RGB2DVI_IP/src/OutputSERDES.vhd', it does not exist.
CRITICAL WARNING: [IP_Flow 19-157] Failed to copy file from 'c:/Users/81330/Desktop/FPGA/QSPI/QSPI.ip_user_files/ip/rgb2dvi_0/RGB2DVI_IP/src/OutputSERDES.vhd' to 'c:/Users/81330/Desktop/FPGA/QSPI/QSPI.srcs/sources_1/ip/rgb2dvi_0/src/OutputSERDES.vhd'.
CRITICAL WARNING: [IP_Flow 19-663] Failed to copy file 'c:/Users/81330/Desktop/FPGA/QSPI/QSPI.ip_user_files/ip/rgb2dvi_0/RGB2DVI_IP/src/TMDS_Encoder.vhd', it does not exist.
CRITICAL WARNING: [IP_Flow 19-157] Failed to copy file from 'c:/Users/81330/Desktop/FPGA/QSPI/QSPI.ip_user_files/ip/rgb2dvi_0/RGB2DVI_IP/src/TMDS_Encoder.vhd' to 'c:/Users/81330/Desktop/FPGA/QSPI/QSPI.srcs/sources_1/ip/rgb2dvi_0/src/TMDS_Encoder.vhd'.
CRITICAL WARNING: [IP_Flow 19-663] Failed to copy file 'c:/Users/81330/Desktop/FPGA/QSPI/QSPI.ip_user_files/ip/rgb2dvi_0/RGB2DVI_IP/src/rgb2dvi.vhd', it does not exist.
CRITICAL WARNING: [IP_Flow 19-157] Failed to copy file from 'c:/Users/81330/Desktop/FPGA/QSPI/QSPI.ip_user_files/ip/rgb2dvi_0/RGB2DVI_IP/src/rgb2dvi.vhd' to 'c:/Users/81330/Desktop/FPGA/QSPI/QSPI.srcs/sources_1/ip/rgb2dvi_0/src/rgb2dvi.vhd'.
ERROR: [IP_Flow 19-167] Failed to deliver one or more file(s).
ERROR: [IP_Flow 19-3505] IP Generation error: Failed to generate IP 'rgb2dvi_0'. Failed to generate 'VHDL Synthesis' outputs: 
ERROR: [IP_Flow 19-98] Generation of the IP CORE failed.
Failed to generate IP 'rgb2dvi_0'. Failed to generate 'VHDL Synthesis' outputs: 
generate_target all [get_files  C:/Users/81330/Desktop/FPGA/QSPI/QSPI.srcs/sources_1/ip/rgb2dvi_0/rgb2dvi_0.xci]
INFO: [IP_Flow 19-1686] Generating 'Synthesis' target for IP 'rgb2dvi_0'...
CRITICAL WARNING: [IP_Flow 19-663] Failed to copy file 'c:/Users/81330/Desktop/FPGA/QSPI/QSPI.ip_user_files/ip/rgb2dvi_0/RGB2DVI_IP/src/rgb2dvi.xdc', it does not exist.
CRITICAL WARNING: [IP_Flow 19-157] Failed to copy file from 'c:/Users/81330/Desktop/FPGA/QSPI/QSPI.ip_user_files/ip/rgb2dvi_0/RGB2DVI_IP/src/rgb2dvi.xdc' to 'c:/Users/81330/Desktop/FPGA/QSPI/QSPI.srcs/sources_1/ip/rgb2dvi_0/src/rgb2dvi.xdc'.
CRITICAL WARNING: [IP_Flow 19-663] Failed to copy file 'c:/Users/81330/Desktop/FPGA/QSPI/QSPI.ip_user_files/ip/rgb2dvi_0/RGB2DVI_IP/src/rgb2dvi_ooc.xdc', it does not exist.
CRITICAL WARNING: [IP_Flow 19-157] Failed to copy file from 'c:/Users/81330/Desktop/FPGA/QSPI/QSPI.ip_user_files/ip/rgb2dvi_0/RGB2DVI_IP/src/rgb2dvi_ooc.xdc' to 'c:/Users/81330/Desktop/FPGA/QSPI/QSPI.srcs/sources_1/ip/rgb2dvi_0/src/rgb2dvi_ooc.xdc'.
CRITICAL WARNING: [IP_Flow 19-663] Failed to copy file 'c:/Users/81330/Desktop/FPGA/QSPI/QSPI.ip_user_files/ip/rgb2dvi_0/RGB2DVI_IP/src/rgb2dvi_clocks.xdc', it does not exist.
CRITICAL WARNING: [IP_Flow 19-157] Failed to copy file from 'c:/Users/81330/Desktop/FPGA/QSPI/QSPI.ip_user_files/ip/rgb2dvi_0/RGB2DVI_IP/src/rgb2dvi_clocks.xdc' to 'c:/Users/81330/Desktop/FPGA/QSPI/QSPI.srcs/sources_1/ip/rgb2dvi_0/src/rgb2dvi_clocks.xdc'.
CRITICAL WARNING: [IP_Flow 19-663] Failed to copy file 'c:/Users/81330/Desktop/FPGA/QSPI/QSPI.ip_user_files/ip/rgb2dvi_0/RGB2DVI_IP/src/ClockGen.vhd', it does not exist.
CRITICAL WARNING: [IP_Flow 19-157] Failed to copy file from 'c:/Users/81330/Desktop/FPGA/QSPI/QSPI.ip_user_files/ip/rgb2dvi_0/RGB2DVI_IP/src/ClockGen.vhd' to 'c:/Users/81330/Desktop/FPGA/QSPI/QSPI.srcs/sources_1/ip/rgb2dvi_0/xil_defaultlib/src/ClockGen.vhd'.
CRITICAL WARNING: [IP_Flow 19-663] Failed to copy file 'c:/Users/81330/Desktop/FPGA/QSPI/QSPI.ip_user_files/ip/rgb2dvi_0/RGB2DVI_IP/src/SyncAsync.vhd', it does not exist.
CRITICAL WARNING: [IP_Flow 19-157] Failed to copy file from 'c:/Users/81330/Desktop/FPGA/QSPI/QSPI.ip_user_files/ip/rgb2dvi_0/RGB2DVI_IP/src/SyncAsync.vhd' to 'c:/Users/81330/Desktop/FPGA/QSPI/QSPI.srcs/sources_1/ip/rgb2dvi_0/xil_defaultlib/src/SyncAsync.vhd'.
CRITICAL WARNING: [IP_Flow 19-663] Failed to copy file 'c:/Users/81330/Desktop/FPGA/QSPI/QSPI.ip_user_files/ip/rgb2dvi_0/RGB2DVI_IP/src/SyncAsyncReset.vhd', it does not exist.
CRITICAL WARNING: [IP_Flow 19-157] Failed to copy file from 'c:/Users/81330/Desktop/FPGA/QSPI/QSPI.ip_user_files/ip/rgb2dvi_0/RGB2DVI_IP/src/SyncAsyncReset.vhd' to 'c:/Users/81330/Desktop/FPGA/QSPI/QSPI.srcs/sources_1/ip/rgb2dvi_0/xil_defaultlib/src/SyncAsyncReset.vhd'.
CRITICAL WARNING: [IP_Flow 19-663] Failed to copy file 'c:/Users/81330/Desktop/FPGA/QSPI/QSPI.ip_user_files/ip/rgb2dvi_0/RGB2DVI_IP/src/DVI_Constants.vhd', it does not exist.
CRITICAL WARNING: [IP_Flow 19-157] Failed to copy file from 'c:/Users/81330/Desktop/FPGA/QSPI/QSPI.ip_user_files/ip/rgb2dvi_0/RGB2DVI_IP/src/DVI_Constants.vhd' to 'c:/Users/81330/Desktop/FPGA/QSPI/QSPI.srcs/sources_1/ip/rgb2dvi_0/src/DVI_Constants.vhd'.
CRITICAL WARNING: [IP_Flow 19-663] Failed to copy file 'c:/Users/81330/Desktop/FPGA/QSPI/QSPI.ip_user_files/ip/rgb2dvi_0/RGB2DVI_IP/src/OutputSERDES.vhd', it does not exist.
CRITICAL WARNING: [IP_Flow 19-157] Failed to copy file from 'c:/Users/81330/Desktop/FPGA/QSPI/QSPI.ip_user_files/ip/rgb2dvi_0/RGB2DVI_IP/src/OutputSERDES.vhd' to 'c:/Users/81330/Desktop/FPGA/QSPI/QSPI.srcs/sources_1/ip/rgb2dvi_0/src/OutputSERDES.vhd'.
CRITICAL WARNING: [IP_Flow 19-663] Failed to copy file 'c:/Users/81330/Desktop/FPGA/QSPI/QSPI.ip_user_files/ip/rgb2dvi_0/RGB2DVI_IP/src/TMDS_Encoder.vhd', it does not exist.
CRITICAL WARNING: [IP_Flow 19-157] Failed to copy file from 'c:/Users/81330/Desktop/FPGA/QSPI/QSPI.ip_user_files/ip/rgb2dvi_0/RGB2DVI_IP/src/TMDS_Encoder.vhd' to 'c:/Users/81330/Desktop/FPGA/QSPI/QSPI.srcs/sources_1/ip/rgb2dvi_0/src/TMDS_Encoder.vhd'.
CRITICAL WARNING: [IP_Flow 19-663] Failed to copy file 'c:/Users/81330/Desktop/FPGA/QSPI/QSPI.ip_user_files/ip/rgb2dvi_0/RGB2DVI_IP/src/rgb2dvi.vhd', it does not exist.
CRITICAL WARNING: [IP_Flow 19-157] Failed to copy file from 'c:/Users/81330/Desktop/FPGA/QSPI/QSPI.ip_user_files/ip/rgb2dvi_0/RGB2DVI_IP/src/rgb2dvi.vhd' to 'c:/Users/81330/Desktop/FPGA/QSPI/QSPI.srcs/sources_1/ip/rgb2dvi_0/src/rgb2dvi.vhd'.
ERROR: [IP_Flow 19-167] Failed to deliver one or more file(s).
ERROR: [IP_Flow 19-3505] IP Generation error: Failed to generate IP 'rgb2dvi_0'. Failed to generate 'VHDL Synthesis' outputs: 
ERROR: [IP_Flow 19-98] Generation of the IP CORE failed.
Failed to generate IP 'rgb2dvi_0'. Failed to generate 'VHDL Synthesis' outputs: 
exit
INFO: [Common 17-206] Exiting Vivado at Sun Aug  2 12:53:40 2020...
